planner = TRRTkConfigDefault
metric = relevancy
scene = scene_ground_with_boxes
query = RANDOM_pose31
countdown = 2.001
acceptance = 1-t/T
run = 1
range, goal_bias, max_states_failed, temp_change_factor, min_temperature, init_temperature, frountier_threshold, frountierNodeRatio, k_constant, quality:
succeeding_restarts = 0
step = [ 0.5 0.05 5 0.1 0.0999995 1 0.075 0.1 0.025 ]

planner = TRRTkConfigDefault
metric = relevancy
scene = scene_ground_with_boxes
query = RANDOM_pose31
countdown = 2.001
acceptance = 1-t/T
run = 2
range, goal_bias, max_states_failed, temp_change_factor, min_temperature, init_temperature, frountier_threshold, frountierNodeRatio, k_constant, quality:
succeeding_restarts = 0
step = [ 0.5 0.05 5 0.1 0.0999995 1 0.075 0.1 0.025 ]

planner = TRRTkConfigDefault
metric = relevancy
scene = scene_ground_with_boxes
query = RANDOM_pose35
countdown = 2.001
acceptance = 1-t/T
run = 1
range, goal_bias, max_states_failed, temp_change_factor, min_temperature, init_temperature, frountier_threshold, frountierNodeRatio, k_constant, quality:
0, 0.05, 10, 2, 10e-10, 10e-6, 0, 0.1, 0, 0.0729193;
0, 0.05, 10, 0.9, 10e-10, 10e-6, 0.575, 0, 0, 0.1684;
succeeding_restarts = 2
step = [ 0.5 0.05 5 0.1 0.0999995 1 0.075 0.1 0.025 ]

planner = TRRTkConfigDefault
metric = relevancy
scene = scene_ground_with_boxes
query = RANDOM_pose35
countdown = 2.001
acceptance = 1-t/T
run = 2
range, goal_bias, max_states_failed, temp_change_factor, min_temperature, init_temperature, frountier_threshold, frountierNodeRatio, k_constant, quality:
succeeding_restarts = 0
step = [ 0.5 0.05 5 0.1 0.0999995 1 0.075 0.1 0.025 ]

planner = TRRTkConfigDefault
metric = relevancy
scene = scene_ground_with_boxes
query = RANDOM_pose36
countdown = 2.001
acceptance = 1-t/T
run = 1
range, goal_bias, max_states_failed, temp_change_factor, min_temperature, init_temperature, frountier_threshold, frountierNodeRatio, k_constant, quality:
succeeding_restarts = 0
step = [ 0.5 0.05 5 0.1 0.0999995 1 0.075 0.1 0.025 ]

planner = TRRTkConfigDefault
metric = relevancy
scene = scene_ground_with_boxes
query = RANDOM_pose36
countdown = 2.001
acceptance = 1-t/T
run = 2
range, goal_bias, max_states_failed, temp_change_factor, min_temperature, init_temperature, frountier_threshold, frountierNodeRatio, k_constant, quality:
succeeding_restarts = 0
step = [ 0.5 0.05 5 0.1 0.0999995 1 0.075 0.1 0.025 ]

planner = TRRTkConfigDefault
metric = relevancy
scene = scene_ground_with_boxes
query = RANDOM_pose37
countdown = 2.001
acceptance = 1-t/T
run = 1
range, goal_bias, max_states_failed, temp_change_factor, min_temperature, init_temperature, frountier_threshold, frountierNodeRatio, k_constant, quality:
succeeding_restarts = 0
step = [ 0.5 0.05 5 0.1 0.0999995 1 0.075 0.1 0.025 ]

planner = TRRTkConfigDefault
metric = relevancy
scene = scene_ground_with_boxes
query = RANDOM_pose37
countdown = 2.001
acceptance = 1-t/T
run = 2
range, goal_bias, max_states_failed, temp_change_factor, min_temperature, init_temperature, frountier_threshold, frountierNodeRatio, k_constant, quality:
0, 0.05, 10, 2, 10e-10, 10e-6, 0, 0.1, 0, 0.061866;
0.5, 0.1, 5, 0.9, 10e-10, 10e-6, 0.575, 0.2, 0.025, 0.0630241;
succeeding_restarts = 2
step = [ 0.5 0.05 5 0.1 0.0999995 1 0.075 0.1 0.025 ]

planner = TRRTkConfigDefault
metric = relevancy
scene = scene_ground_with_boxes
query = RANDOM_pose38
countdown = 2.001
acceptance = 1-t/T
run = 1
range, goal_bias, max_states_failed, temp_change_factor, min_temperature, init_temperature, frountier_threshold, frountierNodeRatio, k_constant, quality:
0, 0.05, 10, 2, 10e-10, 10e-6, 0, 0.1, 0, 0.0434914;
0.5, 0.1, 5, 0.9, 10e-10, 10e-6, 0.575, 0.1, 0.025, 0.0464799;
succeeding_restarts = 2
step = [ 0.5 0.05 5 0.1 0.0999995 1 0.075 0.1 0.025 ]

planner = TRRTkConfigDefault
metric = relevancy
scene = scene_ground_with_boxes
query = RANDOM_pose38
countdown = 2.001
acceptance = 1-t/T
run = 2
range, goal_bias, max_states_failed, temp_change_factor, min_temperature, init_temperature, frountier_threshold, frountierNodeRatio, k_constant, quality:
0, 0.05, 10, 2, 10e-10, 10e-6, 0, 0.1, 0, 0.0274387;
0, 0, 15, 2, 10e-10, 10e-6, 0, 0.1, 0.025, 0.0447109;
succeeding_restarts = 2
step = [ 0.5 0.05 5 0.1 0.0999995 1 0.075 0.1 0.025 ]

planner = TRRTkConfigDefault
metric = relevancy
scene = scene_ground_with_boxes
query = RANDOM_pose42
countdown = 2.001
acceptance = 1-t/T
run = 1
range, goal_bias, max_states_failed, temp_change_factor, min_temperature, init_temperature, frountier_threshold, frountierNodeRatio, k_constant, quality:
succeeding_restarts = 0
step = [ 0.5 0.05 5 0.1 0.0999995 1 0.075 0.1 0.025 ]

planner = TRRTkConfigDefault
metric = relevancy
scene = scene_ground_with_boxes
query = RANDOM_pose42
countdown = 2.001
acceptance = 1-t/T
run = 2
range, goal_bias, max_states_failed, temp_change_factor, min_temperature, init_temperature, frountier_threshold, frountierNodeRatio, k_constant, quality:
0, 0.05, 10, 2, 10e-10, 10e-6, 0, 0.1, 0, 0.120105;
succeeding_restarts = 1
step = [ 0.5 0.05 5 0.1 0.0999995 1 0.075 0.1 0.025 ]

planner = TRRTkConfigDefault
metric = relevancy
scene = scene_ground_with_boxes
query = RANDOM_pose8
countdown = 2.001
acceptance = 1-t/T
run = 1
range, goal_bias, max_states_failed, temp_change_factor, min_temperature, init_temperature, frountier_threshold, frountierNodeRatio, k_constant, quality:
succeeding_restarts = 0
step = [ 0.5 0.05 5 0.1 0.0999995 1 0.075 0.1 0.025 ]

planner = TRRTkConfigDefault
metric = relevancy
scene = scene_ground_with_boxes
query = RANDOM_pose8
countdown = 2.001
acceptance = 1-t/T
run = 2
range, goal_bias, max_states_failed, temp_change_factor, min_temperature, init_temperature, frountier_threshold, frountierNodeRatio, k_constant, quality:
succeeding_restarts = 0
step = [ 0.5 0.05 5 0.1 0.0999995 1 0.075 0.1 0.025 ]

planner = TRRTkConfigDefault
metric = relevancy
scene = scene_ground_with_boxes
query = RANDOM_pose10
countdown = 2.001
acceptance = 1-t/T
run = 1
range, goal_bias, max_states_failed, temp_change_factor, min_temperature, init_temperature, frountier_threshold, frountierNodeRatio, k_constant, quality:
succeeding_restarts = 0
step = [ 0.5 0.05 5 0.1 0.0999995 1 0.075 0.1 0.025 ]

planner = TRRTkConfigDefault
metric = relevancy
scene = scene_ground_with_boxes
query = RANDOM_pose10
countdown = 2.001
acceptance = 1-t/T
run = 2
range, goal_bias, max_states_failed, temp_change_factor, min_temperature, init_temperature, frountier_threshold, frountierNodeRatio, k_constant, quality:
succeeding_restarts = 0
step = [ 0.5 0.05 5 0.1 0.0999995 1 0.075 0.1 0.025 ]

planner = TRRTkConfigDefault
metric = relevancy
scene = scene_ground_with_boxes
query = RANDOM_pose15
countdown = 2.001
acceptance = 1-t/T
run = 1
range, goal_bias, max_states_failed, temp_change_factor, min_temperature, init_temperature, frountier_threshold, frountierNodeRatio, k_constant, quality:
0, 0.05, 10, 2, 10e-10, 10e-6, 0, 0.1, 0, 0.0642665;
0.5, 0.05, 10, 2, 10e-10, 10e-6, 0, 0.1, 0.025, 0.0969392;
succeeding_restarts = 2
step = [ 0.5 0.05 5 0.1 0.0999995 1 0.075 0.1 0.025 ]

planner = TRRTkConfigDefault
metric = relevancy
scene = scene_ground_with_boxes
query = RANDOM_pose15
countdown = 2.001
acceptance = 1-t/T
run = 2
range, goal_bias, max_states_failed, temp_change_factor, min_temperature, init_temperature, frountier_threshold, frountierNodeRatio, k_constant, quality:
succeeding_restarts = 0
step = [ 0.5 0.05 5 0.1 0.0999995 1 0.075 0.1 0.025 ]

planner = TRRTkConfigDefault
metric = relevancy
scene = scene_ground_with_boxes
query = RANDOM_pose16
countdown = 2.001
acceptance = 1-t/T
run = 1
range, goal_bias, max_states_failed, temp_change_factor, min_temperature, init_temperature, frountier_threshold, frountierNodeRatio, k_constant, quality:
0, 0.05, 10, 2, 10e-10, 10e-6, 0, 0.1, 0, 0.153027;
0.5, 0, 15, 2, 10e-10, 10e-6, 0.575, 0, 0.025, 0.138468;
1, 0.05, 20, 0.9, 10e-10, 10e-6, 0.575, 0, 0.025, 0.168057;
0.5, 0.05, 20, 0.8, 10e-10, 10e-6, 0.5, 0, 0.05, 0.142814;
succeeding_restarts = 4
step = [ 0.5 0.05 5 0.1 0.0999995 1 0.075 0.1 0.025 ]

planner = TRRTkConfigDefault
metric = relevancy
scene = scene_ground_with_boxes
query = RANDOM_pose16
countdown = 2.001
acceptance = 1-t/T
run = 2
range, goal_bias, max_states_failed, temp_change_factor, min_temperature, init_temperature, frountier_threshold, frountierNodeRatio, k_constant, quality:
0, 0.05, 10, 2, 10e-10, 10e-6, 0, 0.1, 0, 0.0691876;
0.5, 0.1, 15, 0.9, 10e-10, 10e-6, 0.575, 0.2, 0.025, 0.124956;
succeeding_restarts = 2
step = [ 0.5 0.05 5 0.1 0.0999995 1 0.075 0.1 0.025 ]

planner = TRRTkConfigDefault
metric = relevancy
scene = scene_ground_with_boxes
query = RANDOM_pose17
countdown = 2.001
acceptance = 1-t/T
run = 1
range, goal_bias, max_states_failed, temp_change_factor, min_temperature, init_temperature, frountier_threshold, frountierNodeRatio, k_constant, quality:
0, 0.05, 10, 2, 10e-10, 10e-6, 0, 0.1, 0, 0.117433;
0.5, 0, 5, 0.9, 10e-10, 10e-6, 0.575, 0.2, 0.025, 0.145833;
0.5, 0.05, 5, 0.9, 10e-10, 10e-6, 0.575, 0.2, 0.025, 0.10204;
succeeding_restarts = 3
step = [ 0.5 0.05 5 0.1 0.0999995 1 0.075 0.1 0.025 ]

planner = TRRTkConfigDefault
metric = relevancy
scene = scene_ground_with_boxes
query = RANDOM_pose17
countdown = 2.001
acceptance = 1-t/T
run = 2
range, goal_bias, max_states_failed, temp_change_factor, min_temperature, init_temperature, frountier_threshold, frountierNodeRatio, k_constant, quality:
0, 0.05, 10, 2, 10e-10, 10e-6, 0, 0.1, 0, 0.0732957;
0, 0.05, 10, 0.9, 10e-10, 10e-6, 0.575, 0.1, 0, 0.13667;
0, 0.05, 10, 0.9, 10e-10, 10e-6, 0.575, 0.1, 0, 0.165024;
succeeding_restarts = 3
step = [ 0.5 0.05 5 0.1 0.0999995 1 0.075 0.1 0.025 ]

planner = TRRTkConfigDefault
metric = relevancy
scene = scene_ground_with_boxes
query = RANDOM_pose18
countdown = 2.001
acceptance = 1-t/T
run = 1
range, goal_bias, max_states_failed, temp_change_factor, min_temperature, init_temperature, frountier_threshold, frountierNodeRatio, k_constant, quality:
succeeding_restarts = 0
step = [ 0.5 0.05 5 0.1 0.0999995 1 0.075 0.1 0.025 ]

planner = TRRTkConfigDefault
metric = relevancy
scene = scene_ground_with_boxes
query = RANDOM_pose18
countdown = 2.001
acceptance = 1-t/T
run = 2
range, goal_bias, max_states_failed, temp_change_factor, min_temperature, init_temperature, frountier_threshold, frountierNodeRatio, k_constant, quality:
succeeding_restarts = 0
step = [ 0.5 0.05 5 0.1 0.0999995 1 0.075 0.1 0.025 ]

planner = TRRTkConfigDefault
metric = relevancy
scene = scene_ground_with_boxes
query = RANDOM_pose21
countdown = 2.001
acceptance = 1-t/T
run = 1
range, goal_bias, max_states_failed, temp_change_factor, min_temperature, init_temperature, frountier_threshold, frountierNodeRatio, k_constant, quality:
succeeding_restarts = 0
step = [ 0.5 0.05 5 0.1 0.0999995 1 0.075 0.1 0.025 ]

planner = TRRTkConfigDefault
metric = relevancy
scene = scene_ground_with_boxes
query = RANDOM_pose21
countdown = 2.001
acceptance = 1-t/T
run = 2
range, goal_bias, max_states_failed, temp_change_factor, min_temperature, init_temperature, frountier_threshold, frountierNodeRatio, k_constant, quality:
succeeding_restarts = 0
step = [ 0.5 0.05 5 0.1 0.0999995 1 0.075 0.1 0.025 ]

planner = TRRTkConfigDefault
metric = relevancy
scene = scene_ground_with_boxes
query = RANDOM_pose24
countdown = 2.001
acceptance = 1-t/T
run = 1
range, goal_bias, max_states_failed, temp_change_factor, min_temperature, init_temperature, frountier_threshold, frountierNodeRatio, k_constant, quality:
succeeding_restarts = 0
step = [ 0.5 0.05 5 0.1 0.0999995 1 0.075 0.1 0.025 ]

planner = TRRTkConfigDefault
metric = relevancy
scene = scene_ground_with_boxes
query = RANDOM_pose24
countdown = 2.001
acceptance = 1-t/T
run = 2
range, goal_bias, max_states_failed, temp_change_factor, min_temperature, init_temperature, frountier_threshold, frountierNodeRatio, k_constant, quality:
0, 0.05, 10, 2, 10e-10, 10e-6, 0, 0.1, 0, 0.323205;
succeeding_restarts = 1
step = [ 0.5 0.05 5 0.1 0.0999995 1 0.075 0.1 0.025 ]

planner = TRRTkConfigDefault
metric = relevancy
scene = scene_ground_with_boxes
query = RANDOM_pose25
countdown = 2.001
acceptance = 1-t/T
run = 1
range, goal_bias, max_states_failed, temp_change_factor, min_temperature, init_temperature, frountier_threshold, frountierNodeRatio, k_constant, quality:
succeeding_restarts = 0
step = [ 0.5 0.05 5 0.1 0.0999995 1 0.075 0.1 0.025 ]

planner = TRRTkConfigDefault
metric = relevancy
scene = scene_ground_with_boxes
query = RANDOM_pose25
countdown = 2.001
acceptance = 1-t/T
run = 2
range, goal_bias, max_states_failed, temp_change_factor, min_temperature, init_temperature, frountier_threshold, frountierNodeRatio, k_constant, quality:
succeeding_restarts = 0
step = [ 0.5 0.05 5 0.1 0.0999995 1 0.075 0.1 0.025 ]

planner = TRRTkConfigDefault
metric = relevancy
scene = scene_ground_with_boxes
query = RANDOM_pose26
countdown = 2.001
acceptance = 1-t/T
run = 1
range, goal_bias, max_states_failed, temp_change_factor, min_temperature, init_temperature, frountier_threshold, frountierNodeRatio, k_constant, quality:
succeeding_restarts = 0
step = [ 0.5 0.05 5 0.1 0.0999995 1 0.075 0.1 0.025 ]

planner = TRRTkConfigDefault
metric = relevancy
scene = scene_ground_with_boxes
query = RANDOM_pose26
countdown = 2.001
acceptance = 1-t/T
run = 2
range, goal_bias, max_states_failed, temp_change_factor, min_temperature, init_temperature, frountier_threshold, frountierNodeRatio, k_constant, quality:
succeeding_restarts = 0
step = [ 0.5 0.05 5 0.1 0.0999995 1 0.075 0.1 0.025 ]

planner = TRRTkConfigDefault
metric = relevancy
scene = scene_ground_with_boxes
query = RANDOM_pose27
countdown = 2.001
acceptance = 1-t/T
run = 1
range, goal_bias, max_states_failed, temp_change_factor, min_temperature, init_temperature, frountier_threshold, frountierNodeRatio, k_constant, quality:
0, 0.05, 10, 2, 10e-10, 10e-6, 0, 0.1, 0, 0.0670709;
0.5, 0.1, 5, 0.9, 10e-10, 10e-6, 0, 0.2, 0.025, 0.0937089;
0.5, 0.1, 5, 0.9, 10e-10, 10e-6, 0.575, 0.3, 0.025, 0.102384;
0.5, 0.05, 10, 0.9, 10e-10, 10e-6, 0.575, 0.2, 0.05, 0.0854318;
1, 0.05, 10, 0.9, 10e-10, 10e-6, 0.5, 0.2, 0.05, 0.0884049;
0.5, 0.1, 5, 1, 10e-10, 10e-6, 0.575, 0.3, 0.025, 0.0999796;
0, 0.15, 0, 0.9, 10e-10, 10e-6, 0.5, 0.4, 0, 0.165971;
0, 0.1, 0, 0.9, 10e-10, 10e-6, 0.575, 0.3, 0, 0.116785;
0.5, 0.1, 5, 0.9, 10e-10, 10e-6, 0.65, 0.4, 0.025, 0.14693;
succeeding_restarts = 9
step = [ 0.5 0.05 5 0.1 0.0999995 1 0.075 0.1 0.025 ]

planner = TRRTkConfigDefault
metric = relevancy
scene = scene_ground_with_boxes
query = RANDOM_pose27
countdown = 2.001
acceptance = 1-t/T
run = 2
range, goal_bias, max_states_failed, temp_change_factor, min_temperature, init_temperature, frountier_threshold, frountierNodeRatio, k_constant, quality:
0, 0.05, 10, 2, 10e-10, 10e-6, 0, 0.1, 0, 0.106247;
0, 0.05, 10, 2, 10e-10, 10e-6, 0.575, 0.1, 0, 0.119864;
0, 0.05, 10, 2, 10e-10, 10e-6, 0.575, 0.1, 0, 0.0834608;
0.5, 0.1, 15, 2, 10e-10, 10e-6, 0.5, 0.2, 0.025, 0.10402;
0.5, 0.1, 20, 0.9, 10e-10, 10e-6, 0.575, 0.2, 0, 0.143263;
0.5, 0.1, 20, 0.8, 10e-10, 10e-6, 0.575, 0.1, 0, 0.132428;
1, 0.15, 25, 0.9, 10e-10, 10e-6, 0.65, 0.1, 0.025, 0.106317;
0.5, 0.2, 25, 0.9, 10e-10, 10e-6, 0.725, 0.1, 0.025, 0.088067;
0.5, 0.2, 20, 0.8, 10e-10, 10e-6, 0.8, 0, 0.05, 0.0939258;
0, 0.2, 20, 0.8, 10e-10, 10e-6, 0.8, 0.10001, 0.075, 0.108206;
0.5, 0.2, 15, 0.7, 10e-10, 10e-6, 0.8, 1e-05, 0.075, 0.125221;
0.5, 0.15, 15, 0.7, 10e-10, 10e-6, 0.8, 0.10001, 0.075, 0.152674;
0, 0.15, 10, 0.7, 10e-10, 10e-6, 0.725, 0.20001, 0.075, 0.104459;
0, 0.1, 5, 0.8, 10e-10, 10e-6, 0.65, 0.10001, 0.1, 0.167253;
0.5, 0.1, 5, 0.8, 10e-10, 10e-6, 0.65, 0.10001, 0.1, 0.104602;
1, 0.15, 5, 0.8, 10e-10, 10e-6, 0.65, 0.20001, 0.1, 0.079229;
1, 0.15, 10, 0.9, 10e-10, 10e-6, 0.725, 0.20001, 0.1, 0.0940403;
succeeding_restarts = 17
step = [ 0.5 0.05 5 0.1 0.0999995 1 0.075 0.1 0.025 ]

planner = TRRTkConfigDefault
metric = relevancy
scene = scene_ground_with_boxes
query = RANDOM_pose28
countdown = 2.001
acceptance = 1-t/T
run = 1
range, goal_bias, max_states_failed, temp_change_factor, min_temperature, init_temperature, frountier_threshold, frountierNodeRatio, k_constant, quality:
succeeding_restarts = 0
step = [ 0.5 0.05 5 0.1 0.0999995 1 0.075 0.1 0.025 ]

planner = TRRTkConfigDefault
metric = relevancy
scene = scene_ground_with_boxes
query = RANDOM_pose28
countdown = 2.001
acceptance = 1-t/T
run = 2
range, goal_bias, max_states_failed, temp_change_factor, min_temperature, init_temperature, frountier_threshold, frountierNodeRatio, k_constant, quality:
succeeding_restarts = 0
step = [ 0.5 0.05 5 0.1 0.0999995 1 0.075 0.1 0.025 ]

planner = TRRTkConfigDefault
metric = relevancy
scene = scene_ground_with_boxes
query = RANDOM_pose32
countdown = 2.001
acceptance = 1-t/T
run = 1
range, goal_bias, max_states_failed, temp_change_factor, min_temperature, init_temperature, frountier_threshold, frountierNodeRatio, k_constant, quality:
succeeding_restarts = 0
step = [ 0.5 0.05 5 0.1 0.0999995 1 0.075 0.1 0.025 ]

planner = TRRTkConfigDefault
metric = relevancy
scene = scene_ground_with_boxes
query = RANDOM_pose32
countdown = 2.001
acceptance = 1-t/T
run = 2
range, goal_bias, max_states_failed, temp_change_factor, min_temperature, init_temperature, frountier_threshold, frountierNodeRatio, k_constant, quality:
succeeding_restarts = 0
step = [ 0.5 0.05 5 0.1 0.0999995 1 0.075 0.1 0.025 ]

planner = TRRTkConfigDefault
metric = relevancy
scene = scene_ground_with_boxes
query = RANDOM_pose33
countdown = 2.001
acceptance = 1-t/T
run = 1
range, goal_bias, max_states_failed, temp_change_factor, min_temperature, init_temperature, frountier_threshold, frountierNodeRatio, k_constant, quality:
0, 0.05, 10, 2, 10e-10, 10e-6, 0, 0.1, 0, 0.0915325;
0.5, 0, 10, 2, 10e-10, 10e-6, 0, 0.1, 0, 0.083886;
0, 0.05, 15, 2, 10e-10, 10e-6, 0.575, 0.1, 0.025, 0.0720706;
0.5, 0, 10, 0.9, 10e-10, 10e-6, 0.5, 0.1, 0, 0.0498793;
1, 0.05, 5, 1, 10e-10, 10e-6, 0.575, 0.2, 0.025, 0.0489394;
1.5, 0.05, 5, 0.9, 10e-10, 10e-6, 0.575, 0.2, 0.025, 0.0773548;
1.5, 0.05, 5, 0.8, 10e-10, 10e-6, 0.575, 0.3, 0.025, 0.0717458;
1.5, 0.05, 5, 0.7, 10e-10, 10e-6, 0.575, 0.3, 0.025, 0.100708;
succeeding_restarts = 8
step = [ 0.5 0.05 5 0.1 0.0999995 1 0.075 0.1 0.025 ]

planner = TRRTkConfigDefault
metric = relevancy
scene = scene_ground_with_boxes
query = RANDOM_pose33
countdown = 2.001
acceptance = 1-t/T
run = 2
range, goal_bias, max_states_failed, temp_change_factor, min_temperature, init_temperature, frountier_threshold, frountierNodeRatio, k_constant, quality:
0, 0.05, 10, 2, 10e-10, 10e-6, 0, 0.1, 0, 0.0709605;
0.5, 0.1, 5, 0.9, 10e-10, 10e-6, 0.575, 0, 0.025, 0.0778589;
1, 0.1, 5, 0.9, 10e-10, 10e-6, 0.65, 0, 0.025, 0.0590413;
succeeding_restarts = 3
step = [ 0.5 0.05 5 0.1 0.0999995 1 0.075 0.1 0.025 ]

planner = TRRTkConfigDefault
metric = relevancy
scene = scene_ground_with_boxes
query = RANDOM_pose34
countdown = 2.001
acceptance = 1-t/T
run = 1
range, goal_bias, max_states_failed, temp_change_factor, min_temperature, init_temperature, frountier_threshold, frountierNodeRatio, k_constant, quality:
succeeding_restarts = 0
step = [ 0.5 0.05 5 0.1 0.0999995 1 0.075 0.1 0.025 ]

planner = TRRTkConfigDefault
metric = relevancy
scene = scene_ground_with_boxes
query = RANDOM_pose34
countdown = 2.001
acceptance = 1-t/T
run = 2
range, goal_bias, max_states_failed, temp_change_factor, min_temperature, init_temperature, frountier_threshold, frountierNodeRatio, k_constant, quality:
succeeding_restarts = 0
step = [ 0.5 0.05 5 0.1 0.0999995 1 0.075 0.1 0.025 ]

planner = TRRTkConfigDefault
metric = relevancy
scene = scene_ground_with_boxes
query = RANDOM_pose39
countdown = 2.001
acceptance = 1-t/T
run = 1
range, goal_bias, max_states_failed, temp_change_factor, min_temperature, init_temperature, frountier_threshold, frountierNodeRatio, k_constant, quality:
succeeding_restarts = 0
step = [ 0.5 0.05 5 0.1 0.0999995 1 0.075 0.1 0.025 ]

planner = TRRTkConfigDefault
metric = relevancy
scene = scene_ground_with_boxes
query = RANDOM_pose39
countdown = 2.001
acceptance = 1-t/T
run = 2
range, goal_bias, max_states_failed, temp_change_factor, min_temperature, init_temperature, frountier_threshold, frountierNodeRatio, k_constant, quality:
succeeding_restarts = 0
step = [ 0.5 0.05 5 0.1 0.0999995 1 0.075 0.1 0.025 ]

planner = TRRTkConfigDefault
metric = relevancy
scene = scene_ground_with_boxes
query = RANDOM_pose40
countdown = 2.001
acceptance = 1-t/T
run = 1
range, goal_bias, max_states_failed, temp_change_factor, min_temperature, init_temperature, frountier_threshold, frountierNodeRatio, k_constant, quality:
succeeding_restarts = 0
step = [ 0.5 0.05 5 0.1 0.0999995 1 0.075 0.1 0.025 ]

planner = TRRTkConfigDefault
metric = relevancy
scene = scene_ground_with_boxes
query = RANDOM_pose40
countdown = 2.001
acceptance = 1-t/T
run = 2
range, goal_bias, max_states_failed, temp_change_factor, min_temperature, init_temperature, frountier_threshold, frountierNodeRatio, k_constant, quality:
succeeding_restarts = 0
step = [ 0.5 0.05 5 0.1 0.0999995 1 0.075 0.1 0.025 ]

planner = TRRTkConfigDefault
metric = relevancy
scene = scene_ground_with_boxes
query = RANDOM_pose41
countdown = 2.001
acceptance = 1-t/T
run = 1
range, goal_bias, max_states_failed, temp_change_factor, min_temperature, init_temperature, frountier_threshold, frountierNodeRatio, k_constant, quality:
0, 0.05, 10, 2, 10e-10, 10e-6, 0, 0.1, 0, 0.163665;
0, 0, 10, 0.9, 10e-10, 10e-6, 0, 0.1, 0.025, 0.122218;
0, 0, 15, 0.9, 10e-10, 10e-6, 0, 0.1, 0.025, 0.161019;
succeeding_restarts = 3
step = [ 0.5 0.05 5 0.1 0.0999995 1 0.075 0.1 0.025 ]

planner = TRRTkConfigDefault
metric = relevancy
scene = scene_ground_with_boxes
query = RANDOM_pose41
countdown = 2.001
acceptance = 1-t/T
run = 2
range, goal_bias, max_states_failed, temp_change_factor, min_temperature, init_temperature, frountier_threshold, frountierNodeRatio, k_constant, quality:
0, 0.05, 10, 2, 10e-10, 10e-6, 0, 0.1, 0, 0.133584;
0, 0, 5, 0.9, 10e-10, 10e-6, 0.575, 0.1, 0, 0.144765;
0, 0.05, 5, 1, 10e-10, 10e-6, 0.65, 0.1, 0, 0.0702955;
0, 0.05, 0, 1, 10e-10, 10e-6, 0.65, 0.1, 0, 0.163255;
0.5, 0.05, 5, 1, 10e-10, 10e-6, 0.65, 0, 0.025, 0.186589;
succeeding_restarts = 5
step = [ 0.5 0.05 5 0.1 0.0999995 1 0.075 0.1 0.025 ]

planner = TRRTkConfigDefault
metric = relevancy
scene = scene_ground_with_boxes
query = RANDOM_pose43
countdown = 2.001
acceptance = 1-t/T
run = 1
range, goal_bias, max_states_failed, temp_change_factor, min_temperature, init_temperature, frountier_threshold, frountierNodeRatio, k_constant, quality:
succeeding_restarts = 0
step = [ 0.5 0.05 5 0.1 0.0999995 1 0.075 0.1 0.025 ]

planner = TRRTkConfigDefault
metric = relevancy
scene = scene_ground_with_boxes
query = RANDOM_pose43
countdown = 2.001
acceptance = 1-t/T
run = 2
range, goal_bias, max_states_failed, temp_change_factor, min_temperature, init_temperature, frountier_threshold, frountierNodeRatio, k_constant, quality:
succeeding_restarts = 0
step = [ 0.5 0.05 5 0.1 0.0999995 1 0.075 0.1 0.025 ]

planner = TRRTkConfigDefault
metric = relevancy
scene = scene_ground_with_boxes
query = RANDOM_pose44
countdown = 2.001
acceptance = 1-t/T
run = 1
range, goal_bias, max_states_failed, temp_change_factor, min_temperature, init_temperature, frountier_threshold, frountierNodeRatio, k_constant, quality:
succeeding_restarts = 0
step = [ 0.5 0.05 5 0.1 0.0999995 1 0.075 0.1 0.025 ]

planner = TRRTkConfigDefault
metric = relevancy
scene = scene_ground_with_boxes
query = RANDOM_pose44
countdown = 2.001
acceptance = 1-t/T
run = 2
range, goal_bias, max_states_failed, temp_change_factor, min_temperature, init_temperature, frountier_threshold, frountierNodeRatio, k_constant, quality:
succeeding_restarts = 0
step = [ 0.5 0.05 5 0.1 0.0999995 1 0.075 0.1 0.025 ]

planner = TRRTkConfigDefault
metric = relevancy
scene = scene_ground_with_boxes
query = RANDOM_pose45
countdown = 2.001
acceptance = 1-t/T
run = 1
range, goal_bias, max_states_failed, temp_change_factor, min_temperature, init_temperature, frountier_threshold, frountierNodeRatio, k_constant, quality:
succeeding_restarts = 0
step = [ 0.5 0.05 5 0.1 0.0999995 1 0.075 0.1 0.025 ]

planner = TRRTkConfigDefault
metric = relevancy
scene = scene_ground_with_boxes
query = RANDOM_pose45
countdown = 2.001
acceptance = 1-t/T
run = 2
range, goal_bias, max_states_failed, temp_change_factor, min_temperature, init_temperature, frountier_threshold, frountierNodeRatio, k_constant, quality:
succeeding_restarts = 0
step = [ 0.5 0.05 5 0.1 0.0999995 1 0.075 0.1 0.025 ]

planner = TRRTkConfigDefault
metric = relevancy
scene = scene_ground_with_boxes
query = RANDOM_pose46
countdown = 2.001
acceptance = 1-t/T
run = 1
range, goal_bias, max_states_failed, temp_change_factor, min_temperature, init_temperature, frountier_threshold, frountierNodeRatio, k_constant, quality:
0, 0.05, 10, 2, 10e-10, 10e-6, 0, 0.1, 0, 0.0590725;
succeeding_restarts = 1
step = [ 0.5 0.05 5 0.1 0.0999995 1 0.075 0.1 0.025 ]

planner = TRRTkConfigDefault
metric = relevancy
scene = scene_ground_with_boxes
query = RANDOM_pose46
countdown = 2.001
acceptance = 1-t/T
run = 2
range, goal_bias, max_states_failed, temp_change_factor, min_temperature, init_temperature, frountier_threshold, frountierNodeRatio, k_constant, quality:
succeeding_restarts = 0
step = [ 0.5 0.05 5 0.1 0.0999995 1 0.075 0.1 0.025 ]

planner = TRRTkConfigDefault
metric = relevancy
scene = scene_ground_with_boxes
query = RANDOM_pose47
countdown = 2.001
acceptance = 1-t/T
run = 1
range, goal_bias, max_states_failed, temp_change_factor, min_temperature, init_temperature, frountier_threshold, frountierNodeRatio, k_constant, quality:
0, 0.05, 10, 2, 10e-10, 10e-6, 0, 0.1, 0, 0.0364406;
succeeding_restarts = 1
step = [ 0.5 0.05 5 0.1 0.0999995 1 0.075 0.1 0.025 ]

planner = TRRTkConfigDefault
metric = relevancy
scene = scene_ground_with_boxes
query = RANDOM_pose47
countdown = 2.001
acceptance = 1-t/T
run = 2
range, goal_bias, max_states_failed, temp_change_factor, min_temperature, init_temperature, frountier_threshold, frountierNodeRatio, k_constant, quality:
succeeding_restarts = 0
step = [ 0.5 0.05 5 0.1 0.0999995 1 0.075 0.1 0.025 ]

planner = TRRTkConfigDefault
metric = relevancy
scene = scene_ground_with_boxes
query = RANDOM_pose48
countdown = 2.001
acceptance = 1-t/T
run = 1
range, goal_bias, max_states_failed, temp_change_factor, min_temperature, init_temperature, frountier_threshold, frountierNodeRatio, k_constant, quality:
succeeding_restarts = 0
step = [ 0.5 0.05 5 0.1 0.0999995 1 0.075 0.1 0.025 ]

planner = TRRTkConfigDefault
metric = relevancy
scene = scene_ground_with_boxes
query = RANDOM_pose48
countdown = 2.001
acceptance = 1-t/T
run = 2
range, goal_bias, max_states_failed, temp_change_factor, min_temperature, init_temperature, frountier_threshold, frountierNodeRatio, k_constant, quality:
succeeding_restarts = 0
step = [ 0.5 0.05 5 0.1 0.0999995 1 0.075 0.1 0.025 ]

planner = TRRTkConfigDefault
metric = relevancy
scene = scene_ground_with_boxes
query = RANDOM_pose49
countdown = 2.001
acceptance = 1-t/T
run = 1
range, goal_bias, max_states_failed, temp_change_factor, min_temperature, init_temperature, frountier_threshold, frountierNodeRatio, k_constant, quality:
succeeding_restarts = 0
step = [ 0.5 0.05 5 0.1 0.0999995 1 0.075 0.1 0.025 ]

planner = TRRTkConfigDefault
metric = relevancy
scene = scene_ground_with_boxes
query = RANDOM_pose49
countdown = 2.001
acceptance = 1-t/T
run = 2
range, goal_bias, max_states_failed, temp_change_factor, min_temperature, init_temperature, frountier_threshold, frountierNodeRatio, k_constant, quality:
succeeding_restarts = 0
step = [ 0.5 0.05 5 0.1 0.0999995 1 0.075 0.1 0.025 ]

planner = TRRTkConfigDefault
metric = relevancy
scene = scene_ground_with_boxes
query = RANDOM_pose0
countdown = 2.001
acceptance = 1-t/T
run = 1
range, goal_bias, max_states_failed, temp_change_factor, min_temperature, init_temperature, frountier_threshold, frountierNodeRatio, k_constant, quality:
succeeding_restarts = 0
step = [ 0.5 0.05 5 0.1 0.0999995 1 0.075 0.1 0.025 ]

planner = TRRTkConfigDefault
metric = relevancy
scene = scene_ground_with_boxes
query = RANDOM_pose0
countdown = 2.001
acceptance = 1-t/T
run = 2
range, goal_bias, max_states_failed, temp_change_factor, min_temperature, init_temperature, frountier_threshold, frountierNodeRatio, k_constant, quality:
succeeding_restarts = 0
step = [ 0.5 0.05 5 0.1 0.0999995 1 0.075 0.1 0.025 ]

planner = TRRTkConfigDefault
metric = relevancy
scene = scene_ground_with_boxes
query = RANDOM_pose1
countdown = 2.001
acceptance = 1-t/T
run = 1
range, goal_bias, max_states_failed, temp_change_factor, min_temperature, init_temperature, frountier_threshold, frountierNodeRatio, k_constant, quality:
0, 0.05, 10, 2, 10e-10, 10e-6, 0, 0.1, 0, 0.126867;
succeeding_restarts = 1
step = [ 0.5 0.05 5 0.1 0.0999995 1 0.075 0.1 0.025 ]

planner = TRRTkConfigDefault
metric = relevancy
scene = scene_ground_with_boxes
query = RANDOM_pose1
countdown = 2.001
acceptance = 1-t/T
run = 2
range, goal_bias, max_states_failed, temp_change_factor, min_temperature, init_temperature, frountier_threshold, frountierNodeRatio, k_constant, quality:
0, 0.05, 10, 2, 10e-10, 10e-6, 0, 0.1, 0, 0.0583559;
0.5, 0, 15, 2, 10e-10, 10e-6, 0.575, 0, 0.025, 0.10084;
1, 0.05, 10, 0.9, 10e-10, 10e-6, 0.5, 0.10001, 0.05, 0.141391;
succeeding_restarts = 3
step = [ 0.5 0.05 5 0.1 0.0999995 1 0.075 0.1 0.025 ]

planner = TRRTkConfigDefault
metric = relevancy
scene = scene_ground_with_boxes
query = RANDOM_pose2
countdown = 2.001
acceptance = 1-t/T
run = 1
range, goal_bias, max_states_failed, temp_change_factor, min_temperature, init_temperature, frountier_threshold, frountierNodeRatio, k_constant, quality:
succeeding_restarts = 0
step = [ 0.5 0.05 5 0.1 0.0999995 1 0.075 0.1 0.025 ]

planner = TRRTkConfigDefault
metric = relevancy
scene = scene_ground_with_boxes
query = RANDOM_pose2
countdown = 2.001
acceptance = 1-t/T
run = 2
range, goal_bias, max_states_failed, temp_change_factor, min_temperature, init_temperature, frountier_threshold, frountierNodeRatio, k_constant, quality:
succeeding_restarts = 0
step = [ 0.5 0.05 5 0.1 0.0999995 1 0.075 0.1 0.025 ]

planner = TRRTkConfigDefault
metric = relevancy
scene = scene_ground_with_boxes
query = RANDOM_pose3
countdown = 2.001
acceptance = 1-t/T
run = 1
range, goal_bias, max_states_failed, temp_change_factor, min_temperature, init_temperature, frountier_threshold, frountierNodeRatio, k_constant, quality:
succeeding_restarts = 0
step = [ 0.5 0.05 5 0.1 0.0999995 1 0.075 0.1 0.025 ]

planner = TRRTkConfigDefault
metric = relevancy
scene = scene_ground_with_boxes
query = RANDOM_pose3
countdown = 2.001
acceptance = 1-t/T
run = 2
range, goal_bias, max_states_failed, temp_change_factor, min_temperature, init_temperature, frountier_threshold, frountierNodeRatio, k_constant, quality:
succeeding_restarts = 0
step = [ 0.5 0.05 5 0.1 0.0999995 1 0.075 0.1 0.025 ]

planner = TRRTkConfigDefault
metric = relevancy
scene = scene_ground_with_boxes
query = RANDOM_pose4
countdown = 2.001
acceptance = 1-t/T
run = 1
range, goal_bias, max_states_failed, temp_change_factor, min_temperature, init_temperature, frountier_threshold, frountierNodeRatio, k_constant, quality:
succeeding_restarts = 0
step = [ 0.5 0.05 5 0.1 0.0999995 1 0.075 0.1 0.025 ]

planner = TRRTkConfigDefault
metric = relevancy
scene = scene_ground_with_boxes
query = RANDOM_pose4
countdown = 2.001
acceptance = 1-t/T
run = 2
range, goal_bias, max_states_failed, temp_change_factor, min_temperature, init_temperature, frountier_threshold, frountierNodeRatio, k_constant, quality:
succeeding_restarts = 0
step = [ 0.5 0.05 5 0.1 0.0999995 1 0.075 0.1 0.025 ]

planner = TRRTkConfigDefault
metric = relevancy
scene = scene_ground_with_boxes
query = RANDOM_pose5
countdown = 2.001
acceptance = 1-t/T
run = 1
range, goal_bias, max_states_failed, temp_change_factor, min_temperature, init_temperature, frountier_threshold, frountierNodeRatio, k_constant, quality:
succeeding_restarts = 0
step = [ 0.5 0.05 5 0.1 0.0999995 1 0.075 0.1 0.025 ]

planner = TRRTkConfigDefault
metric = relevancy
scene = scene_ground_with_boxes
query = RANDOM_pose5
countdown = 2.001
acceptance = 1-t/T
run = 2
range, goal_bias, max_states_failed, temp_change_factor, min_temperature, init_temperature, frountier_threshold, frountierNodeRatio, k_constant, quality:
succeeding_restarts = 0
step = [ 0.5 0.05 5 0.1 0.0999995 1 0.075 0.1 0.025 ]

planner = TRRTkConfigDefault
metric = relevancy
scene = scene_ground_with_boxes
query = RANDOM_pose6
countdown = 2.001
acceptance = 1-t/T
run = 1
range, goal_bias, max_states_failed, temp_change_factor, min_temperature, init_temperature, frountier_threshold, frountierNodeRatio, k_constant, quality:
succeeding_restarts = 0
step = [ 0.5 0.05 5 0.1 0.0999995 1 0.075 0.1 0.025 ]

planner = TRRTkConfigDefault
metric = relevancy
scene = scene_ground_with_boxes
query = RANDOM_pose6
countdown = 2.001
acceptance = 1-t/T
run = 2
range, goal_bias, max_states_failed, temp_change_factor, min_temperature, init_temperature, frountier_threshold, frountierNodeRatio, k_constant, quality:
succeeding_restarts = 0
step = [ 0.5 0.05 5 0.1 0.0999995 1 0.075 0.1 0.025 ]

planner = TRRTkConfigDefault
metric = relevancy
scene = scene_ground_with_boxes
query = RANDOM_pose7
countdown = 2.001
acceptance = 1-t/T
run = 1
range, goal_bias, max_states_failed, temp_change_factor, min_temperature, init_temperature, frountier_threshold, frountierNodeRatio, k_constant, quality:
succeeding_restarts = 0
step = [ 0.5 0.05 5 0.1 0.0999995 1 0.075 0.1 0.025 ]

planner = TRRTkConfigDefault
metric = relevancy
scene = scene_ground_with_boxes
query = RANDOM_pose7
countdown = 2.001
acceptance = 1-t/T
run = 2
range, goal_bias, max_states_failed, temp_change_factor, min_temperature, init_temperature, frountier_threshold, frountierNodeRatio, k_constant, quality:
succeeding_restarts = 0
step = [ 0.5 0.05 5 0.1 0.0999995 1 0.075 0.1 0.025 ]

planner = TRRTkConfigDefault
metric = relevancy
scene = scene_ground_with_boxes
query = RANDOM_pose9
countdown = 2.001
acceptance = 1-t/T
run = 1
range, goal_bias, max_states_failed, temp_change_factor, min_temperature, init_temperature, frountier_threshold, frountierNodeRatio, k_constant, quality:
succeeding_restarts = 0
step = [ 0.5 0.05 5 0.1 0.0999995 1 0.075 0.1 0.025 ]

planner = TRRTkConfigDefault
metric = relevancy
scene = scene_ground_with_boxes
query = RANDOM_pose9
countdown = 2.001
acceptance = 1-t/T
run = 2
range, goal_bias, max_states_failed, temp_change_factor, min_temperature, init_temperature, frountier_threshold, frountierNodeRatio, k_constant, quality:
succeeding_restarts = 0
step = [ 0.5 0.05 5 0.1 0.0999995 1 0.075 0.1 0.025 ]

planner = TRRTkConfigDefault
metric = relevancy
scene = scene_ground_with_boxes
query = RANDOM_pose11
countdown = 2.001
acceptance = 1-t/T
run = 1
range, goal_bias, max_states_failed, temp_change_factor, min_temperature, init_temperature, frountier_threshold, frountierNodeRatio, k_constant, quality:
succeeding_restarts = 0
step = [ 0.5 0.05 5 0.1 0.0999995 1 0.075 0.1 0.025 ]

planner = TRRTkConfigDefault
metric = relevancy
scene = scene_ground_with_boxes
query = RANDOM_pose11
countdown = 2.001
acceptance = 1-t/T
run = 2
range, goal_bias, max_states_failed, temp_change_factor, min_temperature, init_temperature, frountier_threshold, frountierNodeRatio, k_constant, quality:
succeeding_restarts = 0
step = [ 0.5 0.05 5 0.1 0.0999995 1 0.075 0.1 0.025 ]

planner = TRRTkConfigDefault
metric = relevancy
scene = scene_ground_with_boxes
query = RANDOM_pose12
countdown = 2.001
acceptance = 1-t/T
run = 1
range, goal_bias, max_states_failed, temp_change_factor, min_temperature, init_temperature, frountier_threshold, frountierNodeRatio, k_constant, quality:
succeeding_restarts = 0
step = [ 0.5 0.05 5 0.1 0.0999995 1 0.075 0.1 0.025 ]

planner = TRRTkConfigDefault
metric = relevancy
scene = scene_ground_with_boxes
query = RANDOM_pose12
countdown = 2.001
acceptance = 1-t/T
run = 2
range, goal_bias, max_states_failed, temp_change_factor, min_temperature, init_temperature, frountier_threshold, frountierNodeRatio, k_constant, quality:
succeeding_restarts = 0
step = [ 0.5 0.05 5 0.1 0.0999995 1 0.075 0.1 0.025 ]

planner = TRRTkConfigDefault
metric = relevancy
scene = scene_ground_with_boxes
query = RANDOM_pose13
countdown = 2.001
acceptance = 1-t/T
run = 1
range, goal_bias, max_states_failed, temp_change_factor, min_temperature, init_temperature, frountier_threshold, frountierNodeRatio, k_constant, quality:
succeeding_restarts = 0
step = [ 0.5 0.05 5 0.1 0.0999995 1 0.075 0.1 0.025 ]

planner = TRRTkConfigDefault
metric = relevancy
scene = scene_ground_with_boxes
query = RANDOM_pose13
countdown = 2.001
acceptance = 1-t/T
run = 2
range, goal_bias, max_states_failed, temp_change_factor, min_temperature, init_temperature, frountier_threshold, frountierNodeRatio, k_constant, quality:
succeeding_restarts = 0
step = [ 0.5 0.05 5 0.1 0.0999995 1 0.075 0.1 0.025 ]

planner = TRRTkConfigDefault
metric = relevancy
scene = scene_ground_with_boxes
query = RANDOM_pose14
countdown = 2.001
acceptance = 1-t/T
run = 1
range, goal_bias, max_states_failed, temp_change_factor, min_temperature, init_temperature, frountier_threshold, frountierNodeRatio, k_constant, quality:
succeeding_restarts = 0
step = [ 0.5 0.05 5 0.1 0.0999995 1 0.075 0.1 0.025 ]

planner = TRRTkConfigDefault
metric = relevancy
scene = scene_ground_with_boxes
query = RANDOM_pose14
countdown = 2.001
acceptance = 1-t/T
run = 2
range, goal_bias, max_states_failed, temp_change_factor, min_temperature, init_temperature, frountier_threshold, frountierNodeRatio, k_constant, quality:
succeeding_restarts = 0
step = [ 0.5 0.05 5 0.1 0.0999995 1 0.075 0.1 0.025 ]

planner = TRRTkConfigDefault
metric = relevancy
scene = scene_ground_with_boxes
query = RANDOM_pose19
countdown = 2.001
acceptance = 1-t/T
run = 1
range, goal_bias, max_states_failed, temp_change_factor, min_temperature, init_temperature, frountier_threshold, frountierNodeRatio, k_constant, quality:
succeeding_restarts = 0
step = [ 0.5 0.05 5 0.1 0.0999995 1 0.075 0.1 0.025 ]

planner = TRRTkConfigDefault
metric = relevancy
scene = scene_ground_with_boxes
query = RANDOM_pose19
countdown = 2.001
acceptance = 1-t/T
run = 2
range, goal_bias, max_states_failed, temp_change_factor, min_temperature, init_temperature, frountier_threshold, frountierNodeRatio, k_constant, quality:
succeeding_restarts = 0
step = [ 0.5 0.05 5 0.1 0.0999995 1 0.075 0.1 0.025 ]

planner = TRRTkConfigDefault
metric = relevancy
scene = scene_ground_with_boxes
query = RANDOM_pose20
countdown = 2.001
acceptance = 1-t/T
run = 1
range, goal_bias, max_states_failed, temp_change_factor, min_temperature, init_temperature, frountier_threshold, frountierNodeRatio, k_constant, quality:
succeeding_restarts = 0
step = [ 0.5 0.05 5 0.1 0.0999995 1 0.075 0.1 0.025 ]

planner = TRRTkConfigDefault
metric = relevancy
scene = scene_ground_with_boxes
query = RANDOM_pose20
countdown = 2.001
acceptance = 1-t/T
run = 2
range, goal_bias, max_states_failed, temp_change_factor, min_temperature, init_temperature, frountier_threshold, frountierNodeRatio, k_constant, quality:
succeeding_restarts = 0
step = [ 0.5 0.05 5 0.1 0.0999995 1 0.075 0.1 0.025 ]

planner = TRRTkConfigDefault
metric = relevancy
scene = scene_ground_with_boxes
query = RANDOM_pose22
countdown = 2.001
acceptance = 1-t/T
run = 1
range, goal_bias, max_states_failed, temp_change_factor, min_temperature, init_temperature, frountier_threshold, frountierNodeRatio, k_constant, quality:
succeeding_restarts = 0
step = [ 0.5 0.05 5 0.1 0.0999995 1 0.075 0.1 0.025 ]

planner = TRRTkConfigDefault
metric = relevancy
scene = scene_ground_with_boxes
query = RANDOM_pose22
countdown = 2.001
acceptance = 1-t/T
run = 2
range, goal_bias, max_states_failed, temp_change_factor, min_temperature, init_temperature, frountier_threshold, frountierNodeRatio, k_constant, quality:
succeeding_restarts = 0
step = [ 0.5 0.05 5 0.1 0.0999995 1 0.075 0.1 0.025 ]

planner = TRRTkConfigDefault
metric = relevancy
scene = scene_ground_with_boxes
query = RANDOM_pose23
countdown = 2.001
acceptance = 1-t/T
run = 1
range, goal_bias, max_states_failed, temp_change_factor, min_temperature, init_temperature, frountier_threshold, frountierNodeRatio, k_constant, quality:
0, 0.05, 10, 2, 10e-10, 10e-6, 0, 0.1, 0, 0.319726;
0, 0.05, 10, 0.9, 10e-10, 10e-6, 0, 0.1, 0, 0.297437;
0, 0.05, 10, 0.9, 10e-10, 10e-6, 0, 0.1, 0, 0.386942;
0.5, 0.1, 5, 0.8, 10e-10, 10e-6, 0, 0, 0.025, 0.297093;
0.5, 0.1, 5, 0.8, 10e-10, 10e-6, 0.575, 0, 0.025, 0.197052;
1, 0.1, 10, 0.8, 10e-10, 10e-6, 0.575, 0, 0.025, 0.159907;
1.5, 0.05, 15, 0.7, 10e-10, 10e-6, 0.5, 0.10001, 0, 0.444954;
1.5, 0.05, 10, 0.7, 10e-10, 10e-6, 0.5, 0.10001, 0, 0.231807;
1, 0, 5, 0.7, 10e-10, 10e-6, 0.575, 1e-05, 0.025, 0.189883;
succeeding_restarts = 9
step = [ 0.5 0.05 5 0.1 0.0999995 1 0.075 0.1 0.025 ]

planner = TRRTkConfigDefault
metric = relevancy
scene = scene_ground_with_boxes
query = RANDOM_pose23
countdown = 2.001
acceptance = 1-t/T
run = 2
range, goal_bias, max_states_failed, temp_change_factor, min_temperature, init_temperature, frountier_threshold, frountierNodeRatio, k_constant, quality:
0, 0.05, 10, 2, 10e-10, 10e-6, 0, 0.1, 0, 0.288475;
0, 0.05, 10, 2, 10e-10, 10e-6, 0.575, 0.1, 0, 0.132482;
0, 0.05, 10, 2, 10e-10, 10e-6, 0.575, 0.1, 0, 0.145456;
0.5, 0.05, 15, 2, 10e-10, 10e-6, 0.5, 0.2, 0, 0.354108;
0, 0.1, 10, 0.9, 10e-10, 10e-6, 0.575, 0.2, 0, 0.368964;
0.5, 0.15, 15, 0.9, 10e-10, 10e-6, 0.65, 0.2, 0, 0.356649;
0.5, 0.15, 10, 1, 10e-10, 10e-6, 0.725, 0.2, 0, 0.240789;
0.5, 0.1, 10, 0.9, 10e-10, 10e-6, 0.725, 0.1, 0, 0.210344;
0.5, 0.05, 10, 0.8, 10e-10, 10e-6, 0.725, 0, 0, 0.464317;
0, 0.05, 15, 0.7, 10e-10, 10e-6, 0.725, 0.10001, 0.025, 0.230503;
0.5, 0.1, 10, 0.8, 10e-10, 10e-6, 0.65, 1e-05, 0.025, 0.328973;
1, 0.15, 5, 0.9, 10e-10, 10e-6, 0.575, 0.10001, 0.05, 0.415485;
succeeding_restarts = 12
step = [ 0.5 0.05 5 0.1 0.0999995 1 0.075 0.1 0.025 ]

planner = TRRTkConfigDefault
metric = relevancy
scene = scene_ground_with_boxes
query = RANDOM_pose29
countdown = 2.001
acceptance = 1-t/T
run = 1
range, goal_bias, max_states_failed, temp_change_factor, min_temperature, init_temperature, frountier_threshold, frountierNodeRatio, k_constant, quality:
0, 0.05, 10, 2, 10e-10, 10e-6, 0, 0.1, 0, 0.231666;
0.5, 0.05, 10, 0.9, 10e-10, 10e-6, 0, 0, 0.025, 0.142165;
0, 0.05, 10, 0.9, 10e-10, 10e-6, 0, 0.10001, 0, 0.183776;
0, 0.05, 10, 0.9, 10e-10, 10e-6, 0, 0.10001, 0.025, 0.123761;
0.5, 0, 10, 0.8, 10e-10, 10e-6, 0, 0.20001, 0, 0.392468;
1, 0.05, 15, 0.9, 10e-10, 10e-6, 0.575, 0.10001, 0.025, 0.150455;
0.5, 0, 10, 1, 10e-10, 10e-6, 0.575, 0.20001, 0.025, 0.151055;
0, 0.05, 15, 0.9, 10e-10, 10e-6, 0.5, 0.10001, 0.05, 0.422296;
0.5, 0, 10, 1, 10e-10, 10e-6, 0.5, 1e-05, 0.075, 0.366024;
0, 0, 15, 1, 10e-10, 10e-6, 0.575, 0.10001, 0.1, 0.389587;
succeeding_restarts = 10
step = [ 0.5 0.05 5 0.1 0.0999995 1 0.075 0.1 0.025 ]

planner = TRRTkConfigDefault
metric = relevancy
scene = scene_ground_with_boxes
query = RANDOM_pose29
countdown = 2.001
acceptance = 1-t/T
run = 2
range, goal_bias, max_states_failed, temp_change_factor, min_temperature, init_temperature, frountier_threshold, frountierNodeRatio, k_constant, quality:
0, 0.05, 10, 2, 10e-10, 10e-6, 0, 0.1, 0, 0.27613;
0.5, 0.1, 10, 2, 10e-10, 10e-6, 0, 0.1, 0, 0.152834;
0, 0.05, 5, 2, 10e-10, 10e-6, 0.575, 0, 0.025, 0.319631;
0, 0.05, 5, 2, 10e-10, 10e-6, 0.575, 0.10001, 0.025, 0.173096;
0.5, 0, 10, 0.9, 10e-10, 10e-6, 0.65, 0.20001, 0, 0.216306;
0.5, 0, 10, 0.9, 10e-10, 10e-6, 0.65, 0.10001, 0, 0.119505;
0, 0, 10, 0.9, 10e-10, 10e-6, 0.65, 0.10001, 0.025, 0.182325;
0, 0.05, 10, 0.9, 10e-10, 10e-6, 0.65, 0.10001, 0.025, 0.231549;
0, 0, 15, 0.9, 10e-10, 10e-6, 0.575, 0.20001, 0.025, 0.130632;
0, 0.05, 15, 1, 10e-10, 10e-6, 0.65, 0.30001, 0.025, 0.229596;
0.5, 0.1, 20, 1, 10e-10, 10e-6, 0.65, 0.40001, 0, 0.311094;
0, 0.05, 20, 1, 10e-10, 10e-6, 0.65, 0.40001, 0, 0.359591;
0, 0.05, 15, 0.9, 10e-10, 10e-6, 0.725, 0.30001, 0.025, 0.241679;
0, 0, 15, 0.8, 10e-10, 10e-6, 0.8, 0.40001, 0, 0.418105;
succeeding_restarts = 14
step = [ 0.5 0.05 5 0.1 0.0999995 1 0.075 0.1 0.025 ]

planner = TRRTkConfigDefault
metric = relevancy
scene = scene_ground_with_boxes
query = RANDOM_pose30
countdown = 2.001
acceptance = 1-t/T
run = 1
range, goal_bias, max_states_failed, temp_change_factor, min_temperature, init_temperature, frountier_threshold, frountierNodeRatio, k_constant, quality:
succeeding_restarts = 0
step = [ 0.5 0.05 5 0.1 0.0999995 1 0.075 0.1 0.025 ]

planner = TRRTkConfigDefault
metric = relevancy
scene = scene_ground_with_boxes
query = RANDOM_pose30
countdown = 2.001
acceptance = 1-t/T
run = 2
range, goal_bias, max_states_failed, temp_change_factor, min_temperature, init_temperature, frountier_threshold, frountierNodeRatio, k_constant, quality:
succeeding_restarts = 0
step = [ 0.5 0.05 5 0.1 0.0999995 1 0.075 0.1 0.025 ]

planner = TRRTkConfigDefault
metric = relevancy
scene = scene_ground_with_boxes
query = RANDOM_pose31
countdown = 4.001
acceptance = 1-t/T
run = 1
range, goal_bias, max_states_failed, temp_change_factor, min_temperature, init_temperature, frountier_threshold, frountierNodeRatio, k_constant, quality:
succeeding_restarts = 0
step = [ 0.5 0.05 5 0.1 0.0999995 1 0.075 0.1 0.025 ]

planner = TRRTkConfigDefault
metric = relevancy
scene = scene_ground_with_boxes
query = RANDOM_pose31
countdown = 4.001
acceptance = 1-t/T
run = 2
range, goal_bias, max_states_failed, temp_change_factor, min_temperature, init_temperature, frountier_threshold, frountierNodeRatio, k_constant, quality:
succeeding_restarts = 0
step = [ 0.5 0.05 5 0.1 0.0999995 1 0.075 0.1 0.025 ]

planner = TRRTkConfigDefault
metric = relevancy
scene = scene_ground_with_boxes
query = RANDOM_pose35
countdown = 4.001
acceptance = 1-t/T
run = 1
range, goal_bias, max_states_failed, temp_change_factor, min_temperature, init_temperature, frountier_threshold, frountierNodeRatio, k_constant, quality:
succeeding_restarts = 0
step = [ 0.5 0.05 5 0.1 0.0999995 1 0.075 0.1 0.025 ]

planner = TRRTkConfigDefault
metric = relevancy
scene = scene_ground_with_boxes
query = RANDOM_pose35
countdown = 4.001
acceptance = 1-t/T
run = 2
range, goal_bias, max_states_failed, temp_change_factor, min_temperature, init_temperature, frountier_threshold, frountierNodeRatio, k_constant, quality:
0, 0.05, 10, 2, 10e-10, 10e-6, 0, 0.1, 0, 0.147865;
succeeding_restarts = 1
step = [ 0.5 0.05 5 0.1 0.0999995 1 0.075 0.1 0.025 ]

planner = TRRTkConfigDefault
metric = relevancy
scene = scene_ground_with_boxes
query = RANDOM_pose36
countdown = 4.001
acceptance = 1-t/T
run = 1
range, goal_bias, max_states_failed, temp_change_factor, min_temperature, init_temperature, frountier_threshold, frountierNodeRatio, k_constant, quality:
succeeding_restarts = 0
step = [ 0.5 0.05 5 0.1 0.0999995 1 0.075 0.1 0.025 ]

planner = TRRTkConfigDefault
metric = relevancy
scene = scene_ground_with_boxes
query = RANDOM_pose36
countdown = 4.001
acceptance = 1-t/T
run = 2
range, goal_bias, max_states_failed, temp_change_factor, min_temperature, init_temperature, frountier_threshold, frountierNodeRatio, k_constant, quality:
succeeding_restarts = 0
step = [ 0.5 0.05 5 0.1 0.0999995 1 0.075 0.1 0.025 ]

planner = TRRTkConfigDefault
metric = relevancy
scene = scene_ground_with_boxes
query = RANDOM_pose37
countdown = 4.001
acceptance = 1-t/T
run = 1
range, goal_bias, max_states_failed, temp_change_factor, min_temperature, init_temperature, frountier_threshold, frountierNodeRatio, k_constant, quality:
0, 0.05, 10, 2, 10e-10, 10e-6, 0, 0.1, 0, 0.0673169;
succeeding_restarts = 1
step = [ 0.5 0.05 5 0.1 0.0999995 1 0.075 0.1 0.025 ]

planner = TRRTkConfigDefault
metric = relevancy
scene = scene_ground_with_boxes
query = RANDOM_pose37
countdown = 4.001
acceptance = 1-t/T
run = 2
range, goal_bias, max_states_failed, temp_change_factor, min_temperature, init_temperature, frountier_threshold, frountierNodeRatio, k_constant, quality:
0, 0.05, 10, 2, 10e-10, 10e-6, 0, 0.1, 0, 0.0647731;
succeeding_restarts = 1
step = [ 0.5 0.05 5 0.1 0.0999995 1 0.075 0.1 0.025 ]

planner = TRRTkConfigDefault
metric = relevancy
scene = scene_ground_with_boxes
query = RANDOM_pose38
countdown = 4.001
acceptance = 1-t/T
run = 1
range, goal_bias, max_states_failed, temp_change_factor, min_temperature, init_temperature, frountier_threshold, frountierNodeRatio, k_constant, quality:
0, 0.05, 10, 2, 10e-10, 10e-6, 0, 0.1, 0, 0.0247586;
succeeding_restarts = 1
step = [ 0.5 0.05 5 0.1 0.0999995 1 0.075 0.1 0.025 ]

planner = TRRTkConfigDefault
metric = relevancy
scene = scene_ground_with_boxes
query = RANDOM_pose38
countdown = 4.001
acceptance = 1-t/T
run = 2
range, goal_bias, max_states_failed, temp_change_factor, min_temperature, init_temperature, frountier_threshold, frountierNodeRatio, k_constant, quality:
succeeding_restarts = 0
step = [ 0.5 0.05 5 0.1 0.0999995 1 0.075 0.1 0.025 ]

planner = TRRTkConfigDefault
metric = relevancy
scene = scene_ground_with_boxes
query = RANDOM_pose42
countdown = 4.001
acceptance = 1-t/T
run = 1
range, goal_bias, max_states_failed, temp_change_factor, min_temperature, init_temperature, frountier_threshold, frountierNodeRatio, k_constant, quality:
0, 0.05, 10, 2, 10e-10, 10e-6, 0, 0.1, 0, 0.12;
0.5, 0, 15, 0.9, 10e-10, 10e-6, 0.575, 0, 0.025, 0.0654768;
succeeding_restarts = 2
step = [ 0.5 0.05 5 0.1 0.0999995 1 0.075 0.1 0.025 ]

planner = TRRTkConfigDefault
metric = relevancy
scene = scene_ground_with_boxes
query = RANDOM_pose42
countdown = 4.001
acceptance = 1-t/T
run = 2
range, goal_bias, max_states_failed, temp_change_factor, min_temperature, init_temperature, frountier_threshold, frountierNodeRatio, k_constant, quality:
0, 0.05, 10, 2, 10e-10, 10e-6, 0, 0.1, 0, 0.0670608;
0.5, 0, 10, 0.9, 10e-10, 10e-6, 0, 0, 0, 0.0813598;
succeeding_restarts = 2
step = [ 0.5 0.05 5 0.1 0.0999995 1 0.075 0.1 0.025 ]

planner = TRRTkConfigDefault
metric = relevancy
scene = scene_ground_with_boxes
query = RANDOM_pose8
countdown = 4.001
acceptance = 1-t/T
run = 1
range, goal_bias, max_states_failed, temp_change_factor, min_temperature, init_temperature, frountier_threshold, frountierNodeRatio, k_constant, quality:
succeeding_restarts = 0
step = [ 0.5 0.05 5 0.1 0.0999995 1 0.075 0.1 0.025 ]

planner = TRRTkConfigDefault
metric = relevancy
scene = scene_ground_with_boxes
query = RANDOM_pose8
countdown = 4.001
acceptance = 1-t/T
run = 2
range, goal_bias, max_states_failed, temp_change_factor, min_temperature, init_temperature, frountier_threshold, frountierNodeRatio, k_constant, quality:
succeeding_restarts = 0
step = [ 0.5 0.05 5 0.1 0.0999995 1 0.075 0.1 0.025 ]

planner = TRRTkConfigDefault
metric = relevancy
scene = scene_ground_with_boxes
query = RANDOM_pose10
countdown = 4.001
acceptance = 1-t/T
run = 1
range, goal_bias, max_states_failed, temp_change_factor, min_temperature, init_temperature, frountier_threshold, frountierNodeRatio, k_constant, quality:
succeeding_restarts = 0
step = [ 0.5 0.05 5 0.1 0.0999995 1 0.075 0.1 0.025 ]

planner = TRRTkConfigDefault
metric = relevancy
scene = scene_ground_with_boxes
query = RANDOM_pose10
countdown = 4.001
acceptance = 1-t/T
run = 2
range, goal_bias, max_states_failed, temp_change_factor, min_temperature, init_temperature, frountier_threshold, frountierNodeRatio, k_constant, quality:
succeeding_restarts = 0
step = [ 0.5 0.05 5 0.1 0.0999995 1 0.075 0.1 0.025 ]

planner = TRRTkConfigDefault
metric = relevancy
scene = scene_ground_with_boxes
query = RANDOM_pose15
countdown = 4.001
acceptance = 1-t/T
run = 1
range, goal_bias, max_states_failed, temp_change_factor, min_temperature, init_temperature, frountier_threshold, frountierNodeRatio, k_constant, quality:
0, 0.05, 10, 2, 10e-10, 10e-6, 0, 0.1, 0, 0.0648731;
0, 0.05, 10, 2, 10e-10, 10e-6, 0, 0.1, 0, 0.0672031;
0.5, 0.1, 10, 0.9, 10e-10, 10e-6, 0, 0.1, 0.025, 0.0477455;
1, 0.15, 5, 0.8, 10e-10, 10e-6, 0.575, 0.1, 0.025, 0.0503922;
succeeding_restarts = 4
step = [ 0.5 0.05 5 0.1 0.0999995 1 0.075 0.1 0.025 ]

planner = TRRTkConfigDefault
metric = relevancy
scene = scene_ground_with_boxes
query = RANDOM_pose15
countdown = 4.001
acceptance = 1-t/T
run = 2
range, goal_bias, max_states_failed, temp_change_factor, min_temperature, init_temperature, frountier_threshold, frountierNodeRatio, k_constant, quality:
0, 0.05, 10, 2, 10e-10, 10e-6, 0, 0.1, 0, 0.036997;
0.5, 0.05, 10, 0.9, 10e-10, 10e-6, 0, 0.2, 0.025, 0.0464771;
1, 0, 5, 0.8, 10e-10, 10e-6, 0.575, 0.3, 0, 0.0628226;
1.5, 0.05, 5, 0.9, 10e-10, 10e-6, 0.575, 0.2, 0.025, 0.0643624;
succeeding_restarts = 4
step = [ 0.5 0.05 5 0.1 0.0999995 1 0.075 0.1 0.025 ]

planner = TRRTkConfigDefault
metric = relevancy
scene = scene_ground_with_boxes
query = RANDOM_pose16
countdown = 4.001
acceptance = 1-t/T
run = 1
range, goal_bias, max_states_failed, temp_change_factor, min_temperature, init_temperature, frountier_threshold, frountierNodeRatio, k_constant, quality:
0, 0.05, 10, 2, 10e-10, 10e-6, 0, 0.1, 0, 0.0906379;
0.5, 0, 10, 0.9, 10e-10, 10e-6, 0.575, 0.1, 0.025, 0.088727;
0.5, 0.05, 5, 0.8, 10e-10, 10e-6, 0.65, 0.2, 0.05, 0.115281;
0, 0.05, 5, 0.8, 10e-10, 10e-6, 0.725, 0.2, 0.05, 0.203675;
0, 0.05, 5, 0.8, 10e-10, 10e-6, 0.725, 0.2, 0.075, 0.166578;
succeeding_restarts = 5
step = [ 0.5 0.05 5 0.1 0.0999995 1 0.075 0.1 0.025 ]

planner = TRRTkConfigDefault
metric = relevancy
scene = scene_ground_with_boxes
query = RANDOM_pose16
countdown = 4.001
acceptance = 1-t/T
run = 2
range, goal_bias, max_states_failed, temp_change_factor, min_temperature, init_temperature, frountier_threshold, frountierNodeRatio, k_constant, quality:
0, 0.05, 10, 2, 10e-10, 10e-6, 0, 0.1, 0, 0.142373;
succeeding_restarts = 1
step = [ 0.5 0.05 5 0.1 0.0999995 1 0.075 0.1 0.025 ]

planner = TRRTkConfigDefault
metric = relevancy
scene = scene_ground_with_boxes
query = RANDOM_pose17
countdown = 4.001
acceptance = 1-t/T
run = 1
range, goal_bias, max_states_failed, temp_change_factor, min_temperature, init_temperature, frountier_threshold, frountierNodeRatio, k_constant, quality:
0, 0.05, 10, 2, 10e-10, 10e-6, 0, 0.1, 0, 0.08069;
0, 0, 15, 0.9, 10e-10, 10e-6, 0, 0.1, 0.025, 0.161079;
0, 0, 20, 1, 10e-10, 10e-6, 0, 0, 0.025, 0.0638475;
0.5, 0.05, 15, 0.9, 10e-10, 10e-6, 0, 0.10001, 0, 0.119401;
0.5, 0, 20, 0.9, 10e-10, 10e-6, 0.575, 0.10001, 0.025, 0.129548;
0.5, 0, 20, 0.9, 10e-10, 10e-6, 0.575, 1e-05, 0.025, 0.134544;
1, 0.05, 15, 1, 10e-10, 10e-6, 0.65, 0.10001, 0, 0.141262;
1.5, 0.05, 10, 1, 10e-10, 10e-6, 0.575, 0.10001, 0, 0.152279;
succeeding_restarts = 8
step = [ 0.5 0.05 5 0.1 0.0999995 1 0.075 0.1 0.025 ]

planner = TRRTkConfigDefault
metric = relevancy
scene = scene_ground_with_boxes
query = RANDOM_pose17
countdown = 4.001
acceptance = 1-t/T
run = 2
range, goal_bias, max_states_failed, temp_change_factor, min_temperature, init_temperature, frountier_threshold, frountierNodeRatio, k_constant, quality:
0, 0.05, 10, 2, 10e-10, 10e-6, 0, 0.1, 0, 0.0927962;
0, 0.05, 15, 2, 10e-10, 10e-6, 0, 0.1, 0.025, 0.130664;
0.5, 0.1, 15, 2, 10e-10, 10e-6, 0.575, 0.2, 0.025, 0.0688252;
0.5, 0.05, 20, 0.9, 10e-10, 10e-6, 0.65, 0.1, 0, 0.0690634;
succeeding_restarts = 4
step = [ 0.5 0.05 5 0.1 0.0999995 1 0.075 0.1 0.025 ]

planner = TRRTkConfigDefault
metric = relevancy
scene = scene_ground_with_boxes
query = RANDOM_pose18
countdown = 4.001
acceptance = 1-t/T
run = 1
range, goal_bias, max_states_failed, temp_change_factor, min_temperature, init_temperature, frountier_threshold, frountierNodeRatio, k_constant, quality:
succeeding_restarts = 0
step = [ 0.5 0.05 5 0.1 0.0999995 1 0.075 0.1 0.025 ]

planner = TRRTkConfigDefault
metric = relevancy
scene = scene_ground_with_boxes
query = RANDOM_pose18
countdown = 4.001
acceptance = 1-t/T
run = 2
range, goal_bias, max_states_failed, temp_change_factor, min_temperature, init_temperature, frountier_threshold, frountierNodeRatio, k_constant, quality:
succeeding_restarts = 0
step = [ 0.5 0.05 5 0.1 0.0999995 1 0.075 0.1 0.025 ]

planner = TRRTkConfigDefault
metric = relevancy
scene = scene_ground_with_boxes
query = RANDOM_pose21
countdown = 4.001
acceptance = 1-t/T
run = 1
range, goal_bias, max_states_failed, temp_change_factor, min_temperature, init_temperature, frountier_threshold, frountierNodeRatio, k_constant, quality:
succeeding_restarts = 0
step = [ 0.5 0.05 5 0.1 0.0999995 1 0.075 0.1 0.025 ]

planner = TRRTkConfigDefault
metric = relevancy
scene = scene_ground_with_boxes
query = RANDOM_pose21
countdown = 4.001
acceptance = 1-t/T
run = 2
range, goal_bias, max_states_failed, temp_change_factor, min_temperature, init_temperature, frountier_threshold, frountierNodeRatio, k_constant, quality:
succeeding_restarts = 0
step = [ 0.5 0.05 5 0.1 0.0999995 1 0.075 0.1 0.025 ]

planner = TRRTkConfigDefault
metric = relevancy
scene = scene_ground_with_boxes
query = RANDOM_pose24
countdown = 4.001
acceptance = 1-t/T
run = 1
range, goal_bias, max_states_failed, temp_change_factor, min_temperature, init_temperature, frountier_threshold, frountierNodeRatio, k_constant, quality:
0, 0.05, 10, 2, 10e-10, 10e-6, 0, 0.1, 0, 0.200458;
0, 0.05, 10, 2, 10e-10, 10e-6, 0, 0.1, 0, 0.222402;
0.5, 0.05, 15, 2, 10e-10, 10e-6, 0.575, 0.2, 0, 0.2995;
succeeding_restarts = 3
step = [ 0.5 0.05 5 0.1 0.0999995 1 0.075 0.1 0.025 ]

planner = TRRTkConfigDefault
metric = relevancy
scene = scene_ground_with_boxes
query = RANDOM_pose24
countdown = 4.001
acceptance = 1-t/T
run = 2
range, goal_bias, max_states_failed, temp_change_factor, min_temperature, init_temperature, frountier_threshold, frountierNodeRatio, k_constant, quality:
0, 0.05, 10, 2, 10e-10, 10e-6, 0, 0.1, 0, 0.297215;
0, 0.05, 10, 2, 10e-10, 10e-6, 0, 0.2, 0, 0.367038;
0, 0.1, 10, 2, 10e-10, 10e-6, 0, 0.2, 0, 0.344557;
0.5, 0.05, 10, 0.9, 10e-10, 10e-6, 0.575, 0.1, 0.025, 0.177638;
0.5, 0.1, 15, 0.9, 10e-10, 10e-6, 0.65, 0.1, 0.025, 0.398447;
0.5, 0.05, 15, 1, 10e-10, 10e-6, 0.65, 0.1, 0.025, 0.2212;
1, 0, 15, 0.9, 10e-10, 10e-6, 0.575, 0, 0.05, 0.164457;
1.5, 0, 15, 0.9, 10e-10, 10e-6, 0.575, 0, 0.05, 0.295603;
2, 0.05, 15, 0.9, 10e-10, 10e-6, 0.575, 0, 0.05, 0.453917;
succeeding_restarts = 9
step = [ 0.5 0.05 5 0.1 0.0999995 1 0.075 0.1 0.025 ]

planner = TRRTkConfigDefault
metric = relevancy
scene = scene_ground_with_boxes
query = RANDOM_pose25
countdown = 4.001
acceptance = 1-t/T
run = 1
range, goal_bias, max_states_failed, temp_change_factor, min_temperature, init_temperature, frountier_threshold, frountierNodeRatio, k_constant, quality:
succeeding_restarts = 0
step = [ 0.5 0.05 5 0.1 0.0999995 1 0.075 0.1 0.025 ]

planner = TRRTkConfigDefault
metric = relevancy
scene = scene_ground_with_boxes
query = RANDOM_pose25
countdown = 4.001
acceptance = 1-t/T
run = 2
range, goal_bias, max_states_failed, temp_change_factor, min_temperature, init_temperature, frountier_threshold, frountierNodeRatio, k_constant, quality:
succeeding_restarts = 0
step = [ 0.5 0.05 5 0.1 0.0999995 1 0.075 0.1 0.025 ]

planner = TRRTkConfigDefault
metric = relevancy
scene = scene_ground_with_boxes
query = RANDOM_pose26
countdown = 4.001
acceptance = 1-t/T
run = 1
range, goal_bias, max_states_failed, temp_change_factor, min_temperature, init_temperature, frountier_threshold, frountierNodeRatio, k_constant, quality:
succeeding_restarts = 0
step = [ 0.5 0.05 5 0.1 0.0999995 1 0.075 0.1 0.025 ]

planner = TRRTkConfigDefault
metric = relevancy
scene = scene_ground_with_boxes
query = RANDOM_pose26
countdown = 4.001
acceptance = 1-t/T
run = 2
range, goal_bias, max_states_failed, temp_change_factor, min_temperature, init_temperature, frountier_threshold, frountierNodeRatio, k_constant, quality:
succeeding_restarts = 0
step = [ 0.5 0.05 5 0.1 0.0999995 1 0.075 0.1 0.025 ]

planner = TRRTkConfigDefault
metric = relevancy
scene = scene_ground_with_boxes
query = RANDOM_pose27
countdown = 4.001
acceptance = 1-t/T
run = 1
range, goal_bias, max_states_failed, temp_change_factor, min_temperature, init_temperature, frountier_threshold, frountierNodeRatio, k_constant, quality:
0, 0.05, 10, 2, 10e-10, 10e-6, 0, 0.1, 0, 0.0856811;
0, 0.05, 10, 0.9, 10e-10, 10e-6, 0.575, 0, 0.025, 0.0991067;
0.5, 0, 15, 0.8, 10e-10, 10e-6, 0.65, 0.10001, 0, 0.0967274;
0.5, 0.05, 15, 0.7, 10e-10, 10e-6, 0.575, 0.10001, 0.025, 0.145882;
0.5, 0.1, 15, 0.7, 10e-10, 10e-6, 0.575, 0.20001, 0.025, 0.156354;
0.5, 0.1, 20, 0.7, 10e-10, 10e-6, 0.575, 0.20001, 0, 0.0915858;
0, 0.15, 25, 0.7, 10e-10, 10e-6, 0.65, 0.20001, 0.025, 0.107045;
0, 0.1, 25, 0.7, 10e-10, 10e-6, 0.575, 0.20001, 0.025, 0.0918115;
0.5, 0.15, 25, 0.8, 10e-10, 10e-6, 0.575, 0.30001, 0, 0.0766349;
1, 0.2, 20, 0.7, 10e-10, 10e-6, 0.65, 0.40001, 0.025, 0.120179;
1, 0.2, 25, 0.8, 10e-10, 10e-6, 0.575, 0.40001, 0.025, 0.116646;
1, 0.25, 25, 0.7, 10e-10, 10e-6, 0.65, 0.50001, 0.025, 0.0850452;
1, 0.25, 30, 0.6, 10e-10, 10e-6, 0.575, 0.50001, 0.025, 0.128206;
0.5, 0.2, 25, 0.7, 10e-10, 10e-6, 0.5, 0.60001, 0.05, 0.0840748;
0, 0.2, 30, 0.6, 10e-10, 10e-6, 0.575, 0.60001, 0.075, 0.122875;
0, 0.2, 35, 0.6, 10e-10, 10e-6, 0.575, 0.60001, 0.075, 0.133888;
0.5, 0.15, 35, 0.7, 10e-10, 10e-6, 0.575, 0.60001, 0.075, 0.129149;
1, 0.2, 35, 0.7, 10e-10, 10e-6, 0.575, 0.50001, 0.075, 0.0694885;
1, 0.2, 35, 0.7, 10e-10, 10e-6, 0.575, 0.50001, 0.075, 0.117827;
succeeding_restarts = 19
step = [ 0.5 0.05 5 0.1 0.0999995 1 0.075 0.1 0.025 ]

planner = TRRTkConfigDefault
metric = relevancy
scene = scene_ground_with_boxes
query = RANDOM_pose27
countdown = 4.001
acceptance = 1-t/T
run = 2
range, goal_bias, max_states_failed, temp_change_factor, min_temperature, init_temperature, frountier_threshold, frountierNodeRatio, k_constant, quality:
0, 0.05, 10, 2, 10e-10, 10e-6, 0, 0.1, 0, 0.0837719;
0.5, 0, 15, 0.9, 10e-10, 10e-6, 0.575, 0.2, 0, 0.0917649;
0.5, 0.05, 20, 0.9, 10e-10, 10e-6, 0.65, 0.3, 0.025, 0.100013;
0, 0, 15, 0.8, 10e-10, 10e-6, 0.575, 0.2, 0.05, 0.0756385;
0, 0.05, 15, 0.9, 10e-10, 10e-6, 0.65, 0.2, 0.05, 0.0840913;
0.5, 0, 15, 0.9, 10e-10, 10e-6, 0.575, 0.2, 0.05, 0.0942504;
0, 0.05, 10, 1, 10e-10, 10e-6, 0.5, 0.3, 0.05, 0.0863932;
0, 0.05, 10, 1, 10e-10, 10e-6, 0.575, 0.3, 0.05, 0.0850747;
0.5, 0, 10, 1, 10e-10, 10e-6, 0.5, 0.2, 0.075, 0.0895069;
0, 0.05, 5, 0.9, 10e-10, 10e-6, 0.575, 0.2, 0.05, 0.101698;
0, 0.05, 0, 0.9, 10e-10, 10e-6, 0.575, 0.2, 0.05, 0.0993215;
0.5, 0, 0, 1, 10e-10, 10e-6, 0.575, 0.2, 0.05, 0.0940391;
0, 0, 5, 0.9, 10e-10, 10e-6, 0.65, 0.2, 0.05, 0.136966;
0.5, 0, 5, 0.9, 10e-10, 10e-6, 0.65, 0.2, 0.05, 0.093597;
0, 0, 0, 0.8, 10e-10, 10e-6, 0.65, 0.1, 0.05, 0.0940979;
0, 0, 0, 0.8, 10e-10, 10e-6, 0.65, 0.2, 0.05, 0.11252;
0.5, 0.05, 5, 0.7, 10e-10, 10e-6, 0.575, 0.1, 0.075, 0.113564;
0, 0, 10, 0.8, 10e-10, 10e-6, 0.65, 0.2, 0.1, 0.118583;
0, 0.05, 10, 0.8, 10e-10, 10e-6, 0.725, 0.2, 0.075, 0.130164;
0.5, 0.1, 10, 0.9, 10e-10, 10e-6, 0.725, 0.3, 0.05, 0.12666;
1, 0.05, 5, 0.8, 10e-10, 10e-6, 0.725, 0.3, 0.025, 0.0826445;
1, 0.05, 5, 0.7, 10e-10, 10e-6, 0.725, 0.4, 0.025, 0.092111;
1, 0.05, 5, 0.6, 10e-10, 10e-6, 0.725, 0.4, 0.025, 0.0932457;
succeeding_restarts = 23
step = [ 0.5 0.05 5 0.1 0.0999995 1 0.075 0.1 0.025 ]

planner = TRRTkConfigDefault
metric = relevancy
scene = scene_ground_with_boxes
query = RANDOM_pose28
countdown = 4.001
acceptance = 1-t/T
run = 1
range, goal_bias, max_states_failed, temp_change_factor, min_temperature, init_temperature, frountier_threshold, frountierNodeRatio, k_constant, quality:
succeeding_restarts = 0
step = [ 0.5 0.05 5 0.1 0.0999995 1 0.075 0.1 0.025 ]

planner = TRRTkConfigDefault
metric = relevancy
scene = scene_ground_with_boxes
query = RANDOM_pose28
countdown = 4.001
acceptance = 1-t/T
run = 2
range, goal_bias, max_states_failed, temp_change_factor, min_temperature, init_temperature, frountier_threshold, frountierNodeRatio, k_constant, quality:
succeeding_restarts = 0
step = [ 0.5 0.05 5 0.1 0.0999995 1 0.075 0.1 0.025 ]

planner = TRRTkConfigDefault
metric = relevancy
scene = scene_ground_with_boxes
query = RANDOM_pose32
countdown = 4.001
acceptance = 1-t/T
run = 1
range, goal_bias, max_states_failed, temp_change_factor, min_temperature, init_temperature, frountier_threshold, frountierNodeRatio, k_constant, quality:
succeeding_restarts = 0
step = [ 0.5 0.05 5 0.1 0.0999995 1 0.075 0.1 0.025 ]

planner = TRRTkConfigDefault
metric = relevancy
scene = scene_ground_with_boxes
query = RANDOM_pose32
countdown = 4.001
acceptance = 1-t/T
run = 2
range, goal_bias, max_states_failed, temp_change_factor, min_temperature, init_temperature, frountier_threshold, frountierNodeRatio, k_constant, quality:
succeeding_restarts = 0
step = [ 0.5 0.05 5 0.1 0.0999995 1 0.075 0.1 0.025 ]

planner = TRRTkConfigDefault
metric = relevancy
scene = scene_ground_with_boxes
query = RANDOM_pose33
countdown = 4.001
acceptance = 1-t/T
run = 1
range, goal_bias, max_states_failed, temp_change_factor, min_temperature, init_temperature, frountier_threshold, frountierNodeRatio, k_constant, quality:
succeeding_restarts = 0
step = [ 0.5 0.05 5 0.1 0.0999995 1 0.075 0.1 0.025 ]

planner = TRRTkConfigDefault
metric = relevancy
scene = scene_ground_with_boxes
query = RANDOM_pose33
countdown = 4.001
acceptance = 1-t/T
run = 2
range, goal_bias, max_states_failed, temp_change_factor, min_temperature, init_temperature, frountier_threshold, frountierNodeRatio, k_constant, quality:
0, 0.05, 10, 2, 10e-10, 10e-6, 0, 0.1, 0, 0.0869249;
0.5, 0, 5, 0.9, 10e-10, 10e-6, 0.575, 0.2, 0.025, 0.0567711;
succeeding_restarts = 2
step = [ 0.5 0.05 5 0.1 0.0999995 1 0.075 0.1 0.025 ]

planner = TRRTkConfigDefault
metric = relevancy
scene = scene_ground_with_boxes
query = RANDOM_pose34
countdown = 4.001
acceptance = 1-t/T
run = 1
range, goal_bias, max_states_failed, temp_change_factor, min_temperature, init_temperature, frountier_threshold, frountierNodeRatio, k_constant, quality:
succeeding_restarts = 0
step = [ 0.5 0.05 5 0.1 0.0999995 1 0.075 0.1 0.025 ]

planner = TRRTkConfigDefault
metric = relevancy
scene = scene_ground_with_boxes
query = RANDOM_pose34
countdown = 4.001
acceptance = 1-t/T
run = 2
range, goal_bias, max_states_failed, temp_change_factor, min_temperature, init_temperature, frountier_threshold, frountierNodeRatio, k_constant, quality:
succeeding_restarts = 0
step = [ 0.5 0.05 5 0.1 0.0999995 1 0.075 0.1 0.025 ]

planner = TRRTkConfigDefault
metric = relevancy
scene = scene_ground_with_boxes
query = RANDOM_pose39
countdown = 4.001
acceptance = 1-t/T
run = 1
range, goal_bias, max_states_failed, temp_change_factor, min_temperature, init_temperature, frountier_threshold, frountierNodeRatio, k_constant, quality:
succeeding_restarts = 0
step = [ 0.5 0.05 5 0.1 0.0999995 1 0.075 0.1 0.025 ]

planner = TRRTkConfigDefault
metric = relevancy
scene = scene_ground_with_boxes
query = RANDOM_pose39
countdown = 4.001
acceptance = 1-t/T
run = 2
range, goal_bias, max_states_failed, temp_change_factor, min_temperature, init_temperature, frountier_threshold, frountierNodeRatio, k_constant, quality:
succeeding_restarts = 0
step = [ 0.5 0.05 5 0.1 0.0999995 1 0.075 0.1 0.025 ]

planner = TRRTkConfigDefault
metric = relevancy
scene = scene_ground_with_boxes
query = RANDOM_pose40
countdown = 4.001
acceptance = 1-t/T
run = 1
range, goal_bias, max_states_failed, temp_change_factor, min_temperature, init_temperature, frountier_threshold, frountierNodeRatio, k_constant, quality:
succeeding_restarts = 0
step = [ 0.5 0.05 5 0.1 0.0999995 1 0.075 0.1 0.025 ]

planner = TRRTkConfigDefault
metric = relevancy
scene = scene_ground_with_boxes
query = RANDOM_pose40
countdown = 4.001
acceptance = 1-t/T
run = 2
range, goal_bias, max_states_failed, temp_change_factor, min_temperature, init_temperature, frountier_threshold, frountierNodeRatio, k_constant, quality:
succeeding_restarts = 0
step = [ 0.5 0.05 5 0.1 0.0999995 1 0.075 0.1 0.025 ]

planner = TRRTkConfigDefault
metric = relevancy
scene = scene_ground_with_boxes
query = RANDOM_pose41
countdown = 4.001
acceptance = 1-t/T
run = 1
range, goal_bias, max_states_failed, temp_change_factor, min_temperature, init_temperature, frountier_threshold, frountierNodeRatio, k_constant, quality:
0, 0.05, 10, 2, 10e-10, 10e-6, 0, 0.1, 0, 0.110796;
0.5, 0, 10, 2, 10e-10, 10e-6, 0.575, 0, 0.025, 0.0850046;
0, 0, 10, 2, 10e-10, 10e-6, 0.65, 0, 0.025, 0.145567;
0, 0, 10, 2, 10e-10, 10e-6, 0.575, 0.10001, 0.05, 0.091883;
0.5, 0.05, 5, 0.9, 10e-10, 10e-6, 0.5, 1e-05, 0.05, 0.129309;
succeeding_restarts = 5
step = [ 0.5 0.05 5 0.1 0.0999995 1 0.075 0.1 0.025 ]

planner = TRRTkConfigDefault
metric = relevancy
scene = scene_ground_with_boxes
query = RANDOM_pose41
countdown = 4.001
acceptance = 1-t/T
run = 2
range, goal_bias, max_states_failed, temp_change_factor, min_temperature, init_temperature, frountier_threshold, frountierNodeRatio, k_constant, quality:
0, 0.05, 10, 2, 10e-10, 10e-6, 0, 0.1, 0, 0.0698975;
0.5, 0.1, 10, 0.9, 10e-10, 10e-6, 0.575, 0.2, 0.025, 0.104388;
succeeding_restarts = 2
step = [ 0.5 0.05 5 0.1 0.0999995 1 0.075 0.1 0.025 ]

planner = TRRTkConfigDefault
metric = relevancy
scene = scene_ground_with_boxes
query = RANDOM_pose43
countdown = 4.001
acceptance = 1-t/T
run = 1
range, goal_bias, max_states_failed, temp_change_factor, min_temperature, init_temperature, frountier_threshold, frountierNodeRatio, k_constant, quality:
succeeding_restarts = 0
step = [ 0.5 0.05 5 0.1 0.0999995 1 0.075 0.1 0.025 ]

planner = TRRTkConfigDefault
metric = relevancy
scene = scene_ground_with_boxes
query = RANDOM_pose43
countdown = 4.001
acceptance = 1-t/T
run = 2
range, goal_bias, max_states_failed, temp_change_factor, min_temperature, init_temperature, frountier_threshold, frountierNodeRatio, k_constant, quality:
succeeding_restarts = 0
step = [ 0.5 0.05 5 0.1 0.0999995 1 0.075 0.1 0.025 ]

planner = TRRTkConfigDefault
metric = relevancy
scene = scene_ground_with_boxes
query = RANDOM_pose44
countdown = 4.001
acceptance = 1-t/T
run = 1
range, goal_bias, max_states_failed, temp_change_factor, min_temperature, init_temperature, frountier_threshold, frountierNodeRatio, k_constant, quality:
succeeding_restarts = 0
step = [ 0.5 0.05 5 0.1 0.0999995 1 0.075 0.1 0.025 ]

planner = TRRTkConfigDefault
metric = relevancy
scene = scene_ground_with_boxes
query = RANDOM_pose44
countdown = 4.001
acceptance = 1-t/T
run = 2
range, goal_bias, max_states_failed, temp_change_factor, min_temperature, init_temperature, frountier_threshold, frountierNodeRatio, k_constant, quality:
succeeding_restarts = 0
step = [ 0.5 0.05 5 0.1 0.0999995 1 0.075 0.1 0.025 ]

planner = TRRTkConfigDefault
metric = relevancy
scene = scene_ground_with_boxes
query = RANDOM_pose45
countdown = 4.001
acceptance = 1-t/T
run = 1
range, goal_bias, max_states_failed, temp_change_factor, min_temperature, init_temperature, frountier_threshold, frountierNodeRatio, k_constant, quality:
succeeding_restarts = 0
step = [ 0.5 0.05 5 0.1 0.0999995 1 0.075 0.1 0.025 ]

planner = TRRTkConfigDefault
metric = relevancy
scene = scene_ground_with_boxes
query = RANDOM_pose45
countdown = 4.001
acceptance = 1-t/T
run = 2
range, goal_bias, max_states_failed, temp_change_factor, min_temperature, init_temperature, frountier_threshold, frountierNodeRatio, k_constant, quality:
succeeding_restarts = 0
step = [ 0.5 0.05 5 0.1 0.0999995 1 0.075 0.1 0.025 ]

planner = TRRTkConfigDefault
metric = relevancy
scene = scene_ground_with_boxes
query = RANDOM_pose46
countdown = 4.001
acceptance = 1-t/T
run = 1
range, goal_bias, max_states_failed, temp_change_factor, min_temperature, init_temperature, frountier_threshold, frountierNodeRatio, k_constant, quality:
0, 0.05, 10, 2, 10e-10, 10e-6, 0, 0.1, 0, 0.0703781;
0.5, 0.1, 10, 0.9, 10e-10, 10e-6, 0.575, 0.2, 0.025, 0.100872;
succeeding_restarts = 2
step = [ 0.5 0.05 5 0.1 0.0999995 1 0.075 0.1 0.025 ]

planner = TRRTkConfigDefault
metric = relevancy
scene = scene_ground_with_boxes
query = RANDOM_pose46
countdown = 4.001
acceptance = 1-t/T
run = 2
range, goal_bias, max_states_failed, temp_change_factor, min_temperature, init_temperature, frountier_threshold, frountierNodeRatio, k_constant, quality:
0, 0.05, 10, 2, 10e-10, 10e-6, 0, 0.1, 0, 0.0435463;
0, 0.1, 15, 2, 10e-10, 10e-6, 0.575, 0, 0.025, 0.0790772;
succeeding_restarts = 2
step = [ 0.5 0.05 5 0.1 0.0999995 1 0.075 0.1 0.025 ]

planner = TRRTkConfigDefault
metric = relevancy
scene = scene_ground_with_boxes
query = RANDOM_pose47
countdown = 4.001
acceptance = 1-t/T
run = 1
range, goal_bias, max_states_failed, temp_change_factor, min_temperature, init_temperature, frountier_threshold, frountierNodeRatio, k_constant, quality:
0, 0.05, 10, 2, 10e-10, 10e-6, 0, 0.1, 0, 0.0357865;
succeeding_restarts = 1
step = [ 0.5 0.05 5 0.1 0.0999995 1 0.075 0.1 0.025 ]

planner = TRRTkConfigDefault
metric = relevancy
scene = scene_ground_with_boxes
query = RANDOM_pose47
countdown = 4.001
acceptance = 1-t/T
run = 2
range, goal_bias, max_states_failed, temp_change_factor, min_temperature, init_temperature, frountier_threshold, frountierNodeRatio, k_constant, quality:
succeeding_restarts = 0
step = [ 0.5 0.05 5 0.1 0.0999995 1 0.075 0.1 0.025 ]

planner = TRRTkConfigDefault
metric = relevancy
scene = scene_ground_with_boxes
query = RANDOM_pose48
countdown = 4.001
acceptance = 1-t/T
run = 1
range, goal_bias, max_states_failed, temp_change_factor, min_temperature, init_temperature, frountier_threshold, frountierNodeRatio, k_constant, quality:
succeeding_restarts = 0
step = [ 0.5 0.05 5 0.1 0.0999995 1 0.075 0.1 0.025 ]

planner = TRRTkConfigDefault
metric = relevancy
scene = scene_ground_with_boxes
query = RANDOM_pose48
countdown = 4.001
acceptance = 1-t/T
run = 2
range, goal_bias, max_states_failed, temp_change_factor, min_temperature, init_temperature, frountier_threshold, frountierNodeRatio, k_constant, quality:
succeeding_restarts = 0
step = [ 0.5 0.05 5 0.1 0.0999995 1 0.075 0.1 0.025 ]

planner = TRRTkConfigDefault
metric = relevancy
scene = scene_ground_with_boxes
query = RANDOM_pose49
countdown = 4.001
acceptance = 1-t/T
run = 1
range, goal_bias, max_states_failed, temp_change_factor, min_temperature, init_temperature, frountier_threshold, frountierNodeRatio, k_constant, quality:
succeeding_restarts = 0
step = [ 0.5 0.05 5 0.1 0.0999995 1 0.075 0.1 0.025 ]

planner = TRRTkConfigDefault
metric = relevancy
scene = scene_ground_with_boxes
query = RANDOM_pose49
countdown = 4.001
acceptance = 1-t/T
run = 2
range, goal_bias, max_states_failed, temp_change_factor, min_temperature, init_temperature, frountier_threshold, frountierNodeRatio, k_constant, quality:
succeeding_restarts = 0
step = [ 0.5 0.05 5 0.1 0.0999995 1 0.075 0.1 0.025 ]

planner = TRRTkConfigDefault
metric = relevancy
scene = scene_ground_with_boxes
query = RANDOM_pose0
countdown = 4.001
acceptance = 1-t/T
run = 1
range, goal_bias, max_states_failed, temp_change_factor, min_temperature, init_temperature, frountier_threshold, frountierNodeRatio, k_constant, quality:
succeeding_restarts = 0
step = [ 0.5 0.05 5 0.1 0.0999995 1 0.075 0.1 0.025 ]

planner = TRRTkConfigDefault
metric = relevancy
scene = scene_ground_with_boxes
query = RANDOM_pose0
countdown = 4.001
acceptance = 1-t/T
run = 2
range, goal_bias, max_states_failed, temp_change_factor, min_temperature, init_temperature, frountier_threshold, frountierNodeRatio, k_constant, quality:
succeeding_restarts = 0
step = [ 0.5 0.05 5 0.1 0.0999995 1 0.075 0.1 0.025 ]

planner = TRRTkConfigDefault
metric = relevancy
scene = scene_ground_with_boxes
query = RANDOM_pose1
countdown = 4.001
acceptance = 1-t/T
run = 1
range, goal_bias, max_states_failed, temp_change_factor, min_temperature, init_temperature, frountier_threshold, frountierNodeRatio, k_constant, quality:
0, 0.05, 10, 2, 10e-10, 10e-6, 0, 0.1, 0, 0.106241;
0.5, 0.1, 15, 0.9, 10e-10, 10e-6, 0.575, 0.1, 0.025, 0.0517384;
0.5, 0.1, 15, 0.9, 10e-10, 10e-6, 0.575, 0.1, 0.025, 0.104788;
0.5, 0.15, 15, 0.9, 10e-10, 10e-6, 0.5, 0.2, 0.025, 0.0868085;
0.5, 0.1, 15, 0.9, 10e-10, 10e-6, 0.5, 0.2, 0.025, 0.0953191;
1, 0.15, 20, 0.9, 10e-10, 10e-6, 0.575, 0.2, 0, 0.103738;
1, 0.1, 15, 0.9, 10e-10, 10e-6, 0.5, 0.1, 0.025, 0.105248;
0.5, 0.1, 15, 0.9, 10e-10, 10e-6, 0.5, 0.2, 0.025, 0.161194;
1, 0.1, 10, 0.8, 10e-10, 10e-6, 0.575, 0.3, 0.025, 0.0770597;
1, 0.1, 10, 0.8, 10e-10, 10e-6, 0.575, 0.3, 0.05, 0.101741;
succeeding_restarts = 10
step = [ 0.5 0.05 5 0.1 0.0999995 1 0.075 0.1 0.025 ]

planner = TRRTkConfigDefault
metric = relevancy
scene = scene_ground_with_boxes
query = RANDOM_pose1
countdown = 4.001
acceptance = 1-t/T
run = 2
range, goal_bias, max_states_failed, temp_change_factor, min_temperature, init_temperature, frountier_threshold, frountierNodeRatio, k_constant, quality:
0, 0.05, 10, 2, 10e-10, 10e-6, 0, 0.1, 0, 0.0952108;
0.5, 0.05, 15, 0.9, 10e-10, 10e-6, 0.575, 0, 0.025, 0.152463;
0.5, 0, 20, 1, 10e-10, 10e-6, 0.575, 0, 0.025, 0.126509;
0.5, 0.05, 20, 0.9, 10e-10, 10e-6, 0.5, 0, 0.025, 0.0788958;
1, 0.1, 20, 1, 10e-10, 10e-6, 0.575, 0.10001, 0.05, 0.0712252;
0.5, 0.15, 15, 1, 10e-10, 10e-6, 0.5, 0.10001, 0.025, 0.0660493;
0.5, 0.2, 10, 1, 10e-10, 10e-6, 0.5, 0.10001, 0, 0.0885588;
1, 0.15, 15, 0.9, 10e-10, 10e-6, 0.575, 0.20001, 0.025, 0.0941967;
1, 0.15, 20, 0.9, 10e-10, 10e-6, 0.5, 0.10001, 0.025, 0.0740144;
1, 0.2, 15, 0.9, 10e-10, 10e-6, 0.575, 1e-05, 0.025, 0.107041;
succeeding_restarts = 10
step = [ 0.5 0.05 5 0.1 0.0999995 1 0.075 0.1 0.025 ]

planner = TRRTkConfigDefault
metric = relevancy
scene = scene_ground_with_boxes
query = RANDOM_pose2
countdown = 4.001
acceptance = 1-t/T
run = 1
range, goal_bias, max_states_failed, temp_change_factor, min_temperature, init_temperature, frountier_threshold, frountierNodeRatio, k_constant, quality:
succeeding_restarts = 0
step = [ 0.5 0.05 5 0.1 0.0999995 1 0.075 0.1 0.025 ]

planner = TRRTkConfigDefault
metric = relevancy
scene = scene_ground_with_boxes
query = RANDOM_pose2
countdown = 4.001
acceptance = 1-t/T
run = 2
range, goal_bias, max_states_failed, temp_change_factor, min_temperature, init_temperature, frountier_threshold, frountierNodeRatio, k_constant, quality:
succeeding_restarts = 0
step = [ 0.5 0.05 5 0.1 0.0999995 1 0.075 0.1 0.025 ]

planner = TRRTkConfigDefault
metric = relevancy
scene = scene_ground_with_boxes
query = RANDOM_pose3
countdown = 4.001
acceptance = 1-t/T
run = 1
range, goal_bias, max_states_failed, temp_change_factor, min_temperature, init_temperature, frountier_threshold, frountierNodeRatio, k_constant, quality:
succeeding_restarts = 0
step = [ 0.5 0.05 5 0.1 0.0999995 1 0.075 0.1 0.025 ]

planner = TRRTkConfigDefault
metric = relevancy
scene = scene_ground_with_boxes
query = RANDOM_pose3
countdown = 4.001
acceptance = 1-t/T
run = 2
range, goal_bias, max_states_failed, temp_change_factor, min_temperature, init_temperature, frountier_threshold, frountierNodeRatio, k_constant, quality:
succeeding_restarts = 0
step = [ 0.5 0.05 5 0.1 0.0999995 1 0.075 0.1 0.025 ]

planner = TRRTkConfigDefault
metric = relevancy
scene = scene_ground_with_boxes
query = RANDOM_pose4
countdown = 4.001
acceptance = 1-t/T
run = 1
range, goal_bias, max_states_failed, temp_change_factor, min_temperature, init_temperature, frountier_threshold, frountierNodeRatio, k_constant, quality:
succeeding_restarts = 0
step = [ 0.5 0.05 5 0.1 0.0999995 1 0.075 0.1 0.025 ]

planner = TRRTkConfigDefault
metric = relevancy
scene = scene_ground_with_boxes
query = RANDOM_pose4
countdown = 4.001
acceptance = 1-t/T
run = 2
range, goal_bias, max_states_failed, temp_change_factor, min_temperature, init_temperature, frountier_threshold, frountierNodeRatio, k_constant, quality:
succeeding_restarts = 0
step = [ 0.5 0.05 5 0.1 0.0999995 1 0.075 0.1 0.025 ]

planner = TRRTkConfigDefault
metric = relevancy
scene = scene_ground_with_boxes
query = RANDOM_pose5
countdown = 4.001
acceptance = 1-t/T
run = 1
range, goal_bias, max_states_failed, temp_change_factor, min_temperature, init_temperature, frountier_threshold, frountierNodeRatio, k_constant, quality:
succeeding_restarts = 0
step = [ 0.5 0.05 5 0.1 0.0999995 1 0.075 0.1 0.025 ]

planner = TRRTkConfigDefault
metric = relevancy
scene = scene_ground_with_boxes
query = RANDOM_pose5
countdown = 4.001
acceptance = 1-t/T
run = 2
range, goal_bias, max_states_failed, temp_change_factor, min_temperature, init_temperature, frountier_threshold, frountierNodeRatio, k_constant, quality:
succeeding_restarts = 0
step = [ 0.5 0.05 5 0.1 0.0999995 1 0.075 0.1 0.025 ]

planner = TRRTkConfigDefault
metric = relevancy
scene = scene_ground_with_boxes
query = RANDOM_pose6
countdown = 4.001
acceptance = 1-t/T
run = 1
range, goal_bias, max_states_failed, temp_change_factor, min_temperature, init_temperature, frountier_threshold, frountierNodeRatio, k_constant, quality:
succeeding_restarts = 0
step = [ 0.5 0.05 5 0.1 0.0999995 1 0.075 0.1 0.025 ]

planner = TRRTkConfigDefault
metric = relevancy
scene = scene_ground_with_boxes
query = RANDOM_pose6
countdown = 4.001
acceptance = 1-t/T
run = 2
range, goal_bias, max_states_failed, temp_change_factor, min_temperature, init_temperature, frountier_threshold, frountierNodeRatio, k_constant, quality:
succeeding_restarts = 0
step = [ 0.5 0.05 5 0.1 0.0999995 1 0.075 0.1 0.025 ]

planner = TRRTkConfigDefault
metric = relevancy
scene = scene_ground_with_boxes
query = RANDOM_pose7
countdown = 4.001
acceptance = 1-t/T
run = 1
range, goal_bias, max_states_failed, temp_change_factor, min_temperature, init_temperature, frountier_threshold, frountierNodeRatio, k_constant, quality:
succeeding_restarts = 0
step = [ 0.5 0.05 5 0.1 0.0999995 1 0.075 0.1 0.025 ]

planner = TRRTkConfigDefault
metric = relevancy
scene = scene_ground_with_boxes
query = RANDOM_pose7
countdown = 4.001
acceptance = 1-t/T
run = 2
range, goal_bias, max_states_failed, temp_change_factor, min_temperature, init_temperature, frountier_threshold, frountierNodeRatio, k_constant, quality:
succeeding_restarts = 0
step = [ 0.5 0.05 5 0.1 0.0999995 1 0.075 0.1 0.025 ]

planner = TRRTkConfigDefault
metric = relevancy
scene = scene_ground_with_boxes
query = RANDOM_pose9
countdown = 4.001
acceptance = 1-t/T
run = 1
range, goal_bias, max_states_failed, temp_change_factor, min_temperature, init_temperature, frountier_threshold, frountierNodeRatio, k_constant, quality:
succeeding_restarts = 0
step = [ 0.5 0.05 5 0.1 0.0999995 1 0.075 0.1 0.025 ]

planner = TRRTkConfigDefault
metric = relevancy
scene = scene_ground_with_boxes
query = RANDOM_pose9
countdown = 4.001
acceptance = 1-t/T
run = 2
range, goal_bias, max_states_failed, temp_change_factor, min_temperature, init_temperature, frountier_threshold, frountierNodeRatio, k_constant, quality:
succeeding_restarts = 0
step = [ 0.5 0.05 5 0.1 0.0999995 1 0.075 0.1 0.025 ]

planner = TRRTkConfigDefault
metric = relevancy
scene = scene_ground_with_boxes
query = RANDOM_pose11
countdown = 4.001
acceptance = 1-t/T
run = 1
range, goal_bias, max_states_failed, temp_change_factor, min_temperature, init_temperature, frountier_threshold, frountierNodeRatio, k_constant, quality:
succeeding_restarts = 0
step = [ 0.5 0.05 5 0.1 0.0999995 1 0.075 0.1 0.025 ]

planner = TRRTkConfigDefault
metric = relevancy
scene = scene_ground_with_boxes
query = RANDOM_pose11
countdown = 4.001
acceptance = 1-t/T
run = 2
range, goal_bias, max_states_failed, temp_change_factor, min_temperature, init_temperature, frountier_threshold, frountierNodeRatio, k_constant, quality:
succeeding_restarts = 0
step = [ 0.5 0.05 5 0.1 0.0999995 1 0.075 0.1 0.025 ]

planner = TRRTkConfigDefault
metric = relevancy
scene = scene_ground_with_boxes
query = RANDOM_pose12
countdown = 4.001
acceptance = 1-t/T
run = 1
range, goal_bias, max_states_failed, temp_change_factor, min_temperature, init_temperature, frountier_threshold, frountierNodeRatio, k_constant, quality:
succeeding_restarts = 0
step = [ 0.5 0.05 5 0.1 0.0999995 1 0.075 0.1 0.025 ]

planner = TRRTkConfigDefault
metric = relevancy
scene = scene_ground_with_boxes
query = RANDOM_pose12
countdown = 4.001
acceptance = 1-t/T
run = 2
range, goal_bias, max_states_failed, temp_change_factor, min_temperature, init_temperature, frountier_threshold, frountierNodeRatio, k_constant, quality:
succeeding_restarts = 0
step = [ 0.5 0.05 5 0.1 0.0999995 1 0.075 0.1 0.025 ]

planner = TRRTkConfigDefault
metric = relevancy
scene = scene_ground_with_boxes
query = RANDOM_pose13
countdown = 4.001
acceptance = 1-t/T
run = 1
range, goal_bias, max_states_failed, temp_change_factor, min_temperature, init_temperature, frountier_threshold, frountierNodeRatio, k_constant, quality:
succeeding_restarts = 0
step = [ 0.5 0.05 5 0.1 0.0999995 1 0.075 0.1 0.025 ]

planner = TRRTkConfigDefault
metric = relevancy
scene = scene_ground_with_boxes
query = RANDOM_pose13
countdown = 4.001
acceptance = 1-t/T
run = 2
range, goal_bias, max_states_failed, temp_change_factor, min_temperature, init_temperature, frountier_threshold, frountierNodeRatio, k_constant, quality:
succeeding_restarts = 0
step = [ 0.5 0.05 5 0.1 0.0999995 1 0.075 0.1 0.025 ]

planner = TRRTkConfigDefault
metric = relevancy
scene = scene_ground_with_boxes
query = RANDOM_pose14
countdown = 4.001
acceptance = 1-t/T
run = 1
range, goal_bias, max_states_failed, temp_change_factor, min_temperature, init_temperature, frountier_threshold, frountierNodeRatio, k_constant, quality:
succeeding_restarts = 0
step = [ 0.5 0.05 5 0.1 0.0999995 1 0.075 0.1 0.025 ]

planner = TRRTkConfigDefault
metric = relevancy
scene = scene_ground_with_boxes
query = RANDOM_pose14
countdown = 4.001
acceptance = 1-t/T
run = 2
range, goal_bias, max_states_failed, temp_change_factor, min_temperature, init_temperature, frountier_threshold, frountierNodeRatio, k_constant, quality:
succeeding_restarts = 0
step = [ 0.5 0.05 5 0.1 0.0999995 1 0.075 0.1 0.025 ]

planner = TRRTkConfigDefault
metric = relevancy
scene = scene_ground_with_boxes
query = RANDOM_pose19
countdown = 4.001
acceptance = 1-t/T
run = 1
range, goal_bias, max_states_failed, temp_change_factor, min_temperature, init_temperature, frountier_threshold, frountierNodeRatio, k_constant, quality:
succeeding_restarts = 0
step = [ 0.5 0.05 5 0.1 0.0999995 1 0.075 0.1 0.025 ]

planner = TRRTkConfigDefault
metric = relevancy
scene = scene_ground_with_boxes
query = RANDOM_pose19
countdown = 4.001
acceptance = 1-t/T
run = 2
range, goal_bias, max_states_failed, temp_change_factor, min_temperature, init_temperature, frountier_threshold, frountierNodeRatio, k_constant, quality:
succeeding_restarts = 0
step = [ 0.5 0.05 5 0.1 0.0999995 1 0.075 0.1 0.025 ]

planner = TRRTkConfigDefault
metric = relevancy
scene = scene_ground_with_boxes
query = RANDOM_pose20
countdown = 4.001
acceptance = 1-t/T
run = 1
range, goal_bias, max_states_failed, temp_change_factor, min_temperature, init_temperature, frountier_threshold, frountierNodeRatio, k_constant, quality:
0, 0.05, 10, 2, 10e-10, 10e-6, 0, 0.1, 0, 0.0401088;
succeeding_restarts = 1
step = [ 0.5 0.05 5 0.1 0.0999995 1 0.075 0.1 0.025 ]

planner = TRRTkConfigDefault
metric = relevancy
scene = scene_ground_with_boxes
query = RANDOM_pose20
countdown = 4.001
acceptance = 1-t/T
run = 2
range, goal_bias, max_states_failed, temp_change_factor, min_temperature, init_temperature, frountier_threshold, frountierNodeRatio, k_constant, quality:
0, 0.05, 10, 2, 10e-10, 10e-6, 0, 0.1, 0, 0.051112;
0, 0.1, 10, 0.9, 10e-10, 10e-6, 0.575, 0.2, 0.025, 0.0466757;
succeeding_restarts = 2
step = [ 0.5 0.05 5 0.1 0.0999995 1 0.075 0.1 0.025 ]

planner = TRRTkConfigDefault
metric = relevancy
scene = scene_ground_with_boxes
query = RANDOM_pose22
countdown = 4.001
acceptance = 1-t/T
run = 1
range, goal_bias, max_states_failed, temp_change_factor, min_temperature, init_temperature, frountier_threshold, frountierNodeRatio, k_constant, quality:
succeeding_restarts = 0
step = [ 0.5 0.05 5 0.1 0.0999995 1 0.075 0.1 0.025 ]

planner = TRRTkConfigDefault
metric = relevancy
scene = scene_ground_with_boxes
query = RANDOM_pose22
countdown = 4.001
acceptance = 1-t/T
run = 2
range, goal_bias, max_states_failed, temp_change_factor, min_temperature, init_temperature, frountier_threshold, frountierNodeRatio, k_constant, quality:
succeeding_restarts = 0
step = [ 0.5 0.05 5 0.1 0.0999995 1 0.075 0.1 0.025 ]

planner = TRRTkConfigDefault
metric = relevancy
scene = scene_ground_with_boxes
query = RANDOM_pose23
countdown = 4.001
acceptance = 1-t/T
run = 1
range, goal_bias, max_states_failed, temp_change_factor, min_temperature, init_temperature, frountier_threshold, frountierNodeRatio, k_constant, quality:
succeeding_restarts = 0
step = [ 0.5 0.05 5 0.1 0.0999995 1 0.075 0.1 0.025 ]

planner = TRRTkConfigDefault
metric = relevancy
scene = scene_ground_with_boxes
query = RANDOM_pose23
countdown = 4.001
acceptance = 1-t/T
run = 2
range, goal_bias, max_states_failed, temp_change_factor, min_temperature, init_temperature, frountier_threshold, frountierNodeRatio, k_constant, quality:
0, 0.05, 10, 2, 10e-10, 10e-6, 0, 0.1, 0, 0.363654;
0, 0.1, 10, 2, 10e-10, 10e-6, 0.575, 0.2, 0, 0.43665;
0, 0.1, 5, 2, 10e-10, 10e-6, 0.575, 0.2, 0, 0.302072;
0.5, 0.15, 10, 0.9, 10e-10, 10e-6, 0.65, 0.1, 0, 0.304342;
0, 0.2, 10, 0.9, 10e-10, 10e-6, 0.575, 0.2, 0.025, 0.307949;
0, 0.15, 5, 0.8, 10e-10, 10e-6, 0.5, 0.3, 0, 0.326001;
0.5, 0.2, 10, 0.9, 10e-10, 10e-6, 0.575, 0.4, 0.025, 0.251218;
0.5, 0.25, 10, 0.9, 10e-10, 10e-6, 0.575, 0.3, 0.025, 0.39684;
0.5, 0.2, 10, 0.8, 10e-10, 10e-6, 0.65, 0.2, 0.05, 0.290458;
1, 0.2, 5, 0.9, 10e-10, 10e-6, 0.575, 0.3, 0.025, 0.276614;
1.5, 0.15, 5, 0.9, 10e-10, 10e-6, 0.575, 0.3, 0, 0.283625;
1, 0.2, 10, 1, 10e-10, 10e-6, 0.5, 0.2, 0.025, 0.166924;
1.5, 0.25, 5, 0.9, 10e-10, 10e-6, 0.575, 0.3, 0.05, 0.350639;
1, 0.25, 10, 0.9, 10e-10, 10e-6, 0.65, 0.4, 0.05, 0.414006;
1, 0.25, 15, 0.9, 10e-10, 10e-6, 0.65, 0.4, 0.05, 0.250474;
1.5, 0.25, 20, 0.9, 10e-10, 10e-6, 0.65, 0.4, 0.05, 0.428131;
1.5, 0.25, 25, 0.9, 10e-10, 10e-6, 0.575, 0.4, 0.05, 0.476004;
1.5, 0.25, 30, 0.8, 10e-10, 10e-6, 0.65, 0.4, 0.025, 0.131005;
1.5, 0.25, 35, 0.8, 10e-10, 10e-6, 0.575, 0.4, 0.025, 0.2828;
2, 0.25, 30, 0.7, 10e-10, 10e-6, 0.575, 0.3, 0, 0.257559;
2, 0.2, 35, 0.6, 10e-10, 10e-6, 0.65, 0.2, 0, 0.481274;
2, 0.15, 35, 0.5, 10e-10, 10e-6, 0.725, 0.3, 0, 0.28815;
2, 0.15, 35, 0.4, 10e-10, 10e-6, 0.65, 0.2, 0, 0.492869;
2, 0.15, 35, 0.4, 10e-10, 10e-6, 0.65, 0.2, 0.025, 0.52346;
1.5, 0.1, 30, 0.4, 10e-10, 10e-6, 0.725, 0.3, 0.05, 0.176626;
1.5, 0.15, 25, 0.4, 10e-10, 10e-6, 0.725, 0.3, 0.05, 0.244108;
1.5, 0.15, 30, 0.5, 10e-10, 10e-6, 0.725, 0.2, 0.075, 0.338104;
1, 0.15, 35, 0.4, 10e-10, 10e-6, 0.725, 0.3, 0.1, 0.156954;
0.5, 0.2, 30, 0.3, 10e-10, 10e-6, 0.65, 0.2, 0.125, 0.191238;
0, 0.2, 30, 0.4, 10e-10, 10e-6, 0.725, 0.1, 0.15, 0.540885;
0, 0.25, 30, 0.4, 10e-10, 10e-6, 0.725, 0.1, 0.15, 0.319202;
succeeding_restarts = 31
step = [ 0.5 0.05 5 0.1 0.0999995 1 0.075 0.1 0.025 ]

planner = TRRTkConfigDefault
metric = relevancy
scene = scene_ground_with_boxes
query = RANDOM_pose29
countdown = 4.001
acceptance = 1-t/T
run = 1
range, goal_bias, max_states_failed, temp_change_factor, min_temperature, init_temperature, frountier_threshold, frountierNodeRatio, k_constant, quality:
0, 0.05, 10, 2, 10e-10, 10e-6, 0, 0.1, 0, 0.135673;
0.5, 0.05, 10, 2, 10e-10, 10e-6, 0.575, 0.2, 0.025, 0.532357;
0.5, 0.1, 15, 2, 10e-10, 10e-6, 0.575, 0.1, 0.05, 0.308649;
0.5, 0.05, 15, 2, 10e-10, 10e-6, 0.575, 0.1, 0.05, 0.224972;
0.5, 0.05, 10, 2, 10e-10, 10e-6, 0.575, 0, 0.05, 0.269889;
1, 0.1, 15, 2, 10e-10, 10e-6, 0.5, 0.10001, 0.025, 0.334276;
1, 0.05, 15, 2, 10e-10, 10e-6, 0.5, 0.10001, 0.025, 0.308722;
1.5, 0.05, 15, 0.9, 10e-10, 10e-6, 0.5, 0.20001, 0.05, 0.277128;
1, 0, 15, 0.9, 10e-10, 10e-6, 0.5, 0.20001, 0.05, 0.280691;
1, 0.05, 15, 0.8, 10e-10, 10e-6, 0.5, 0.30001, 0.025, 0.20898;
1.5, 0.1, 20, 0.7, 10e-10, 10e-6, 0.575, 0.20001, 0.05, 0.44437;
1.5, 0.1, 20, 0.7, 10e-10, 10e-6, 0.5, 0.20001, 0.05, 0.152332;
1.5, 0.05, 15, 0.6, 10e-10, 10e-6, 0.5, 0.20001, 0.05, 0.162394;
2, 0.1, 15, 0.5, 10e-10, 10e-6, 0.575, 0.30001, 0.025, 0.376412;
1.5, 0.15, 10, 0.4, 10e-10, 10e-6, 0.5, 0.40001, 0, 0.435632;
1.5, 0.15, 10, 0.4, 10e-10, 10e-6, 0.5, 0.30001, 0, 0.171203;
1, 0.15, 15, 0.4, 10e-10, 10e-6, 0.5, 0.30001, 0.025, 0.200969;
1.5, 0.15, 20, 0.4, 10e-10, 10e-6, 0.575, 0.30001, 0.025, 0.252226;
1.5, 0.2, 15, 0.4, 10e-10, 10e-6, 0.5, 0.30001, 0.025, 0.289418;
2, 0.15, 10, 0.3, 10e-10, 10e-6, 0.575, 0.40001, 0, 0.365924;
2.5, 0.2, 5, 0.2, 10e-10, 10e-6, 0.5, 0.30001, 0.025, 0.427249;
2, 0.25, 10, 0.1, 10e-10, 10e-6, 0.575, 0.40001, 0, 0.26344;
1.5, 0.2, 5, 0.1, 10e-10, 10e-6, 0.65, 0.50001, 0.025, 0.289314;
2, 0.2, 10, 0.1, 10e-10, 10e-6, 0.65, 0.40001, 0.025, 0.307652;
succeeding_restarts = 24
step = [ 0.5 0.05 5 0.1 0.0999995 1 0.075 0.1 0.025 ]

planner = TRRTkConfigDefault
metric = relevancy
scene = scene_ground_with_boxes
query = RANDOM_pose29
countdown = 4.001
acceptance = 1-t/T
run = 2
range, goal_bias, max_states_failed, temp_change_factor, min_temperature, init_temperature, frountier_threshold, frountierNodeRatio, k_constant, quality:
0, 0.05, 10, 2, 10e-10, 10e-6, 0, 0.1, 0, 0.214535;
0, 0.05, 10, 2, 10e-10, 10e-6, 0.575, 0.2, 0.025, 0.338081;
0.5, 0, 10, 2, 10e-10, 10e-6, 0.575, 0.2, 0.025, 0.34248;
1, 0, 5, 0.9, 10e-10, 10e-6, 0.575, 0.3, 0.025, 0.480193;
0.5, 0.05, 5, 0.9, 10e-10, 10e-6, 0.65, 0.4, 0.025, 0.436152;
0, 0, 10, 1, 10e-10, 10e-6, 0.725, 0.5, 0.05, 0.243892;
0, 0.05, 10, 1, 10e-10, 10e-6, 0.725, 0.5, 0.05, 0.217087;
0, 0.05, 15, 1, 10e-10, 10e-6, 0.65, 0.4, 0.075, 0.262615;
0, 0, 20, 1, 10e-10, 10e-6, 0.725, 0.5, 0.075, 0.333147;
0, 0, 25, 1, 10e-10, 10e-6, 0.65, 0.5, 0.05, 0.304614;
0.5, 0, 30, 1, 10e-10, 10e-6, 0.575, 0.4, 0.05, 0.176767;
1, 0, 25, 0.9, 10e-10, 10e-6, 0.575, 0.3, 0.025, 0.34742;
1, 0, 25, 0.9, 10e-10, 10e-6, 0.575, 0.3, 0.025, 0.188671;
1, 0, 20, 0.9, 10e-10, 10e-6, 0.5, 0.3, 0.025, 0.325147;
1.5, 0, 20, 0.8, 10e-10, 10e-6, 0.5, 0.3, 6.93889e-18, 0.261127;
1.5, 0, 25, 0.8, 10e-10, 10e-6, 0.575, 0.3, 6.93889e-18, 0.478814;
2, 0, 25, 0.9, 10e-10, 10e-6, 0.5, 0.4, 6.93889e-18, 0.380903;
2, 0, 30, 1, 10e-10, 10e-6, 0.575, 0.3, 6.93889e-18, 0.223716;
2, 0.05, 35, 1, 10e-10, 10e-6, 0.5, 0.4, -0.025, 0.26702;
2, 0.05, 35, 0.9, 10e-10, 10e-6, 0.575, 0.3, 0.025, 0.230653;
2.5, 0.05, 40, 0.9, 10e-10, 10e-6, 0.575, 0.3, 0, 0.162026;
3, 0.1, 40, 0.9, 10e-10, 10e-6, 0.575, 0.3, 0.025, 0.270776;
3.5, 0.1, 40, 0.9, 10e-10, 10e-6, 0.575, 0.3, 0.025, 0.149191;
3, 0.1, 45, 1, 10e-10, 10e-6, 0.5, 0.2, 0, 0.194566;
3.5, 0.1, 45, 1, 10e-10, 10e-6, 0.5, 0.1, 0, 0.270977;
3, 0.05, 45, 1, 10e-10, 10e-6, 0.575, 0.1, 0, 0.286243;
3, 0.05, 40, 1, 10e-10, 10e-6, 0.575, 2.77556e-17, 0, 0.344667;
3, 0.05, 45, 0.9, 10e-10, 10e-6, 0.5, 0.10001, 0.025, 0.268546;
2.5, 0, 50, 1, 10e-10, 10e-6, 0.575, 1e-05, 0, 0.326642;
2.5, 0, 50, 0.9, 10e-10, 10e-6, 0.575, 0.10001, 0, 0.264839;
2.5, 0, 55, 0.8, 10e-10, 10e-6, 0.575, 0.10001, 0, 0.394368;
2, 0.05, 50, 0.8, 10e-10, 10e-6, 0.65, 1e-05, 0.025, 0.268915;
2, 0.05, 50, 0.7, 10e-10, 10e-6, 0.575, 0.10001, 0, 0.260882;
1.5, 0.1, 55, 0.6, 10e-10, 10e-6, 0.575, 1e-05, 0.025, 0.209705;
1.5, 0.15, 55, 0.6, 10e-10, 10e-6, 0.575, 1e-05, 0.025, 0.54102;
1.5, 0.2, 60, 0.5, 10e-10, 10e-6, 0.5, 1e-05, 0.05, 0.276788;
1, 0.15, 65, 0.6, 10e-10, 10e-6, 0.575, 0.10001, 0.025, 0.3892;
1, 0.1, 60, 0.5, 10e-10, 10e-6, 0.65, 0.10001, 0.05, 0.206519;
1, 0.05, 60, 0.5, 10e-10, 10e-6, 0.65, 0.10001, 0.05, 0.207407;
0.5, 0.05, 65, 0.6, 10e-10, 10e-6, 0.65, 0.20001, 0.05, 0.440869;
succeeding_restarts = 40
step = [ 0.5 0.05 5 0.1 0.0999995 1 0.075 0.1 0.025 ]

planner = TRRTkConfigDefault
metric = relevancy
scene = scene_ground_with_boxes
query = RANDOM_pose30
countdown = 4.001
acceptance = 1-t/T
run = 1
range, goal_bias, max_states_failed, temp_change_factor, min_temperature, init_temperature, frountier_threshold, frountierNodeRatio, k_constant, quality:
succeeding_restarts = 0
step = [ 0.5 0.05 5 0.1 0.0999995 1 0.075 0.1 0.025 ]

planner = TRRTkConfigDefault
metric = relevancy
scene = scene_ground_with_boxes
query = RANDOM_pose30
countdown = 4.001
acceptance = 1-t/T
run = 2
range, goal_bias, max_states_failed, temp_change_factor, min_temperature, init_temperature, frountier_threshold, frountierNodeRatio, k_constant, quality:
succeeding_restarts = 0
step = [ 0.5 0.05 5 0.1 0.0999995 1 0.075 0.1 0.025 ]

..