planner = TRRTkConfigDefault
metric = relevancy
scene = scene_ground_with_boxes
query = RANDOM_pose31
countdown = 0.001
acceptance = 1-t/T
run = 1
range, goal_bias, max_states_failed, temp_change_factor, min_temperature, init_temperature, frountier_threshold, frountierNodeRatio, k_constant, quality:
succeeding_restarts = 0
step = [ 0.5 0.05 5 0.1 0.0999995 1 0.075 0.1 0.025 ]

planner = TRRTkConfigDefault
metric = relevancy
scene = scene_ground_with_boxes
query = RANDOM_pose31
countdown = 0.001
acceptance = 1-t/T
run = 2
range, goal_bias, max_states_failed, temp_change_factor, min_temperature, init_temperature, frountier_threshold, frountierNodeRatio, k_constant, quality:
succeeding_restarts = 0
step = [ 0.5 0.05 5 0.1 0.0999995 1 0.075 0.1 0.025 ]

planner = TRRTkConfigDefault
metric = relevancy
scene = scene_ground_with_boxes
query = RANDOM_pose35
countdown = 0.001
acceptance = 1-t/T
run = 1
range, goal_bias, max_states_failed, temp_change_factor, min_temperature, init_temperature, frountier_threshold, frountierNodeRatio, k_constant, quality:
succeeding_restarts = 0
step = [ 0.5 0.05 5 0.1 0.0999995 1 0.075 0.1 0.025 ]

planner = TRRTkConfigDefault
metric = relevancy
scene = scene_ground_with_boxes
query = RANDOM_pose35
countdown = 0.001
acceptance = 1-t/T
run = 2
range, goal_bias, max_states_failed, temp_change_factor, min_temperature, init_temperature, frountier_threshold, frountierNodeRatio, k_constant, quality:
succeeding_restarts = 0
step = [ 0.5 0.05 5 0.1 0.0999995 1 0.075 0.1 0.025 ]

planner = TRRTkConfigDefault
metric = relevancy
scene = scene_ground_with_boxes
query = RANDOM_pose36
countdown = 0.001
acceptance = 1-t/T
run = 1
range, goal_bias, max_states_failed, temp_change_factor, min_temperature, init_temperature, frountier_threshold, frountierNodeRatio, k_constant, quality:
succeeding_restarts = 0
step = [ 0.5 0.05 5 0.1 0.0999995 1 0.075 0.1 0.025 ]

planner = TRRTkConfigDefault
metric = relevancy
scene = scene_ground_with_boxes
query = RANDOM_pose36
countdown = 0.001
acceptance = 1-t/T
run = 2
range, goal_bias, max_states_failed, temp_change_factor, min_temperature, init_temperature, frountier_threshold, frountierNodeRatio, k_constant, quality:
succeeding_restarts = 0
step = [ 0.5 0.05 5 0.1 0.0999995 1 0.075 0.1 0.025 ]

planner = TRRTkConfigDefault
metric = relevancy
scene = scene_ground_with_boxes
query = RANDOM_pose37
countdown = 0.001
acceptance = 1-t/T
run = 1
range, goal_bias, max_states_failed, temp_change_factor, min_temperature, init_temperature, frountier_threshold, frountierNodeRatio, k_constant, quality:
succeeding_restarts = 0
step = [ 0.5 0.05 5 0.1 0.0999995 1 0.075 0.1 0.025 ]

planner = TRRTkConfigDefault
metric = relevancy
scene = scene_ground_with_boxes
query = RANDOM_pose37
countdown = 0.001
acceptance = 1-t/T
run = 2
range, goal_bias, max_states_failed, temp_change_factor, min_temperature, init_temperature, frountier_threshold, frountierNodeRatio, k_constant, quality:
succeeding_restarts = 0
step = [ 0.5 0.05 5 0.1 0.0999995 1 0.075 0.1 0.025 ]

planner = TRRTkConfigDefault
metric = relevancy
scene = scene_ground_with_boxes
query = RANDOM_pose38
countdown = 0.001
acceptance = 1-t/T
run = 1
range, goal_bias, max_states_failed, temp_change_factor, min_temperature, init_temperature, frountier_threshold, frountierNodeRatio, k_constant, quality:
succeeding_restarts = 0
step = [ 0.5 0.05 5 0.1 0.0999995 1 0.075 0.1 0.025 ]

planner = TRRTkConfigDefault
metric = relevancy
scene = scene_ground_with_boxes
query = RANDOM_pose38
countdown = 0.001
acceptance = 1-t/T
run = 2
range, goal_bias, max_states_failed, temp_change_factor, min_temperature, init_temperature, frountier_threshold, frountierNodeRatio, k_constant, quality:
succeeding_restarts = 0
step = [ 0.5 0.05 5 0.1 0.0999995 1 0.075 0.1 0.025 ]

planner = TRRTkConfigDefault
metric = relevancy
scene = scene_ground_with_boxes
query = RANDOM_pose42
countdown = 0.001
acceptance = 1-t/T
run = 1
range, goal_bias, max_states_failed, temp_change_factor, min_temperature, init_temperature, frountier_threshold, frountierNodeRatio, k_constant, quality:
succeeding_restarts = 0
step = [ 0.5 0.05 5 0.1 0.0999995 1 0.075 0.1 0.025 ]

planner = TRRTkConfigDefault
metric = relevancy
scene = scene_ground_with_boxes
query = RANDOM_pose42
countdown = 0.001
acceptance = 1-t/T
run = 2
range, goal_bias, max_states_failed, temp_change_factor, min_temperature, init_temperature, frountier_threshold, frountierNodeRatio, k_constant, quality:
succeeding_restarts = 0
step = [ 0.5 0.05 5 0.1 0.0999995 1 0.075 0.1 0.025 ]

planner = TRRTkConfigDefault
metric = relevancy
scene = scene_ground_with_boxes
query = RANDOM_pose8
countdown = 0.001
acceptance = 1-t/T
run = 1
range, goal_bias, max_states_failed, temp_change_factor, min_temperature, init_temperature, frountier_threshold, frountierNodeRatio, k_constant, quality:
succeeding_restarts = 0
step = [ 0.5 0.05 5 0.1 0.0999995 1 0.075 0.1 0.025 ]

planner = TRRTkConfigDefault
metric = relevancy
scene = scene_ground_with_boxes
query = RANDOM_pose8
countdown = 0.001
acceptance = 1-t/T
run = 2
range, goal_bias, max_states_failed, temp_change_factor, min_temperature, init_temperature, frountier_threshold, frountierNodeRatio, k_constant, quality:
succeeding_restarts = 0
step = [ 0.5 0.05 5 0.1 0.0999995 1 0.075 0.1 0.025 ]

planner = TRRTkConfigDefault
metric = relevancy
scene = scene_ground_with_boxes
query = RANDOM_pose10
countdown = 0.001
acceptance = 1-t/T
run = 1
range, goal_bias, max_states_failed, temp_change_factor, min_temperature, init_temperature, frountier_threshold, frountierNodeRatio, k_constant, quality:
succeeding_restarts = 0
step = [ 0.5 0.05 5 0.1 0.0999995 1 0.075 0.1 0.025 ]

planner = TRRTkConfigDefault
metric = relevancy
scene = scene_ground_with_boxes
query = RANDOM_pose10
countdown = 0.001
acceptance = 1-t/T
run = 2
range, goal_bias, max_states_failed, temp_change_factor, min_temperature, init_temperature, frountier_threshold, frountierNodeRatio, k_constant, quality:
succeeding_restarts = 0
step = [ 0.5 0.05 5 0.1 0.0999995 1 0.075 0.1 0.025 ]

planner = TRRTkConfigDefault
metric = relevancy
scene = scene_ground_with_boxes
query = RANDOM_pose15
countdown = 0.001
acceptance = 1-t/T
run = 1
range, goal_bias, max_states_failed, temp_change_factor, min_temperature, init_temperature, frountier_threshold, frountierNodeRatio, k_constant, quality:
succeeding_restarts = 0
step = [ 0.5 0.05 5 0.1 0.0999995 1 0.075 0.1 0.025 ]

planner = TRRTkConfigDefault
metric = relevancy
scene = scene_ground_with_boxes
query = RANDOM_pose15
countdown = 0.001
acceptance = 1-t/T
run = 2
range, goal_bias, max_states_failed, temp_change_factor, min_temperature, init_temperature, frountier_threshold, frountierNodeRatio, k_constant, quality:
succeeding_restarts = 0
step = [ 0.5 0.05 5 0.1 0.0999995 1 0.075 0.1 0.025 ]

planner = TRRTkConfigDefault
metric = relevancy
scene = scene_ground_with_boxes
query = RANDOM_pose16
countdown = 0.001
acceptance = 1-t/T
run = 1
range, goal_bias, max_states_failed, temp_change_factor, min_temperature, init_temperature, frountier_threshold, frountierNodeRatio, k_constant, quality:
succeeding_restarts = 0
step = [ 0.5 0.05 5 0.1 0.0999995 1 0.075 0.1 0.025 ]

planner = TRRTkConfigDefault
metric = relevancy
scene = scene_ground_with_boxes
query = RANDOM_pose16
countdown = 0.001
acceptance = 1-t/T
run = 2
range, goal_bias, max_states_failed, temp_change_factor, min_temperature, init_temperature, frountier_threshold, frountierNodeRatio, k_constant, quality:
succeeding_restarts = 0
step = [ 0.5 0.05 5 0.1 0.0999995 1 0.075 0.1 0.025 ]

planner = TRRTkConfigDefault
metric = relevancy
scene = scene_ground_with_boxes
query = RANDOM_pose17
countdown = 0.001
acceptance = 1-t/T
run = 1
range, goal_bias, max_states_failed, temp_change_factor, min_temperature, init_temperature, frountier_threshold, frountierNodeRatio, k_constant, quality:
succeeding_restarts = 0
step = [ 0.5 0.05 5 0.1 0.0999995 1 0.075 0.1 0.025 ]

planner = TRRTkConfigDefault
metric = relevancy
scene = scene_ground_with_boxes
query = RANDOM_pose17
countdown = 0.001
acceptance = 1-t/T
run = 2
range, goal_bias, max_states_failed, temp_change_factor, min_temperature, init_temperature, frountier_threshold, frountierNodeRatio, k_constant, quality:
succeeding_restarts = 0
step = [ 0.5 0.05 5 0.1 0.0999995 1 0.075 0.1 0.025 ]

planner = TRRTkConfigDefault
metric = relevancy
scene = scene_ground_with_boxes
query = RANDOM_pose18
countdown = 0.001
acceptance = 1-t/T
run = 1
range, goal_bias, max_states_failed, temp_change_factor, min_temperature, init_temperature, frountier_threshold, frountierNodeRatio, k_constant, quality:
succeeding_restarts = 0
step = [ 0.5 0.05 5 0.1 0.0999995 1 0.075 0.1 0.025 ]

planner = TRRTkConfigDefault
metric = relevancy
scene = scene_ground_with_boxes
query = RANDOM_pose18
countdown = 0.001
acceptance = 1-t/T
run = 2
range, goal_bias, max_states_failed, temp_change_factor, min_temperature, init_temperature, frountier_threshold, frountierNodeRatio, k_constant, quality:
succeeding_restarts = 0
step = [ 0.5 0.05 5 0.1 0.0999995 1 0.075 0.1 0.025 ]

planner = TRRTkConfigDefault
metric = relevancy
scene = scene_ground_with_boxes
query = RANDOM_pose21
countdown = 0.001
acceptance = 1-t/T
run = 1
range, goal_bias, max_states_failed, temp_change_factor, min_temperature, init_temperature, frountier_threshold, frountierNodeRatio, k_constant, quality:
succeeding_restarts = 0
step = [ 0.5 0.05 5 0.1 0.0999995 1 0.075 0.1 0.025 ]

planner = TRRTkConfigDefault
metric = relevancy
scene = scene_ground_with_boxes
query = RANDOM_pose21
countdown = 0.001
acceptance = 1-t/T
run = 2
range, goal_bias, max_states_failed, temp_change_factor, min_temperature, init_temperature, frountier_threshold, frountierNodeRatio, k_constant, quality:
succeeding_restarts = 0
step = [ 0.5 0.05 5 0.1 0.0999995 1 0.075 0.1 0.025 ]

planner = TRRTkConfigDefault
metric = relevancy
scene = scene_ground_with_boxes
query = RANDOM_pose24
countdown = 0.001
acceptance = 1-t/T
run = 1
range, goal_bias, max_states_failed, temp_change_factor, min_temperature, init_temperature, frountier_threshold, frountierNodeRatio, k_constant, quality:
succeeding_restarts = 0
step = [ 0.5 0.05 5 0.1 0.0999995 1 0.075 0.1 0.025 ]

planner = TRRTkConfigDefault
metric = relevancy
scene = scene_ground_with_boxes
query = RANDOM_pose24
countdown = 0.001
acceptance = 1-t/T
run = 2
range, goal_bias, max_states_failed, temp_change_factor, min_temperature, init_temperature, frountier_threshold, frountierNodeRatio, k_constant, quality:
succeeding_restarts = 0
step = [ 0.5 0.05 5 0.1 0.0999995 1 0.075 0.1 0.025 ]

planner = TRRTkConfigDefault
metric = relevancy
scene = scene_ground_with_boxes
query = RANDOM_pose25
countdown = 0.001
acceptance = 1-t/T
run = 1
range, goal_bias, max_states_failed, temp_change_factor, min_temperature, init_temperature, frountier_threshold, frountierNodeRatio, k_constant, quality:
succeeding_restarts = 0
step = [ 0.5 0.05 5 0.1 0.0999995 1 0.075 0.1 0.025 ]

planner = TRRTkConfigDefault
metric = relevancy
scene = scene_ground_with_boxes
query = RANDOM_pose25
countdown = 0.001
acceptance = 1-t/T
run = 2
range, goal_bias, max_states_failed, temp_change_factor, min_temperature, init_temperature, frountier_threshold, frountierNodeRatio, k_constant, quality:
succeeding_restarts = 0
step = [ 0.5 0.05 5 0.1 0.0999995 1 0.075 0.1 0.025 ]

planner = TRRTkConfigDefault
metric = relevancy
scene = scene_ground_with_boxes
query = RANDOM_pose26
countdown = 0.001
acceptance = 1-t/T
run = 1
range, goal_bias, max_states_failed, temp_change_factor, min_temperature, init_temperature, frountier_threshold, frountierNodeRatio, k_constant, quality:
succeeding_restarts = 0
step = [ 0.5 0.05 5 0.1 0.0999995 1 0.075 0.1 0.025 ]

planner = TRRTkConfigDefault
metric = relevancy
scene = scene_ground_with_boxes
query = RANDOM_pose26
countdown = 0.001
acceptance = 1-t/T
run = 2
range, goal_bias, max_states_failed, temp_change_factor, min_temperature, init_temperature, frountier_threshold, frountierNodeRatio, k_constant, quality:
succeeding_restarts = 0
step = [ 0.5 0.05 5 0.1 0.0999995 1 0.075 0.1 0.025 ]

planner = TRRTkConfigDefault
metric = relevancy
scene = scene_ground_with_boxes
query = RANDOM_pose27
countdown = 0.001
acceptance = 1-t/T
run = 1
range, goal_bias, max_states_failed, temp_change_factor, min_temperature, init_temperature, frountier_threshold, frountierNodeRatio, k_constant, quality:
succeeding_restarts = 0
step = [ 0.5 0.05 5 0.1 0.0999995 1 0.075 0.1 0.025 ]

planner = TRRTkConfigDefault
metric = relevancy
scene = scene_ground_with_boxes
query = RANDOM_pose27
countdown = 0.001
acceptance = 1-t/T
run = 2
range, goal_bias, max_states_failed, temp_change_factor, min_temperature, init_temperature, frountier_threshold, frountierNodeRatio, k_constant, quality:
succeeding_restarts = 0
step = [ 0.5 0.05 5 0.1 0.0999995 1 0.075 0.1 0.025 ]

planner = TRRTkConfigDefault
metric = relevancy
scene = scene_ground_with_boxes
query = RANDOM_pose28
countdown = 0.001
acceptance = 1-t/T
run = 1
range, goal_bias, max_states_failed, temp_change_factor, min_temperature, init_temperature, frountier_threshold, frountierNodeRatio, k_constant, quality:
succeeding_restarts = 0
step = [ 0.5 0.05 5 0.1 0.0999995 1 0.075 0.1 0.025 ]

planner = TRRTkConfigDefault
metric = relevancy
scene = scene_ground_with_boxes
query = RANDOM_pose28
countdown = 0.001
acceptance = 1-t/T
run = 2
range, goal_bias, max_states_failed, temp_change_factor, min_temperature, init_temperature, frountier_threshold, frountierNodeRatio, k_constant, quality:
succeeding_restarts = 0
step = [ 0.5 0.05 5 0.1 0.0999995 1 0.075 0.1 0.025 ]

planner = TRRTkConfigDefault
metric = relevancy
scene = scene_ground_with_boxes
query = RANDOM_pose32
countdown = 0.001
acceptance = 1-t/T
run = 1
range, goal_bias, max_states_failed, temp_change_factor, min_temperature, init_temperature, frountier_threshold, frountierNodeRatio, k_constant, quality:
succeeding_restarts = 0
step = [ 0.5 0.05 5 0.1 0.0999995 1 0.075 0.1 0.025 ]

planner = TRRTkConfigDefault
metric = relevancy
scene = scene_ground_with_boxes
query = RANDOM_pose32
countdown = 0.001
acceptance = 1-t/T
run = 2
range, goal_bias, max_states_failed, temp_change_factor, min_temperature, init_temperature, frountier_threshold, frountierNodeRatio, k_constant, quality:
succeeding_restarts = 0
step = [ 0.5 0.05 5 0.1 0.0999995 1 0.075 0.1 0.025 ]

planner = TRRTkConfigDefault
metric = relevancy
scene = scene_ground_with_boxes
query = RANDOM_pose33
countdown = 0.001
acceptance = 1-t/T
run = 1
range, goal_bias, max_states_failed, temp_change_factor, min_temperature, init_temperature, frountier_threshold, frountierNodeRatio, k_constant, quality:
succeeding_restarts = 0
step = [ 0.5 0.05 5 0.1 0.0999995 1 0.075 0.1 0.025 ]

planner = TRRTkConfigDefault
metric = relevancy
scene = scene_ground_with_boxes
query = RANDOM_pose33
countdown = 0.001
acceptance = 1-t/T
run = 2
range, goal_bias, max_states_failed, temp_change_factor, min_temperature, init_temperature, frountier_threshold, frountierNodeRatio, k_constant, quality:
succeeding_restarts = 0
step = [ 0.5 0.05 5 0.1 0.0999995 1 0.075 0.1 0.025 ]

planner = TRRTkConfigDefault
metric = relevancy
scene = scene_ground_with_boxes
query = RANDOM_pose34
countdown = 0.001
acceptance = 1-t/T
run = 1
range, goal_bias, max_states_failed, temp_change_factor, min_temperature, init_temperature, frountier_threshold, frountierNodeRatio, k_constant, quality:
succeeding_restarts = 0
step = [ 0.5 0.05 5 0.1 0.0999995 1 0.075 0.1 0.025 ]

planner = TRRTkConfigDefault
metric = relevancy
scene = scene_ground_with_boxes
query = RANDOM_pose34
countdown = 0.001
acceptance = 1-t/T
run = 2
range, goal_bias, max_states_failed, temp_change_factor, min_temperature, init_temperature, frountier_threshold, frountierNodeRatio, k_constant, quality:
succeeding_restarts = 0
step = [ 0.5 0.05 5 0.1 0.0999995 1 0.075 0.1 0.025 ]

planner = TRRTkConfigDefault
metric = relevancy
scene = scene_ground_with_boxes
query = RANDOM_pose39
countdown = 0.001
acceptance = 1-t/T
run = 1
range, goal_bias, max_states_failed, temp_change_factor, min_temperature, init_temperature, frountier_threshold, frountierNodeRatio, k_constant, quality:
succeeding_restarts = 0
step = [ 0.5 0.05 5 0.1 0.0999995 1 0.075 0.1 0.025 ]

planner = TRRTkConfigDefault
metric = relevancy
scene = scene_ground_with_boxes
query = RANDOM_pose39
countdown = 0.001
acceptance = 1-t/T
run = 2
range, goal_bias, max_states_failed, temp_change_factor, min_temperature, init_temperature, frountier_threshold, frountierNodeRatio, k_constant, quality:
succeeding_restarts = 0
step = [ 0.5 0.05 5 0.1 0.0999995 1 0.075 0.1 0.025 ]

planner = TRRTkConfigDefault
metric = relevancy
scene = scene_ground_with_boxes
query = RANDOM_pose40
countdown = 0.001
acceptance = 1-t/T
run = 1
range, goal_bias, max_states_failed, temp_change_factor, min_temperature, init_temperature, frountier_threshold, frountierNodeRatio, k_constant, quality:
succeeding_restarts = 0
step = [ 0.5 0.05 5 0.1 0.0999995 1 0.075 0.1 0.025 ]

planner = TRRTkConfigDefault
metric = relevancy
scene = scene_ground_with_boxes
query = RANDOM_pose40
countdown = 0.001
acceptance = 1-t/T
run = 2
range, goal_bias, max_states_failed, temp_change_factor, min_temperature, init_temperature, frountier_threshold, frountierNodeRatio, k_constant, quality:
succeeding_restarts = 0
step = [ 0.5 0.05 5 0.1 0.0999995 1 0.075 0.1 0.025 ]

planner = TRRTkConfigDefault
metric = relevancy
scene = scene_ground_with_boxes
query = RANDOM_pose41
countdown = 0.001
acceptance = 1-t/T
run = 1
range, goal_bias, max_states_failed, temp_change_factor, min_temperature, init_temperature, frountier_threshold, frountierNodeRatio, k_constant, quality:
succeeding_restarts = 0
step = [ 0.5 0.05 5 0.1 0.0999995 1 0.075 0.1 0.025 ]

planner = TRRTkConfigDefault
metric = relevancy
scene = scene_ground_with_boxes
query = RANDOM_pose41
countdown = 0.001
acceptance = 1-t/T
run = 2
range, goal_bias, max_states_failed, temp_change_factor, min_temperature, init_temperature, frountier_threshold, frountierNodeRatio, k_constant, quality:
succeeding_restarts = 0
step = [ 0.5 0.05 5 0.1 0.0999995 1 0.075 0.1 0.025 ]

planner = TRRTkConfigDefault
metric = relevancy
scene = scene_ground_with_boxes
query = RANDOM_pose43
countdown = 0.001
acceptance = 1-t/T
run = 1
range, goal_bias, max_states_failed, temp_change_factor, min_temperature, init_temperature, frountier_threshold, frountierNodeRatio, k_constant, quality:
succeeding_restarts = 0
step = [ 0.5 0.05 5 0.1 0.0999995 1 0.075 0.1 0.025 ]

planner = TRRTkConfigDefault
metric = relevancy
scene = scene_ground_with_boxes
query = RANDOM_pose43
countdown = 0.001
acceptance = 1-t/T
run = 2
range, goal_bias, max_states_failed, temp_change_factor, min_temperature, init_temperature, frountier_threshold, frountierNodeRatio, k_constant, quality:
succeeding_restarts = 0
step = [ 0.5 0.05 5 0.1 0.0999995 1 0.075 0.1 0.025 ]

planner = TRRTkConfigDefault
metric = relevancy
scene = scene_ground_with_boxes
query = RANDOM_pose44
countdown = 0.001
acceptance = 1-t/T
run = 1
range, goal_bias, max_states_failed, temp_change_factor, min_temperature, init_temperature, frountier_threshold, frountierNodeRatio, k_constant, quality:
succeeding_restarts = 0
step = [ 0.5 0.05 5 0.1 0.0999995 1 0.075 0.1 0.025 ]

planner = TRRTkConfigDefault
metric = relevancy
scene = scene_ground_with_boxes
query = RANDOM_pose44
countdown = 0.001
acceptance = 1-t/T
run = 2
range, goal_bias, max_states_failed, temp_change_factor, min_temperature, init_temperature, frountier_threshold, frountierNodeRatio, k_constant, quality:
succeeding_restarts = 0
step = [ 0.5 0.05 5 0.1 0.0999995 1 0.075 0.1 0.025 ]

planner = TRRTkConfigDefault
metric = relevancy
scene = scene_ground_with_boxes
query = RANDOM_pose45
countdown = 0.001
acceptance = 1-t/T
run = 1
range, goal_bias, max_states_failed, temp_change_factor, min_temperature, init_temperature, frountier_threshold, frountierNodeRatio, k_constant, quality:
succeeding_restarts = 0
step = [ 0.5 0.05 5 0.1 0.0999995 1 0.075 0.1 0.025 ]

planner = TRRTkConfigDefault
metric = relevancy
scene = scene_ground_with_boxes
query = RANDOM_pose45
countdown = 0.001
acceptance = 1-t/T
run = 2
range, goal_bias, max_states_failed, temp_change_factor, min_temperature, init_temperature, frountier_threshold, frountierNodeRatio, k_constant, quality:
succeeding_restarts = 0
step = [ 0.5 0.05 5 0.1 0.0999995 1 0.075 0.1 0.025 ]

planner = TRRTkConfigDefault
metric = relevancy
scene = scene_ground_with_boxes
query = RANDOM_pose46
countdown = 0.001
acceptance = 1-t/T
run = 1
range, goal_bias, max_states_failed, temp_change_factor, min_temperature, init_temperature, frountier_threshold, frountierNodeRatio, k_constant, quality:
succeeding_restarts = 0
step = [ 0.5 0.05 5 0.1 0.0999995 1 0.075 0.1 0.025 ]

planner = TRRTkConfigDefault
metric = relevancy
scene = scene_ground_with_boxes
query = RANDOM_pose46
countdown = 0.001
acceptance = 1-t/T
run = 2
range, goal_bias, max_states_failed, temp_change_factor, min_temperature, init_temperature, frountier_threshold, frountierNodeRatio, k_constant, quality:
succeeding_restarts = 0
step = [ 0.5 0.05 5 0.1 0.0999995 1 0.075 0.1 0.025 ]

planner = TRRTkConfigDefault
metric = relevancy
scene = scene_ground_with_boxes
query = RANDOM_pose47
countdown = 0.001
acceptance = 1-t/T
run = 1
range, goal_bias, max_states_failed, temp_change_factor, min_temperature, init_temperature, frountier_threshold, frountierNodeRatio, k_constant, quality:
succeeding_restarts = 0
step = [ 0.5 0.05 5 0.1 0.0999995 1 0.075 0.1 0.025 ]

planner = TRRTkConfigDefault
metric = relevancy
scene = scene_ground_with_boxes
query = RANDOM_pose47
countdown = 0.001
acceptance = 1-t/T
run = 2
range, goal_bias, max_states_failed, temp_change_factor, min_temperature, init_temperature, frountier_threshold, frountierNodeRatio, k_constant, quality:
succeeding_restarts = 0
step = [ 0.5 0.05 5 0.1 0.0999995 1 0.075 0.1 0.025 ]

planner = TRRTkConfigDefault
metric = relevancy
scene = scene_ground_with_boxes
query = RANDOM_pose48
countdown = 0.001
acceptance = 1-t/T
run = 1
range, goal_bias, max_states_failed, temp_change_factor, min_temperature, init_temperature, frountier_threshold, frountierNodeRatio, k_constant, quality:
succeeding_restarts = 0
step = [ 0.5 0.05 5 0.1 0.0999995 1 0.075 0.1 0.025 ]

planner = TRRTkConfigDefault
metric = relevancy
scene = scene_ground_with_boxes
query = RANDOM_pose48
countdown = 0.001
acceptance = 1-t/T
run = 2
range, goal_bias, max_states_failed, temp_change_factor, min_temperature, init_temperature, frountier_threshold, frountierNodeRatio, k_constant, quality:
succeeding_restarts = 0
step = [ 0.5 0.05 5 0.1 0.0999995 1 0.075 0.1 0.025 ]

planner = TRRTkConfigDefault
metric = relevancy
scene = scene_ground_with_boxes
query = RANDOM_pose49
countdown = 0.001
acceptance = 1-t/T
run = 1
range, goal_bias, max_states_failed, temp_change_factor, min_temperature, init_temperature, frountier_threshold, frountierNodeRatio, k_constant, quality:
succeeding_restarts = 0
step = [ 0.5 0.05 5 0.1 0.0999995 1 0.075 0.1 0.025 ]

planner = TRRTkConfigDefault
metric = relevancy
scene = scene_ground_with_boxes
query = RANDOM_pose49
countdown = 0.001
acceptance = 1-t/T
run = 2
range, goal_bias, max_states_failed, temp_change_factor, min_temperature, init_temperature, frountier_threshold, frountierNodeRatio, k_constant, quality:
succeeding_restarts = 0
step = [ 0.5 0.05 5 0.1 0.0999995 1 0.075 0.1 0.025 ]

planner = TRRTkConfigDefault
metric = relevancy
scene = scene_ground_with_boxes
query = RANDOM_pose0
countdown = 0.001
acceptance = 1-t/T
run = 1
range, goal_bias, max_states_failed, temp_change_factor, min_temperature, init_temperature, frountier_threshold, frountierNodeRatio, k_constant, quality:
succeeding_restarts = 0
step = [ 0.5 0.05 5 0.1 0.0999995 1 0.075 0.1 0.025 ]

planner = TRRTkConfigDefault
metric = relevancy
scene = scene_ground_with_boxes
query = RANDOM_pose0
countdown = 0.001
acceptance = 1-t/T
run = 2
range, goal_bias, max_states_failed, temp_change_factor, min_temperature, init_temperature, frountier_threshold, frountierNodeRatio, k_constant, quality:
succeeding_restarts = 0
step = [ 0.5 0.05 5 0.1 0.0999995 1 0.075 0.1 0.025 ]

planner = TRRTkConfigDefault
metric = relevancy
scene = scene_ground_with_boxes
query = RANDOM_pose1
countdown = 0.001
acceptance = 1-t/T
run = 1
range, goal_bias, max_states_failed, temp_change_factor, min_temperature, init_temperature, frountier_threshold, frountierNodeRatio, k_constant, quality:
succeeding_restarts = 0
step = [ 0.5 0.05 5 0.1 0.0999995 1 0.075 0.1 0.025 ]

planner = TRRTkConfigDefault
metric = relevancy
scene = scene_ground_with_boxes
query = RANDOM_pose1
countdown = 0.001
acceptance = 1-t/T
run = 2
range, goal_bias, max_states_failed, temp_change_factor, min_temperature, init_temperature, frountier_threshold, frountierNodeRatio, k_constant, quality:
succeeding_restarts = 0
step = [ 0.5 0.05 5 0.1 0.0999995 1 0.075 0.1 0.025 ]

planner = TRRTkConfigDefault
metric = relevancy
scene = scene_ground_with_boxes
query = RANDOM_pose2
countdown = 0.001
acceptance = 1-t/T
run = 1
range, goal_bias, max_states_failed, temp_change_factor, min_temperature, init_temperature, frountier_threshold, frountierNodeRatio, k_constant, quality:
succeeding_restarts = 0
step = [ 0.5 0.05 5 0.1 0.0999995 1 0.075 0.1 0.025 ]

planner = TRRTkConfigDefault
metric = relevancy
scene = scene_ground_with_boxes
query = RANDOM_pose2
countdown = 0.001
acceptance = 1-t/T
run = 2
range, goal_bias, max_states_failed, temp_change_factor, min_temperature, init_temperature, frountier_threshold, frountierNodeRatio, k_constant, quality:
succeeding_restarts = 0
step = [ 0.5 0.05 5 0.1 0.0999995 1 0.075 0.1 0.025 ]

planner = TRRTkConfigDefault
metric = relevancy
scene = scene_ground_with_boxes
query = RANDOM_pose3
countdown = 0.001
acceptance = 1-t/T
run = 1
range, goal_bias, max_states_failed, temp_change_factor, min_temperature, init_temperature, frountier_threshold, frountierNodeRatio, k_constant, quality:
succeeding_restarts = 0
step = [ 0.5 0.05 5 0.1 0.0999995 1 0.075 0.1 0.025 ]

planner = TRRTkConfigDefault
metric = relevancy
scene = scene_ground_with_boxes
query = RANDOM_pose3
countdown = 0.001
acceptance = 1-t/T
run = 2
range, goal_bias, max_states_failed, temp_change_factor, min_temperature, init_temperature, frountier_threshold, frountierNodeRatio, k_constant, quality:
succeeding_restarts = 0
step = [ 0.5 0.05 5 0.1 0.0999995 1 0.075 0.1 0.025 ]

planner = TRRTkConfigDefault
metric = relevancy
scene = scene_ground_with_boxes
query = RANDOM_pose4
countdown = 0.001
acceptance = 1-t/T
run = 1
range, goal_bias, max_states_failed, temp_change_factor, min_temperature, init_temperature, frountier_threshold, frountierNodeRatio, k_constant, quality:
succeeding_restarts = 0
step = [ 0.5 0.05 5 0.1 0.0999995 1 0.075 0.1 0.025 ]

planner = TRRTkConfigDefault
metric = relevancy
scene = scene_ground_with_boxes
query = RANDOM_pose4
countdown = 0.001
acceptance = 1-t/T
run = 2
range, goal_bias, max_states_failed, temp_change_factor, min_temperature, init_temperature, frountier_threshold, frountierNodeRatio, k_constant, quality:
succeeding_restarts = 0
step = [ 0.5 0.05 5 0.1 0.0999995 1 0.075 0.1 0.025 ]

planner = TRRTkConfigDefault
metric = relevancy
scene = scene_ground_with_boxes
query = RANDOM_pose5
countdown = 0.001
acceptance = 1-t/T
run = 1
range, goal_bias, max_states_failed, temp_change_factor, min_temperature, init_temperature, frountier_threshold, frountierNodeRatio, k_constant, quality:
succeeding_restarts = 0
step = [ 0.5 0.05 5 0.1 0.0999995 1 0.075 0.1 0.025 ]

planner = TRRTkConfigDefault
metric = relevancy
scene = scene_ground_with_boxes
query = RANDOM_pose5
countdown = 0.001
acceptance = 1-t/T
run = 2
range, goal_bias, max_states_failed, temp_change_factor, min_temperature, init_temperature, frountier_threshold, frountierNodeRatio, k_constant, quality:
succeeding_restarts = 0
step = [ 0.5 0.05 5 0.1 0.0999995 1 0.075 0.1 0.025 ]

planner = TRRTkConfigDefault
metric = relevancy
scene = scene_ground_with_boxes
query = RANDOM_pose6
countdown = 0.001
acceptance = 1-t/T
run = 1
range, goal_bias, max_states_failed, temp_change_factor, min_temperature, init_temperature, frountier_threshold, frountierNodeRatio, k_constant, quality:
succeeding_restarts = 0
step = [ 0.5 0.05 5 0.1 0.0999995 1 0.075 0.1 0.025 ]

planner = TRRTkConfigDefault
metric = relevancy
scene = scene_ground_with_boxes
query = RANDOM_pose6
countdown = 0.001
acceptance = 1-t/T
run = 2
range, goal_bias, max_states_failed, temp_change_factor, min_temperature, init_temperature, frountier_threshold, frountierNodeRatio, k_constant, quality:
succeeding_restarts = 0
step = [ 0.5 0.05 5 0.1 0.0999995 1 0.075 0.1 0.025 ]

planner = TRRTkConfigDefault
metric = relevancy
scene = scene_ground_with_boxes
query = RANDOM_pose7
countdown = 0.001
acceptance = 1-t/T
run = 1
range, goal_bias, max_states_failed, temp_change_factor, min_temperature, init_temperature, frountier_threshold, frountierNodeRatio, k_constant, quality:
succeeding_restarts = 0
step = [ 0.5 0.05 5 0.1 0.0999995 1 0.075 0.1 0.025 ]

planner = TRRTkConfigDefault
metric = relevancy
scene = scene_ground_with_boxes
query = RANDOM_pose7
countdown = 0.001
acceptance = 1-t/T
run = 2
range, goal_bias, max_states_failed, temp_change_factor, min_temperature, init_temperature, frountier_threshold, frountierNodeRatio, k_constant, quality:
succeeding_restarts = 0
step = [ 0.5 0.05 5 0.1 0.0999995 1 0.075 0.1 0.025 ]

planner = TRRTkConfigDefault
metric = relevancy
scene = scene_ground_with_boxes
query = RANDOM_pose9
countdown = 0.001
acceptance = 1-t/T
run = 1
range, goal_bias, max_states_failed, temp_change_factor, min_temperature, init_temperature, frountier_threshold, frountierNodeRatio, k_constant, quality:
succeeding_restarts = 0
step = [ 0.5 0.05 5 0.1 0.0999995 1 0.075 0.1 0.025 ]

planner = TRRTkConfigDefault
metric = relevancy
scene = scene_ground_with_boxes
query = RANDOM_pose9
countdown = 0.001
acceptance = 1-t/T
run = 2
range, goal_bias, max_states_failed, temp_change_factor, min_temperature, init_temperature, frountier_threshold, frountierNodeRatio, k_constant, quality:
succeeding_restarts = 0
step = [ 0.5 0.05 5 0.1 0.0999995 1 0.075 0.1 0.025 ]

planner = TRRTkConfigDefault
metric = relevancy
scene = scene_ground_with_boxes
query = RANDOM_pose11
countdown = 0.001
acceptance = 1-t/T
run = 1
range, goal_bias, max_states_failed, temp_change_factor, min_temperature, init_temperature, frountier_threshold, frountierNodeRatio, k_constant, quality:
succeeding_restarts = 0
step = [ 0.5 0.05 5 0.1 0.0999995 1 0.075 0.1 0.025 ]

planner = TRRTkConfigDefault
metric = relevancy
scene = scene_ground_with_boxes
query = RANDOM_pose11
countdown = 0.001
acceptance = 1-t/T
run = 2
range, goal_bias, max_states_failed, temp_change_factor, min_temperature, init_temperature, frountier_threshold, frountierNodeRatio, k_constant, quality:
succeeding_restarts = 0
step = [ 0.5 0.05 5 0.1 0.0999995 1 0.075 0.1 0.025 ]

planner = TRRTkConfigDefault
metric = relevancy
scene = scene_ground_with_boxes
query = RANDOM_pose12
countdown = 0.001
acceptance = 1-t/T
run = 1
range, goal_bias, max_states_failed, temp_change_factor, min_temperature, init_temperature, frountier_threshold, frountierNodeRatio, k_constant, quality:
succeeding_restarts = 0
step = [ 0.5 0.05 5 0.1 0.0999995 1 0.075 0.1 0.025 ]

planner = TRRTkConfigDefault
metric = relevancy
scene = scene_ground_with_boxes
query = RANDOM_pose12
countdown = 0.001
acceptance = 1-t/T
run = 2
range, goal_bias, max_states_failed, temp_change_factor, min_temperature, init_temperature, frountier_threshold, frountierNodeRatio, k_constant, quality:
succeeding_restarts = 0
step = [ 0.5 0.05 5 0.1 0.0999995 1 0.075 0.1 0.025 ]

planner = TRRTkConfigDefault
metric = relevancy
scene = scene_ground_with_boxes
query = RANDOM_pose13
countdown = 0.001
acceptance = 1-t/T
run = 1
range, goal_bias, max_states_failed, temp_change_factor, min_temperature, init_temperature, frountier_threshold, frountierNodeRatio, k_constant, quality:
succeeding_restarts = 0
step = [ 0.5 0.05 5 0.1 0.0999995 1 0.075 0.1 0.025 ]

planner = TRRTkConfigDefault
metric = relevancy
scene = scene_ground_with_boxes
query = RANDOM_pose13
countdown = 0.001
acceptance = 1-t/T
run = 2
range, goal_bias, max_states_failed, temp_change_factor, min_temperature, init_temperature, frountier_threshold, frountierNodeRatio, k_constant, quality:
succeeding_restarts = 0
step = [ 0.5 0.05 5 0.1 0.0999995 1 0.075 0.1 0.025 ]

planner = TRRTkConfigDefault
metric = relevancy
scene = scene_ground_with_boxes
query = RANDOM_pose14
countdown = 0.001
acceptance = 1-t/T
run = 1
range, goal_bias, max_states_failed, temp_change_factor, min_temperature, init_temperature, frountier_threshold, frountierNodeRatio, k_constant, quality:
succeeding_restarts = 0
step = [ 0.5 0.05 5 0.1 0.0999995 1 0.075 0.1 0.025 ]

planner = TRRTkConfigDefault
metric = relevancy
scene = scene_ground_with_boxes
query = RANDOM_pose14
countdown = 0.001
acceptance = 1-t/T
run = 2
range, goal_bias, max_states_failed, temp_change_factor, min_temperature, init_temperature, frountier_threshold, frountierNodeRatio, k_constant, quality:
succeeding_restarts = 0
step = [ 0.5 0.05 5 0.1 0.0999995 1 0.075 0.1 0.025 ]

planner = TRRTkConfigDefault
metric = relevancy
scene = scene_ground_with_boxes
query = RANDOM_pose19
countdown = 0.001
acceptance = 1-t/T
run = 1
range, goal_bias, max_states_failed, temp_change_factor, min_temperature, init_temperature, frountier_threshold, frountierNodeRatio, k_constant, quality:
succeeding_restarts = 0
step = [ 0.5 0.05 5 0.1 0.0999995 1 0.075 0.1 0.025 ]

planner = TRRTkConfigDefault
metric = relevancy
scene = scene_ground_with_boxes
query = RANDOM_pose19
countdown = 0.001
acceptance = 1-t/T
run = 2
range, goal_bias, max_states_failed, temp_change_factor, min_temperature, init_temperature, frountier_threshold, frountierNodeRatio, k_constant, quality:
succeeding_restarts = 0
step = [ 0.5 0.05 5 0.1 0.0999995 1 0.075 0.1 0.025 ]

planner = TRRTkConfigDefault
metric = relevancy
scene = scene_ground_with_boxes
query = RANDOM_pose20
countdown = 0.001
acceptance = 1-t/T
run = 1
range, goal_bias, max_states_failed, temp_change_factor, min_temperature, init_temperature, frountier_threshold, frountierNodeRatio, k_constant, quality:
succeeding_restarts = 0
step = [ 0.5 0.05 5 0.1 0.0999995 1 0.075 0.1 0.025 ]

planner = TRRTkConfigDefault
metric = relevancy
scene = scene_ground_with_boxes
query = RANDOM_pose20
countdown = 0.001
acceptance = 1-t/T
run = 2
range, goal_bias, max_states_failed, temp_change_factor, min_temperature, init_temperature, frountier_threshold, frountierNodeRatio, k_constant, quality:
succeeding_restarts = 0
step = [ 0.5 0.05 5 0.1 0.0999995 1 0.075 0.1 0.025 ]

planner = TRRTkConfigDefault
metric = relevancy
scene = scene_ground_with_boxes
query = RANDOM_pose22
countdown = 0.001
acceptance = 1-t/T
run = 1
range, goal_bias, max_states_failed, temp_change_factor, min_temperature, init_temperature, frountier_threshold, frountierNodeRatio, k_constant, quality:
succeeding_restarts = 0
step = [ 0.5 0.05 5 0.1 0.0999995 1 0.075 0.1 0.025 ]

planner = TRRTkConfigDefault
metric = relevancy
scene = scene_ground_with_boxes
query = RANDOM_pose22
countdown = 0.001
acceptance = 1-t/T
run = 2
range, goal_bias, max_states_failed, temp_change_factor, min_temperature, init_temperature, frountier_threshold, frountierNodeRatio, k_constant, quality:
succeeding_restarts = 0
step = [ 0.5 0.05 5 0.1 0.0999995 1 0.075 0.1 0.025 ]

planner = TRRTkConfigDefault
metric = relevancy
scene = scene_ground_with_boxes
query = RANDOM_pose23
countdown = 0.001
acceptance = 1-t/T
run = 1
range, goal_bias, max_states_failed, temp_change_factor, min_temperature, init_temperature, frountier_threshold, frountierNodeRatio, k_constant, quality:
succeeding_restarts = 0
step = [ 0.5 0.05 5 0.1 0.0999995 1 0.075 0.1 0.025 ]

planner = TRRTkConfigDefault
metric = relevancy
scene = scene_ground_with_boxes
query = RANDOM_pose23
countdown = 0.001
acceptance = 1-t/T
run = 2
range, goal_bias, max_states_failed, temp_change_factor, min_temperature, init_temperature, frountier_threshold, frountierNodeRatio, k_constant, quality:
succeeding_restarts = 0
step = [ 0.5 0.05 5 0.1 0.0999995 1 0.075 0.1 0.025 ]

planner = TRRTkConfigDefault
metric = relevancy
scene = scene_ground_with_boxes
query = RANDOM_pose29
countdown = 0.001
acceptance = 1-t/T
run = 1
range, goal_bias, max_states_failed, temp_change_factor, min_temperature, init_temperature, frountier_threshold, frountierNodeRatio, k_constant, quality:
succeeding_restarts = 0
step = [ 0.5 0.05 5 0.1 0.0999995 1 0.075 0.1 0.025 ]

planner = TRRTkConfigDefault
metric = relevancy
scene = scene_ground_with_boxes
query = RANDOM_pose29
countdown = 0.001
acceptance = 1-t/T
run = 2
range, goal_bias, max_states_failed, temp_change_factor, min_temperature, init_temperature, frountier_threshold, frountierNodeRatio, k_constant, quality:
succeeding_restarts = 0
step = [ 0.5 0.05 5 0.1 0.0999995 1 0.075 0.1 0.025 ]

planner = TRRTkConfigDefault
metric = relevancy
scene = scene_ground_with_boxes
query = RANDOM_pose30
countdown = 0.001
acceptance = 1-t/T
run = 1
range, goal_bias, max_states_failed, temp_change_factor, min_temperature, init_temperature, frountier_threshold, frountierNodeRatio, k_constant, quality:
succeeding_restarts = 0
step = [ 0.5 0.05 5 0.1 0.0999995 1 0.075 0.1 0.025 ]

planner = TRRTkConfigDefault
metric = relevancy
scene = scene_ground_with_boxes
query = RANDOM_pose30
countdown = 0.001
acceptance = 1-t/T
run = 2
range, goal_bias, max_states_failed, temp_change_factor, min_temperature, init_temperature, frountier_threshold, frountierNodeRatio, k_constant, quality:
succeeding_restarts = 0
step = [ 0.5 0.05 5 0.1 0.0999995 1 0.075 0.1 0.025 ]

planner = TRRTkConfigDefault
metric = relevancy
scene = scene_ground_with_boxes
query = RANDOM_pose31
countdown = 2.001
acceptance = 1-t/T
run = 1
range, goal_bias, max_states_failed, temp_change_factor, min_temperature, init_temperature, frountier_threshold, frountierNodeRatio, k_constant, quality:
succeeding_restarts = 0
step = [ 0.5 0.05 5 0.1 0.0999995 1 0.075 0.1 0.025 ]

planner = TRRTkConfigDefault
metric = relevancy
scene = scene_ground_with_boxes
query = RANDOM_pose31
countdown = 2.001
acceptance = 1-t/T
run = 2
range, goal_bias, max_states_failed, temp_change_factor, min_temperature, init_temperature, frountier_threshold, frountierNodeRatio, k_constant, quality:
succeeding_restarts = 0
step = [ 0.5 0.05 5 0.1 0.0999995 1 0.075 0.1 0.025 ]

planner = TRRTkConfigDefault
metric = relevancy
scene = scene_ground_with_boxes
query = RANDOM_pose35
countdown = 2.001
acceptance = 1-t/T
run = 1
range, goal_bias, max_states_failed, temp_change_factor, min_temperature, init_temperature, frountier_threshold, frountierNodeRatio, k_constant, quality:
succeeding_restarts = 0
step = [ 0.5 0.05 5 0.1 0.0999995 1 0.075 0.1 0.025 ]

planner = TRRTkConfigDefault
metric = relevancy
scene = scene_ground_with_boxes
query = RANDOM_pose35
countdown = 2.001
acceptance = 1-t/T
run = 2
range, goal_bias, max_states_failed, temp_change_factor, min_temperature, init_temperature, frountier_threshold, frountierNodeRatio, k_constant, quality:
succeeding_restarts = 0
step = [ 0.5 0.05 5 0.1 0.0999995 1 0.075 0.1 0.025 ]

planner = TRRTkConfigDefault
metric = relevancy
scene = scene_ground_with_boxes
query = RANDOM_pose36
countdown = 2.001
acceptance = 1-t/T
run = 1
range, goal_bias, max_states_failed, temp_change_factor, min_temperature, init_temperature, frountier_threshold, frountierNodeRatio, k_constant, quality:
succeeding_restarts = 0
step = [ 0.5 0.05 5 0.1 0.0999995 1 0.075 0.1 0.025 ]

planner = TRRTkConfigDefault
metric = relevancy
scene = scene_ground_with_boxes
query = RANDOM_pose36
countdown = 2.001
acceptance = 1-t/T
run = 2
range, goal_bias, max_states_failed, temp_change_factor, min_temperature, init_temperature, frountier_threshold, frountierNodeRatio, k_constant, quality:
succeeding_restarts = 0
step = [ 0.5 0.05 5 0.1 0.0999995 1 0.075 0.1 0.025 ]

planner = TRRTkConfigDefault
metric = relevancy
scene = scene_ground_with_boxes
query = RANDOM_pose37
countdown = 2.001
acceptance = 1-t/T
run = 1
range, goal_bias, max_states_failed, temp_change_factor, min_temperature, init_temperature, frountier_threshold, frountierNodeRatio, k_constant, quality:
0, 0.05, 10, 2, 10e-10, 10e-6, 0, 0.1, 0, 0.0466978;
succeeding_restarts = 1
step = [ 0.5 0.05 5 0.1 0.0999995 1 0.075 0.1 0.025 ]

planner = TRRTkConfigDefault
metric = relevancy
scene = scene_ground_with_boxes
query = RANDOM_pose37
countdown = 2.001
acceptance = 1-t/T
run = 2
range, goal_bias, max_states_failed, temp_change_factor, min_temperature, init_temperature, frountier_threshold, frountierNodeRatio, k_constant, quality:
0, 0.05, 10, 2, 10e-10, 10e-6, 0, 0.1, 0, 0.0566764;
succeeding_restarts = 1
step = [ 0.5 0.05 5 0.1 0.0999995 1 0.075 0.1 0.025 ]

planner = TRRTkConfigDefault
metric = relevancy
scene = scene_ground_with_boxes
query = RANDOM_pose38
countdown = 2.001
acceptance = 1-t/T
run = 1
range, goal_bias, max_states_failed, temp_change_factor, min_temperature, init_temperature, frountier_threshold, frountierNodeRatio, k_constant, quality:
succeeding_restarts = 0
step = [ 0.5 0.05 5 0.1 0.0999995 1 0.075 0.1 0.025 ]

planner = TRRTkConfigDefault
metric = relevancy
scene = scene_ground_with_boxes
query = RANDOM_pose38
countdown = 2.001
acceptance = 1-t/T
run = 2
range, goal_bias, max_states_failed, temp_change_factor, min_temperature, init_temperature, frountier_threshold, frountierNodeRatio, k_constant, quality:
0, 0.05, 10, 2, 10e-10, 10e-6, 0, 0.1, 0, 0.0333069;
succeeding_restarts = 1
step = [ 0.5 0.05 5 0.1 0.0999995 1 0.075 0.1 0.025 ]

planner = TRRTkConfigDefault
metric = relevancy
scene = scene_ground_with_boxes
query = RANDOM_pose42
countdown = 2.001
acceptance = 1-t/T
run = 1
range, goal_bias, max_states_failed, temp_change_factor, min_temperature, init_temperature, frountier_threshold, frountierNodeRatio, k_constant, quality:
succeeding_restarts = 0
step = [ 0.5 0.05 5 0.1 0.0999995 1 0.075 0.1 0.025 ]

planner = TRRTkConfigDefault
metric = relevancy
scene = scene_ground_with_boxes
query = RANDOM_pose42
countdown = 2.001
acceptance = 1-t/T
run = 2
range, goal_bias, max_states_failed, temp_change_factor, min_temperature, init_temperature, frountier_threshold, frountierNodeRatio, k_constant, quality:
succeeding_restarts = 0
step = [ 0.5 0.05 5 0.1 0.0999995 1 0.075 0.1 0.025 ]

planner = TRRTkConfigDefault
metric = relevancy
scene = scene_ground_with_boxes
query = RANDOM_pose8
countdown = 2.001
acceptance = 1-t/T
run = 1
range, goal_bias, max_states_failed, temp_change_factor, min_temperature, init_temperature, frountier_threshold, frountierNodeRatio, k_constant, quality:
succeeding_restarts = 0
step = [ 0.5 0.05 5 0.1 0.0999995 1 0.075 0.1 0.025 ]

planner = TRRTkConfigDefault
metric = relevancy
scene = scene_ground_with_boxes
query = RANDOM_pose8
countdown = 2.001
acceptance = 1-t/T
run = 2
range, goal_bias, max_states_failed, temp_change_factor, min_temperature, init_temperature, frountier_threshold, frountierNodeRatio, k_constant, quality:
succeeding_restarts = 0
step = [ 0.5 0.05 5 0.1 0.0999995 1 0.075 0.1 0.025 ]

planner = TRRTkConfigDefault
metric = relevancy
scene = scene_ground_with_boxes
query = RANDOM_pose10
countdown = 2.001
acceptance = 1-t/T
run = 1
range, goal_bias, max_states_failed, temp_change_factor, min_temperature, init_temperature, frountier_threshold, frountierNodeRatio, k_constant, quality:
succeeding_restarts = 0
step = [ 0.5 0.05 5 0.1 0.0999995 1 0.075 0.1 0.025 ]

planner = TRRTkConfigDefault
metric = relevancy
scene = scene_ground_with_boxes
query = RANDOM_pose10
countdown = 2.001
acceptance = 1-t/T
run = 2
range, goal_bias, max_states_failed, temp_change_factor, min_temperature, init_temperature, frountier_threshold, frountierNodeRatio, k_constant, quality:
succeeding_restarts = 0
step = [ 0.5 0.05 5 0.1 0.0999995 1 0.075 0.1 0.025 ]

planner = TRRTkConfigDefault
metric = relevancy
scene = scene_ground_with_boxes
query = RANDOM_pose15
countdown = 2.001
acceptance = 1-t/T
run = 1
range, goal_bias, max_states_failed, temp_change_factor, min_temperature, init_temperature, frountier_threshold, frountierNodeRatio, k_constant, quality:
0, 0.05, 10, 2, 10e-10, 10e-6, 0, 0.1, 0, 0.0466905;
succeeding_restarts = 1
step = [ 0.5 0.05 5 0.1 0.0999995 1 0.075 0.1 0.025 ]

planner = TRRTkConfigDefault
metric = relevancy
scene = scene_ground_with_boxes
query = RANDOM_pose15
countdown = 2.001
acceptance = 1-t/T
run = 2
range, goal_bias, max_states_failed, temp_change_factor, min_temperature, init_temperature, frountier_threshold, frountierNodeRatio, k_constant, quality:
succeeding_restarts = 0
step = [ 0.5 0.05 5 0.1 0.0999995 1 0.075 0.1 0.025 ]

planner = TRRTkConfigDefault
metric = relevancy
scene = scene_ground_with_boxes
query = RANDOM_pose16
countdown = 2.001
acceptance = 1-t/T
run = 1
range, goal_bias, max_states_failed, temp_change_factor, min_temperature, init_temperature, frountier_threshold, frountierNodeRatio, k_constant, quality:
0, 0.05, 10, 2, 10e-10, 10e-6, 0, 0.1, 0, 0.0925268;
0, 0.05, 10, 2, 10e-10, 10e-6, 0, 0.2, 0.025, 0.0990912;
0, 0, 10, 0.9, 10e-10, 10e-6, 0, 0.1, 0.025, 0.149331;
0, 0.05, 10, 0.8, 10e-10, 10e-6, 0.575, 0.1, 0.025, 0.150669;
succeeding_restarts = 4
step = [ 0.5 0.05 5 0.1 0.0999995 1 0.075 0.1 0.025 ]

planner = TRRTkConfigDefault
metric = relevancy
scene = scene_ground_with_boxes
query = RANDOM_pose16
countdown = 2.001
acceptance = 1-t/T
run = 2
range, goal_bias, max_states_failed, temp_change_factor, min_temperature, init_temperature, frountier_threshold, frountierNodeRatio, k_constant, quality:
0, 0.05, 10, 2, 10e-10, 10e-6, 0, 0.1, 0, 0.0975583;
0.5, 0, 15, 0.9, 10e-10, 10e-6, 0.575, 0.2, 0.025, 0.132737;
succeeding_restarts = 2
step = [ 0.5 0.05 5 0.1 0.0999995 1 0.075 0.1 0.025 ]

planner = TRRTkConfigDefault
metric = relevancy
scene = scene_ground_with_boxes
query = RANDOM_pose17
countdown = 2.001
acceptance = 1-t/T
run = 1
range, goal_bias, max_states_failed, temp_change_factor, min_temperature, init_temperature, frountier_threshold, frountierNodeRatio, k_constant, quality:
0, 0.05, 10, 2, 10e-10, 10e-6, 0, 0.1, 0, 0.103618;
0.5, 0.05, 10, 0.9, 10e-10, 10e-6, 0, 0.1, 0.025, 0.112014;
1, 0.05, 5, 1, 10e-10, 10e-6, 0, 0.1, 0.025, 0.0899559;
0.5, 0, 0, 0.9, 10e-10, 10e-6, 0.575, 0.2, 0, 0.0637773;
0, 0.05, 5, 0.8, 10e-10, 10e-6, 0.5, 0.3, 0.025, 0.101339;
0.5, 0.05, 5, 0.8, 10e-10, 10e-6, 0.5, 0.3, 0.025, 0.150782;
succeeding_restarts = 6
step = [ 0.5 0.05 5 0.1 0.0999995 1 0.075 0.1 0.025 ]

planner = TRRTkConfigDefault
metric = relevancy
scene = scene_ground_with_boxes
query = RANDOM_pose17
countdown = 2.001
acceptance = 1-t/T
run = 2
range, goal_bias, max_states_failed, temp_change_factor, min_temperature, init_temperature, frountier_threshold, frountierNodeRatio, k_constant, quality:
0, 0.05, 10, 2, 10e-10, 10e-6, 0, 0.1, 0, 0.10175;
0.5, 0.1, 5, 0.9, 10e-10, 10e-6, 0.575, 0.2, 0.025, 0.124396;
0.5, 0.15, 0, 0.8, 10e-10, 10e-6, 0.65, 0.1, 0.05, 0.161544;
succeeding_restarts = 3
step = [ 0.5 0.05 5 0.1 0.0999995 1 0.075 0.1 0.025 ]

planner = TRRTkConfigDefault
metric = relevancy
scene = scene_ground_with_boxes
query = RANDOM_pose18
countdown = 2.001
acceptance = 1-t/T
run = 1
range, goal_bias, max_states_failed, temp_change_factor, min_temperature, init_temperature, frountier_threshold, frountierNodeRatio, k_constant, quality:
succeeding_restarts = 0
step = [ 0.5 0.05 5 0.1 0.0999995 1 0.075 0.1 0.025 ]

planner = TRRTkConfigDefault
metric = relevancy
scene = scene_ground_with_boxes
query = RANDOM_pose18
countdown = 2.001
acceptance = 1-t/T
run = 2
range, goal_bias, max_states_failed, temp_change_factor, min_temperature, init_temperature, frountier_threshold, frountierNodeRatio, k_constant, quality:
succeeding_restarts = 0
step = [ 0.5 0.05 5 0.1 0.0999995 1 0.075 0.1 0.025 ]

planner = TRRTkConfigDefault
metric = relevancy
scene = scene_ground_with_boxes
query = RANDOM_pose21
countdown = 2.001
acceptance = 1-t/T
run = 1
range, goal_bias, max_states_failed, temp_change_factor, min_temperature, init_temperature, frountier_threshold, frountierNodeRatio, k_constant, quality:
succeeding_restarts = 0
step = [ 0.5 0.05 5 0.1 0.0999995 1 0.075 0.1 0.025 ]

planner = TRRTkConfigDefault
metric = relevancy
scene = scene_ground_with_boxes
query = RANDOM_pose21
countdown = 2.001
acceptance = 1-t/T
run = 2
range, goal_bias, max_states_failed, temp_change_factor, min_temperature, init_temperature, frountier_threshold, frountierNodeRatio, k_constant, quality:
succeeding_restarts = 0
step = [ 0.5 0.05 5 0.1 0.0999995 1 0.075 0.1 0.025 ]

planner = TRRTkConfigDefault
metric = relevancy
scene = scene_ground_with_boxes
query = RANDOM_pose24
countdown = 2.001
acceptance = 1-t/T
run = 1
range, goal_bias, max_states_failed, temp_change_factor, min_temperature, init_temperature, frountier_threshold, frountierNodeRatio, k_constant, quality:
0, 0.05, 10, 2, 10e-10, 10e-6, 0, 0.1, 0, 0.311149;
0, 0.05, 10, 2, 10e-10, 10e-6, 0, 0.1, 0, 0.358251;
0.5, 0, 10, 2, 10e-10, 10e-6, 0.575, 0.2, 0, 0.174293;
succeeding_restarts = 3
step = [ 0.5 0.05 5 0.1 0.0999995 1 0.075 0.1 0.025 ]

planner = TRRTkConfigDefault
metric = relevancy
scene = scene_ground_with_boxes
query = RANDOM_pose24
countdown = 2.001
acceptance = 1-t/T
run = 2
range, goal_bias, max_states_failed, temp_change_factor, min_temperature, init_temperature, frountier_threshold, frountierNodeRatio, k_constant, quality:
0, 0.05, 10, 2, 10e-10, 10e-6, 0, 0.1, 0, 0.359484;
succeeding_restarts = 1
step = [ 0.5 0.05 5 0.1 0.0999995 1 0.075 0.1 0.025 ]

planner = TRRTkConfigDefault
metric = relevancy
scene = scene_ground_with_boxes
query = RANDOM_pose25
countdown = 2.001
acceptance = 1-t/T
run = 1
range, goal_bias, max_states_failed, temp_change_factor, min_temperature, init_temperature, frountier_threshold, frountierNodeRatio, k_constant, quality:
succeeding_restarts = 0
step = [ 0.5 0.05 5 0.1 0.0999995 1 0.075 0.1 0.025 ]

planner = TRRTkConfigDefault
metric = relevancy
scene = scene_ground_with_boxes
query = RANDOM_pose25
countdown = 2.001
acceptance = 1-t/T
run = 2
range, goal_bias, max_states_failed, temp_change_factor, min_temperature, init_temperature, frountier_threshold, frountierNodeRatio, k_constant, quality:
succeeding_restarts = 0
step = [ 0.5 0.05 5 0.1 0.0999995 1 0.075 0.1 0.025 ]

planner = TRRTkConfigDefault
metric = relevancy
scene = scene_ground_with_boxes
query = RANDOM_pose26
countdown = 2.001
acceptance = 1-t/T
run = 1
range, goal_bias, max_states_failed, temp_change_factor, min_temperature, init_temperature, frountier_threshold, frountierNodeRatio, k_constant, quality:
succeeding_restarts = 0
step = [ 0.5 0.05 5 0.1 0.0999995 1 0.075 0.1 0.025 ]

planner = TRRTkConfigDefault
metric = relevancy
scene = scene_ground_with_boxes
query = RANDOM_pose26
countdown = 2.001
acceptance = 1-t/T
run = 2
range, goal_bias, max_states_failed, temp_change_factor, min_temperature, init_temperature, frountier_threshold, frountierNodeRatio, k_constant, quality:
succeeding_restarts = 0
step = [ 0.5 0.05 5 0.1 0.0999995 1 0.075 0.1 0.025 ]

planner = TRRTkConfigDefault
metric = relevancy
scene = scene_ground_with_boxes
query = RANDOM_pose27
countdown = 2.001
acceptance = 1-t/T
run = 1
range, goal_bias, max_states_failed, temp_change_factor, min_temperature, init_temperature, frountier_threshold, frountierNodeRatio, k_constant, quality:
0, 0.05, 10, 2, 10e-10, 10e-6, 0, 0.1, 0, 0.0956927;
0.5, 0.1, 10, 0.9, 10e-10, 10e-6, 0.575, 0.1, 0, 0.0995929;
0, 0.1, 5, 0.8, 10e-10, 10e-6, 0.575, 0.2, 0, 0.0831715;
0.5, 0.1, 10, 0.7, 10e-10, 10e-6, 0.575, 0.2, 0, 0.0938103;
0, 0.1, 5, 0.7, 10e-10, 10e-6, 0.5, 0.3, 0.025, 0.108136;
0.5, 0.15, 5, 0.7, 10e-10, 10e-6, 0.575, 0.3, 0.05, 0.101622;
1, 0.2, 0, 0.6, 10e-10, 10e-6, 0.575, 0.3, 0.025, 0.0915724;
0.5, 0.15, 0, 0.7, 10e-10, 10e-6, 0.65, 0.4, 0, 0.107992;
0.5, 0.15, 5, 0.8, 10e-10, 10e-6, 0.65, 0.3, 0.025, 0.121622;
1, 0.1, 10, 0.8, 10e-10, 10e-6, 0.575, 0.2, 0, 0.14325;
succeeding_restarts = 10
step = [ 0.5 0.05 5 0.1 0.0999995 1 0.075 0.1 0.025 ]

planner = TRRTkConfigDefault
metric = relevancy
scene = scene_ground_with_boxes
query = RANDOM_pose27
countdown = 2.001
acceptance = 1-t/T
run = 2
range, goal_bias, max_states_failed, temp_change_factor, min_temperature, init_temperature, frountier_threshold, frountierNodeRatio, k_constant, quality:
0, 0.05, 10, 2, 10e-10, 10e-6, 0, 0.1, 0, 0.091575;
0.5, 0, 10, 0.9, 10e-10, 10e-6, 0.575, 0.2, 0.025, 0.110519;
0.5, 0.05, 10, 0.9, 10e-10, 10e-6, 0.575, 0.2, 0.025, 0.081472;
0, 0, 15, 0.8, 10e-10, 10e-6, 0.65, 0.3, 0.05, 0.0808094;
0.5, 0.05, 10, 0.7, 10e-10, 10e-6, 0.65, 0.2, 0.025, 0.0898902;
0.5, 0.05, 5, 0.7, 10e-10, 10e-6, 0.65, 0.2, 0.025, 0.0809637;
1, 0.1, 0, 0.6, 10e-10, 10e-6, 0.725, 0.1, 0, 0.0909598;
1.5, 0.15, 0, 0.6, 10e-10, 10e-6, 0.8, 0.2, 0.025, 0.143646;
1, 0.2, 5, 0.5, 10e-10, 10e-6, 0.875, 0.2, 0, 0.144589;
1, 0.2, 5, 0.5, 10e-10, 10e-6, 0.95, 0.2, 0, 0.0861129;
1, 0.15, 0, 0.6, 10e-10, 10e-6, 0.95, 0.3, 0, 0.0868472;
0.5, 0.1, 5, 0.5, 10e-10, 10e-6, 0.875, 0.2, 0.025, 0.115889;
1, 0.1, 0, 0.5, 10e-10, 10e-6, 0.875, 0.3, 0.05, 0.0802399;
1.5, 0.1, 5, 0.5, 10e-10, 10e-6, 0.8, 0.3, 0.05, 0.0914521;
2, 0.15, 5, 0.6, 10e-10, 10e-6, 0.8, 0.3, 0.05, 0.0973669;
2, 0.2, 5, 0.5, 10e-10, 10e-6, 0.8, 0.3, 0.05, 0.120004;
succeeding_restarts = 16
step = [ 0.5 0.05 5 0.1 0.0999995 1 0.075 0.1 0.025 ]

planner = TRRTkConfigDefault
metric = relevancy
scene = scene_ground_with_boxes
query = RANDOM_pose28
countdown = 2.001
acceptance = 1-t/T
run = 1
range, goal_bias, max_states_failed, temp_change_factor, min_temperature, init_temperature, frountier_threshold, frountierNodeRatio, k_constant, quality:
succeeding_restarts = 0
step = [ 0.5 0.05 5 0.1 0.0999995 1 0.075 0.1 0.025 ]

planner = TRRTkConfigDefault
metric = relevancy
scene = scene_ground_with_boxes
query = RANDOM_pose28
countdown = 2.001
acceptance = 1-t/T
run = 2
range, goal_bias, max_states_failed, temp_change_factor, min_temperature, init_temperature, frountier_threshold, frountierNodeRatio, k_constant, quality:
succeeding_restarts = 0
step = [ 0.5 0.05 5 0.1 0.0999995 1 0.075 0.1 0.025 ]

planner = TRRTkConfigDefault
metric = relevancy
scene = scene_ground_with_boxes
query = RANDOM_pose32
countdown = 2.001
acceptance = 1-t/T
run = 1
range, goal_bias, max_states_failed, temp_change_factor, min_temperature, init_temperature, frountier_threshold, frountierNodeRatio, k_constant, quality:
succeeding_restarts = 0
step = [ 0.5 0.05 5 0.1 0.0999995 1 0.075 0.1 0.025 ]

planner = TRRTkConfigDefault
metric = relevancy
scene = scene_ground_with_boxes
query = RANDOM_pose32
countdown = 2.001
acceptance = 1-t/T
run = 2
range, goal_bias, max_states_failed, temp_change_factor, min_temperature, init_temperature, frountier_threshold, frountierNodeRatio, k_constant, quality:
succeeding_restarts = 0
step = [ 0.5 0.05 5 0.1 0.0999995 1 0.075 0.1 0.025 ]

planner = TRRTkConfigDefault
metric = relevancy
scene = scene_ground_with_boxes
query = RANDOM_pose33
countdown = 2.001
acceptance = 1-t/T
run = 1
range, goal_bias, max_states_failed, temp_change_factor, min_temperature, init_temperature, frountier_threshold, frountierNodeRatio, k_constant, quality:
0, 0.05, 10, 2, 10e-10, 10e-6, 0, 0.1, 0, 0.0512954;
0, 0, 10, 2, 10e-10, 10e-6, 0, 0.2, 0, 0.0403888;
0.5, 0, 10, 2, 10e-10, 10e-6, 0, 0.2, 0, 0.076519;
1, 0.05, 5, 0.9, 10e-10, 10e-6, 0.575, 0.1, 0.025, 0.0819305;
0.5, 0.05, 5, 1, 10e-10, 10e-6, 0.575, 0.2, 0.025, 0.0574968;
succeeding_restarts = 5
step = [ 0.5 0.05 5 0.1 0.0999995 1 0.075 0.1 0.025 ]

planner = TRRTkConfigDefault
metric = relevancy
scene = scene_ground_with_boxes
query = RANDOM_pose33
countdown = 2.001
acceptance = 1-t/T
run = 2
range, goal_bias, max_states_failed, temp_change_factor, min_temperature, init_temperature, frountier_threshold, frountierNodeRatio, k_constant, quality:
0, 0.05, 10, 2, 10e-10, 10e-6, 0, 0.1, 0, 0.0704171;
0, 0.05, 10, 2, 10e-10, 10e-6, 0, 0, 0, 0.0490005;
0, 0, 5, 2, 10e-10, 10e-6, 0, 0, 0, 0.0802462;
0.5, 0.05, 0, 2, 10e-10, 10e-6, 0.575, 0, 0.025, 0.0711197;
1, 0.05, 5, 2, 10e-10, 10e-6, 0.65, 0.10001, 0.025, 0.0710639;
1, 0, 5, 0.9, 10e-10, 10e-6, 0.65, 0.10001, 0.05, 0.0786394;
1, 0.05, 0, 0.9, 10e-10, 10e-6, 0.575, 0.10001, 0.075, 0.0793351;
succeeding_restarts = 7
step = [ 0.5 0.05 5 0.1 0.0999995 1 0.075 0.1 0.025 ]

planner = TRRTkConfigDefault
metric = relevancy
scene = scene_ground_with_boxes
query = RANDOM_pose34
countdown = 2.001
acceptance = 1-t/T
run = 1
range, goal_bias, max_states_failed, temp_change_factor, min_temperature, init_temperature, frountier_threshold, frountierNodeRatio, k_constant, quality:
succeeding_restarts = 0
step = [ 0.5 0.05 5 0.1 0.0999995 1 0.075 0.1 0.025 ]

planner = TRRTkConfigDefault
metric = relevancy
scene = scene_ground_with_boxes
query = RANDOM_pose34
countdown = 2.001
acceptance = 1-t/T
run = 2
range, goal_bias, max_states_failed, temp_change_factor, min_temperature, init_temperature, frountier_threshold, frountierNodeRatio, k_constant, quality:
succeeding_restarts = 0
step = [ 0.5 0.05 5 0.1 0.0999995 1 0.075 0.1 0.025 ]

planner = TRRTkConfigDefault
metric = relevancy
scene = scene_ground_with_boxes
query = RANDOM_pose39
countdown = 2.001
acceptance = 1-t/T
run = 1
range, goal_bias, max_states_failed, temp_change_factor, min_temperature, init_temperature, frountier_threshold, frountierNodeRatio, k_constant, quality:
succeeding_restarts = 0
step = [ 0.5 0.05 5 0.1 0.0999995 1 0.075 0.1 0.025 ]

planner = TRRTkConfigDefault
metric = relevancy
scene = scene_ground_with_boxes
query = RANDOM_pose39
countdown = 2.001
acceptance = 1-t/T
run = 2
range, goal_bias, max_states_failed, temp_change_factor, min_temperature, init_temperature, frountier_threshold, frountierNodeRatio, k_constant, quality:
succeeding_restarts = 0
step = [ 0.5 0.05 5 0.1 0.0999995 1 0.075 0.1 0.025 ]

planner = TRRTkConfigDefault
metric = relevancy
scene = scene_ground_with_boxes
query = RANDOM_pose40
countdown = 2.001
acceptance = 1-t/T
run = 1
range, goal_bias, max_states_failed, temp_change_factor, min_temperature, init_temperature, frountier_threshold, frountierNodeRatio, k_constant, quality:
succeeding_restarts = 0
step = [ 0.5 0.05 5 0.1 0.0999995 1 0.075 0.1 0.025 ]

planner = TRRTkConfigDefault
metric = relevancy
scene = scene_ground_with_boxes
query = RANDOM_pose40
countdown = 2.001
acceptance = 1-t/T
run = 2
range, goal_bias, max_states_failed, temp_change_factor, min_temperature, init_temperature, frountier_threshold, frountierNodeRatio, k_constant, quality:
succeeding_restarts = 0
step = [ 0.5 0.05 5 0.1 0.0999995 1 0.075 0.1 0.025 ]

planner = TRRTkConfigDefault
metric = relevancy
scene = scene_ground_with_boxes
query = RANDOM_pose41
countdown = 2.001
acceptance = 1-t/T
run = 1
range, goal_bias, max_states_failed, temp_change_factor, min_temperature, init_temperature, frountier_threshold, frountierNodeRatio, k_constant, quality:
0, 0.05, 10, 2, 10e-10, 10e-6, 0, 0.1, 0, 0.164046;
0, 0, 10, 0.9, 10e-10, 10e-6, 0, 0.1, 0, 0.172189;
succeeding_restarts = 2
step = [ 0.5 0.05 5 0.1 0.0999995 1 0.075 0.1 0.025 ]

planner = TRRTkConfigDefault
metric = relevancy
scene = scene_ground_with_boxes
query = RANDOM_pose41
countdown = 2.001
acceptance = 1-t/T
run = 2
range, goal_bias, max_states_failed, temp_change_factor, min_temperature, init_temperature, frountier_threshold, frountierNodeRatio, k_constant, quality:
0, 0.05, 10, 2, 10e-10, 10e-6, 0, 0.1, 0, 0.0993352;
0.5, 0, 15, 0.9, 10e-10, 10e-6, 0.575, 0, 0.025, 0.144895;
0.5, 0, 15, 0.9, 10e-10, 10e-6, 0.575, 0.10001, 0.025, 0.126055;
0.5, 0, 15, 0.9, 10e-10, 10e-6, 0.5, 1e-05, 0.025, 0.198458;
0.5, 0, 15, 0.9, 10e-10, 10e-6, 0.575, 1e-05, 0.025, 0.112367;
1, 0, 10, 1, 10e-10, 10e-6, 0.575, 1e-05, 0.05, 0.139957;
succeeding_restarts = 6
step = [ 0.5 0.05 5 0.1 0.0999995 1 0.075 0.1 0.025 ]

planner = TRRTkConfigDefault
metric = relevancy
scene = scene_ground_with_boxes
query = RANDOM_pose43
countdown = 2.001
acceptance = 1-t/T
run = 1
range, goal_bias, max_states_failed, temp_change_factor, min_temperature, init_temperature, frountier_threshold, frountierNodeRatio, k_constant, quality:
succeeding_restarts = 0
step = [ 0.5 0.05 5 0.1 0.0999995 1 0.075 0.1 0.025 ]

planner = TRRTkConfigDefault
metric = relevancy
scene = scene_ground_with_boxes
query = RANDOM_pose43
countdown = 2.001
acceptance = 1-t/T
run = 2
range, goal_bias, max_states_failed, temp_change_factor, min_temperature, init_temperature, frountier_threshold, frountierNodeRatio, k_constant, quality:
succeeding_restarts = 0
step = [ 0.5 0.05 5 0.1 0.0999995 1 0.075 0.1 0.025 ]

planner = TRRTkConfigDefault
metric = relevancy
scene = scene_ground_with_boxes
query = RANDOM_pose44
countdown = 2.001
acceptance = 1-t/T
run = 1
range, goal_bias, max_states_failed, temp_change_factor, min_temperature, init_temperature, frountier_threshold, frountierNodeRatio, k_constant, quality:
succeeding_restarts = 0
step = [ 0.5 0.05 5 0.1 0.0999995 1 0.075 0.1 0.025 ]

planner = TRRTkConfigDefault
metric = relevancy
scene = scene_ground_with_boxes
query = RANDOM_pose44
countdown = 2.001
acceptance = 1-t/T
run = 2
range, goal_bias, max_states_failed, temp_change_factor, min_temperature, init_temperature, frountier_threshold, frountierNodeRatio, k_constant, quality:
succeeding_restarts = 0
step = [ 0.5 0.05 5 0.1 0.0999995 1 0.075 0.1 0.025 ]

planner = TRRTkConfigDefault
metric = relevancy
scene = scene_ground_with_boxes
query = RANDOM_pose45
countdown = 2.001
acceptance = 1-t/T
run = 1
range, goal_bias, max_states_failed, temp_change_factor, min_temperature, init_temperature, frountier_threshold, frountierNodeRatio, k_constant, quality:
succeeding_restarts = 0
step = [ 0.5 0.05 5 0.1 0.0999995 1 0.075 0.1 0.025 ]

planner = TRRTkConfigDefault
metric = relevancy
scene = scene_ground_with_boxes
query = RANDOM_pose45
countdown = 2.001
acceptance = 1-t/T
run = 2
range, goal_bias, max_states_failed, temp_change_factor, min_temperature, init_temperature, frountier_threshold, frountierNodeRatio, k_constant, quality:
succeeding_restarts = 0
step = [ 0.5 0.05 5 0.1 0.0999995 1 0.075 0.1 0.025 ]

planner = TRRTkConfigDefault
metric = relevancy
scene = scene_ground_with_boxes
query = RANDOM_pose46
countdown = 2.001
acceptance = 1-t/T
run = 1
range, goal_bias, max_states_failed, temp_change_factor, min_temperature, init_temperature, frountier_threshold, frountierNodeRatio, k_constant, quality:
0, 0.05, 10, 2, 10e-10, 10e-6, 0, 0.1, 0, 0.0581424;
succeeding_restarts = 1
step = [ 0.5 0.05 5 0.1 0.0999995 1 0.075 0.1 0.025 ]

planner = TRRTkConfigDefault
metric = relevancy
scene = scene_ground_with_boxes
query = RANDOM_pose46
countdown = 2.001
acceptance = 1-t/T
run = 2
range, goal_bias, max_states_failed, temp_change_factor, min_temperature, init_temperature, frountier_threshold, frountierNodeRatio, k_constant, quality:
0, 0.05, 10, 2, 10e-10, 10e-6, 0, 0.1, 0, 0.056167;
succeeding_restarts = 1
step = [ 0.5 0.05 5 0.1 0.0999995 1 0.075 0.1 0.025 ]

planner = TRRTkConfigDefault
metric = relevancy
scene = scene_ground_with_boxes
query = RANDOM_pose47
countdown = 2.001
acceptance = 1-t/T
run = 1
range, goal_bias, max_states_failed, temp_change_factor, min_temperature, init_temperature, frountier_threshold, frountierNodeRatio, k_constant, quality:
0, 0.05, 10, 2, 10e-10, 10e-6, 0, 0.1, 0, 0.0320924;
succeeding_restarts = 1
step = [ 0.5 0.05 5 0.1 0.0999995 1 0.075 0.1 0.025 ]

planner = TRRTkConfigDefault
metric = relevancy
scene = scene_ground_with_boxes
query = RANDOM_pose47
countdown = 2.001
acceptance = 1-t/T
run = 2
range, goal_bias, max_states_failed, temp_change_factor, min_temperature, init_temperature, frountier_threshold, frountierNodeRatio, k_constant, quality:
succeeding_restarts = 0
step = [ 0.5 0.05 5 0.1 0.0999995 1 0.075 0.1 0.025 ]

planner = TRRTkConfigDefault
metric = relevancy
scene = scene_ground_with_boxes
query = RANDOM_pose48
countdown = 2.001
acceptance = 1-t/T
run = 1
range, goal_bias, max_states_failed, temp_change_factor, min_temperature, init_temperature, frountier_threshold, frountierNodeRatio, k_constant, quality:
succeeding_restarts = 0
step = [ 0.5 0.05 5 0.1 0.0999995 1 0.075 0.1 0.025 ]

planner = TRRTkConfigDefault
metric = relevancy
scene = scene_ground_with_boxes
query = RANDOM_pose48
countdown = 2.001
acceptance = 1-t/T
run = 2
range, goal_bias, max_states_failed, temp_change_factor, min_temperature, init_temperature, frountier_threshold, frountierNodeRatio, k_constant, quality:
succeeding_restarts = 0
step = [ 0.5 0.05 5 0.1 0.0999995 1 0.075 0.1 0.025 ]

planner = TRRTkConfigDefault
metric = relevancy
scene = scene_ground_with_boxes
query = RANDOM_pose49
countdown = 2.001
acceptance = 1-t/T
run = 1
range, goal_bias, max_states_failed, temp_change_factor, min_temperature, init_temperature, frountier_threshold, frountierNodeRatio, k_constant, quality:
succeeding_restarts = 0
step = [ 0.5 0.05 5 0.1 0.0999995 1 0.075 0.1 0.025 ]

planner = TRRTkConfigDefault
metric = relevancy
scene = scene_ground_with_boxes
query = RANDOM_pose49
countdown = 2.001
acceptance = 1-t/T
run = 2
range, goal_bias, max_states_failed, temp_change_factor, min_temperature, init_temperature, frountier_threshold, frountierNodeRatio, k_constant, quality:
succeeding_restarts = 0
step = [ 0.5 0.05 5 0.1 0.0999995 1 0.075 0.1 0.025 ]

planner = TRRTkConfigDefault
metric = relevancy
scene = scene_ground_with_boxes
query = RANDOM_pose0
countdown = 2.001
acceptance = 1-t/T
run = 1
range, goal_bias, max_states_failed, temp_change_factor, min_temperature, init_temperature, frountier_threshold, frountierNodeRatio, k_constant, quality:
succeeding_restarts = 0
step = [ 0.5 0.05 5 0.1 0.0999995 1 0.075 0.1 0.025 ]

planner = TRRTkConfigDefault
metric = relevancy
scene = scene_ground_with_boxes
query = RANDOM_pose0
countdown = 2.001
acceptance = 1-t/T
run = 2
range, goal_bias, max_states_failed, temp_change_factor, min_temperature, init_temperature, frountier_threshold, frountierNodeRatio, k_constant, quality:
succeeding_restarts = 0
step = [ 0.5 0.05 5 0.1 0.0999995 1 0.075 0.1 0.025 ]

planner = TRRTkConfigDefault
metric = relevancy
scene = scene_ground_with_boxes
query = RANDOM_pose1
countdown = 2.001
acceptance = 1-t/T
run = 1
range, goal_bias, max_states_failed, temp_change_factor, min_temperature, init_temperature, frountier_threshold, frountierNodeRatio, k_constant, quality:
0, 0.05, 10, 2, 10e-10, 10e-6, 0, 0.1, 0, 0.0805957;
0, 0.05, 10, 0.9, 10e-10, 10e-6, 0.575, 0, 0.025, 0.0702537;
0, 0.1, 15, 0.9, 10e-10, 10e-6, 0.575, 0.10001, 0, 0.0817451;
0.5, 0.05, 15, 0.9, 10e-10, 10e-6, 0.575, 0.20001, 0.025, 0.0764044;
0.5, 0.05, 15, 0.9, 10e-10, 10e-6, 0.5, 0.20001, 0.05, 0.0943954;
succeeding_restarts = 5
step = [ 0.5 0.05 5 0.1 0.0999995 1 0.075 0.1 0.025 ]

planner = TRRTkConfigDefault
metric = relevancy
scene = scene_ground_with_boxes
query = RANDOM_pose1
countdown = 2.001
acceptance = 1-t/T
run = 2
range, goal_bias, max_states_failed, temp_change_factor, min_temperature, init_temperature, frountier_threshold, frountierNodeRatio, k_constant, quality:
0, 0.05, 10, 2, 10e-10, 10e-6, 0, 0.1, 0, 0.0800237;
0.5, 0.05, 10, 2, 10e-10, 10e-6, 0, 0.1, 0, 0.0942543;
0, 0.05, 5, 2, 10e-10, 10e-6, 0, 0.1, 0.025, 0.116356;
0.5, 0, 0, 0.9, 10e-10, 10e-6, 0, 0.2, 0.025, 0.0795043;
succeeding_restarts = 4
step = [ 0.5 0.05 5 0.1 0.0999995 1 0.075 0.1 0.025 ]

planner = TRRTkConfigDefault
metric = relevancy
scene = scene_ground_with_boxes
query = RANDOM_pose2
countdown = 2.001
acceptance = 1-t/T
run = 1
range, goal_bias, max_states_failed, temp_change_factor, min_temperature, init_temperature, frountier_threshold, frountierNodeRatio, k_constant, quality:
succeeding_restarts = 0
step = [ 0.5 0.05 5 0.1 0.0999995 1 0.075 0.1 0.025 ]

planner = TRRTkConfigDefault
metric = relevancy
scene = scene_ground_with_boxes
query = RANDOM_pose2
countdown = 2.001
acceptance = 1-t/T
run = 2
range, goal_bias, max_states_failed, temp_change_factor, min_temperature, init_temperature, frountier_threshold, frountierNodeRatio, k_constant, quality:
succeeding_restarts = 0
step = [ 0.5 0.05 5 0.1 0.0999995 1 0.075 0.1 0.025 ]

planner = TRRTkConfigDefault
metric = relevancy
scene = scene_ground_with_boxes
query = RANDOM_pose3
countdown = 2.001
acceptance = 1-t/T
run = 1
range, goal_bias, max_states_failed, temp_change_factor, min_temperature, init_temperature, frountier_threshold, frountierNodeRatio, k_constant, quality:
succeeding_restarts = 0
step = [ 0.5 0.05 5 0.1 0.0999995 1 0.075 0.1 0.025 ]

planner = TRRTkConfigDefault
metric = relevancy
scene = scene_ground_with_boxes
query = RANDOM_pose3
countdown = 2.001
acceptance = 1-t/T
run = 2
range, goal_bias, max_states_failed, temp_change_factor, min_temperature, init_temperature, frountier_threshold, frountierNodeRatio, k_constant, quality:
succeeding_restarts = 0
step = [ 0.5 0.05 5 0.1 0.0999995 1 0.075 0.1 0.025 ]

planner = TRRTkConfigDefault
metric = relevancy
scene = scene_ground_with_boxes
query = RANDOM_pose4
countdown = 2.001
acceptance = 1-t/T
run = 1
range, goal_bias, max_states_failed, temp_change_factor, min_temperature, init_temperature, frountier_threshold, frountierNodeRatio, k_constant, quality:
succeeding_restarts = 0
step = [ 0.5 0.05 5 0.1 0.0999995 1 0.075 0.1 0.025 ]

planner = TRRTkConfigDefault
metric = relevancy
scene = scene_ground_with_boxes
query = RANDOM_pose4
countdown = 2.001
acceptance = 1-t/T
run = 2
range, goal_bias, max_states_failed, temp_change_factor, min_temperature, init_temperature, frountier_threshold, frountierNodeRatio, k_constant, quality:
succeeding_restarts = 0
step = [ 0.5 0.05 5 0.1 0.0999995 1 0.075 0.1 0.025 ]

planner = TRRTkConfigDefault
metric = relevancy
scene = scene_ground_with_boxes
query = RANDOM_pose5
countdown = 2.001
acceptance = 1-t/T
run = 1
range, goal_bias, max_states_failed, temp_change_factor, min_temperature, init_temperature, frountier_threshold, frountierNodeRatio, k_constant, quality:
succeeding_restarts = 0
step = [ 0.5 0.05 5 0.1 0.0999995 1 0.075 0.1 0.025 ]

planner = TRRTkConfigDefault
metric = relevancy
scene = scene_ground_with_boxes
query = RANDOM_pose5
countdown = 2.001
acceptance = 1-t/T
run = 2
range, goal_bias, max_states_failed, temp_change_factor, min_temperature, init_temperature, frountier_threshold, frountierNodeRatio, k_constant, quality:
succeeding_restarts = 0
step = [ 0.5 0.05 5 0.1 0.0999995 1 0.075 0.1 0.025 ]

planner = TRRTkConfigDefault
metric = relevancy
scene = scene_ground_with_boxes
query = RANDOM_pose6
countdown = 2.001
acceptance = 1-t/T
run = 1
range, goal_bias, max_states_failed, temp_change_factor, min_temperature, init_temperature, frountier_threshold, frountierNodeRatio, k_constant, quality:
succeeding_restarts = 0
step = [ 0.5 0.05 5 0.1 0.0999995 1 0.075 0.1 0.025 ]

planner = TRRTkConfigDefault
metric = relevancy
scene = scene_ground_with_boxes
query = RANDOM_pose6
countdown = 2.001
acceptance = 1-t/T
run = 2
range, goal_bias, max_states_failed, temp_change_factor, min_temperature, init_temperature, frountier_threshold, frountierNodeRatio, k_constant, quality:
succeeding_restarts = 0
step = [ 0.5 0.05 5 0.1 0.0999995 1 0.075 0.1 0.025 ]

planner = TRRTkConfigDefault
metric = relevancy
scene = scene_ground_with_boxes
query = RANDOM_pose7
countdown = 2.001
acceptance = 1-t/T
run = 1
range, goal_bias, max_states_failed, temp_change_factor, min_temperature, init_temperature, frountier_threshold, frountierNodeRatio, k_constant, quality:
succeeding_restarts = 0
step = [ 0.5 0.05 5 0.1 0.0999995 1 0.075 0.1 0.025 ]

planner = TRRTkConfigDefault
metric = relevancy
scene = scene_ground_with_boxes
query = RANDOM_pose7
countdown = 2.001
acceptance = 1-t/T
run = 2
range, goal_bias, max_states_failed, temp_change_factor, min_temperature, init_temperature, frountier_threshold, frountierNodeRatio, k_constant, quality:
succeeding_restarts = 0
step = [ 0.5 0.05 5 0.1 0.0999995 1 0.075 0.1 0.025 ]

planner = TRRTkConfigDefault
metric = relevancy
scene = scene_ground_with_boxes
query = RANDOM_pose9
countdown = 2.001
acceptance = 1-t/T
run = 1
range, goal_bias, max_states_failed, temp_change_factor, min_temperature, init_temperature, frountier_threshold, frountierNodeRatio, k_constant, quality:
succeeding_restarts = 0
step = [ 0.5 0.05 5 0.1 0.0999995 1 0.075 0.1 0.025 ]

planner = TRRTkConfigDefault
metric = relevancy
scene = scene_ground_with_boxes
query = RANDOM_pose9
countdown = 2.001
acceptance = 1-t/T
run = 2
range, goal_bias, max_states_failed, temp_change_factor, min_temperature, init_temperature, frountier_threshold, frountierNodeRatio, k_constant, quality:
succeeding_restarts = 0
step = [ 0.5 0.05 5 0.1 0.0999995 1 0.075 0.1 0.025 ]

planner = TRRTkConfigDefault
metric = relevancy
scene = scene_ground_with_boxes
query = RANDOM_pose11
countdown = 2.001
acceptance = 1-t/T
run = 1
range, goal_bias, max_states_failed, temp_change_factor, min_temperature, init_temperature, frountier_threshold, frountierNodeRatio, k_constant, quality:
succeeding_restarts = 0
step = [ 0.5 0.05 5 0.1 0.0999995 1 0.075 0.1 0.025 ]

planner = TRRTkConfigDefault
metric = relevancy
scene = scene_ground_with_boxes
query = RANDOM_pose11
countdown = 2.001
acceptance = 1-t/T
run = 2
range, goal_bias, max_states_failed, temp_change_factor, min_temperature, init_temperature, frountier_threshold, frountierNodeRatio, k_constant, quality:
succeeding_restarts = 0
step = [ 0.5 0.05 5 0.1 0.0999995 1 0.075 0.1 0.025 ]

planner = TRRTkConfigDefault
metric = relevancy
scene = scene_ground_with_boxes
query = RANDOM_pose12
countdown = 2.001
acceptance = 1-t/T
run = 1
range, goal_bias, max_states_failed, temp_change_factor, min_temperature, init_temperature, frountier_threshold, frountierNodeRatio, k_constant, quality:
succeeding_restarts = 0
step = [ 0.5 0.05 5 0.1 0.0999995 1 0.075 0.1 0.025 ]

planner = TRRTkConfigDefault
metric = relevancy
scene = scene_ground_with_boxes
query = RANDOM_pose12
countdown = 2.001
acceptance = 1-t/T
run = 2
range, goal_bias, max_states_failed, temp_change_factor, min_temperature, init_temperature, frountier_threshold, frountierNodeRatio, k_constant, quality:
succeeding_restarts = 0
step = [ 0.5 0.05 5 0.1 0.0999995 1 0.075 0.1 0.025 ]

planner = TRRTkConfigDefault
metric = relevancy
scene = scene_ground_with_boxes
query = RANDOM_pose13
countdown = 2.001
acceptance = 1-t/T
run = 1
range, goal_bias, max_states_failed, temp_change_factor, min_temperature, init_temperature, frountier_threshold, frountierNodeRatio, k_constant, quality:
succeeding_restarts = 0
step = [ 0.5 0.05 5 0.1 0.0999995 1 0.075 0.1 0.025 ]

planner = TRRTkConfigDefault
metric = relevancy
scene = scene_ground_with_boxes
query = RANDOM_pose13
countdown = 2.001
acceptance = 1-t/T
run = 2
range, goal_bias, max_states_failed, temp_change_factor, min_temperature, init_temperature, frountier_threshold, frountierNodeRatio, k_constant, quality:
succeeding_restarts = 0
step = [ 0.5 0.05 5 0.1 0.0999995 1 0.075 0.1 0.025 ]

planner = TRRTkConfigDefault
metric = relevancy
scene = scene_ground_with_boxes
query = RANDOM_pose14
countdown = 2.001
acceptance = 1-t/T
run = 1
range, goal_bias, max_states_failed, temp_change_factor, min_temperature, init_temperature, frountier_threshold, frountierNodeRatio, k_constant, quality:
succeeding_restarts = 0
step = [ 0.5 0.05 5 0.1 0.0999995 1 0.075 0.1 0.025 ]

planner = TRRTkConfigDefault
metric = relevancy
scene = scene_ground_with_boxes
query = RANDOM_pose14
countdown = 2.001
acceptance = 1-t/T
run = 2
range, goal_bias, max_states_failed, temp_change_factor, min_temperature, init_temperature, frountier_threshold, frountierNodeRatio, k_constant, quality:
succeeding_restarts = 0
step = [ 0.5 0.05 5 0.1 0.0999995 1 0.075 0.1 0.025 ]

planner = TRRTkConfigDefault
metric = relevancy
scene = scene_ground_with_boxes
query = RANDOM_pose19
countdown = 2.001
acceptance = 1-t/T
run = 1
range, goal_bias, max_states_failed, temp_change_factor, min_temperature, init_temperature, frountier_threshold, frountierNodeRatio, k_constant, quality:
succeeding_restarts = 0
step = [ 0.5 0.05 5 0.1 0.0999995 1 0.075 0.1 0.025 ]

planner = TRRTkConfigDefault
metric = relevancy
scene = scene_ground_with_boxes
query = RANDOM_pose19
countdown = 2.001
acceptance = 1-t/T
run = 2
range, goal_bias, max_states_failed, temp_change_factor, min_temperature, init_temperature, frountier_threshold, frountierNodeRatio, k_constant, quality:
succeeding_restarts = 0
step = [ 0.5 0.05 5 0.1 0.0999995 1 0.075 0.1 0.025 ]

planner = TRRTkConfigDefault
metric = relevancy
scene = scene_ground_with_boxes
query = RANDOM_pose20
countdown = 2.001
acceptance = 1-t/T
run = 1
range, goal_bias, max_states_failed, temp_change_factor, min_temperature, init_temperature, frountier_threshold, frountierNodeRatio, k_constant, quality:
0, 0.05, 10, 2, 10e-10, 10e-6, 0, 0.1, 0, 0.0354896;
succeeding_restarts = 1
step = [ 0.5 0.05 5 0.1 0.0999995 1 0.075 0.1 0.025 ]

planner = TRRTkConfigDefault
metric = relevancy
scene = scene_ground_with_boxes
query = RANDOM_pose20
countdown = 2.001
acceptance = 1-t/T
run = 2
range, goal_bias, max_states_failed, temp_change_factor, min_temperature, init_temperature, frountier_threshold, frountierNodeRatio, k_constant, quality:
0, 0.05, 10, 2, 10e-10, 10e-6, 0, 0.1, 0, 0.0272971;
succeeding_restarts = 1
step = [ 0.5 0.05 5 0.1 0.0999995 1 0.075 0.1 0.025 ]

planner = TRRTkConfigDefault
metric = relevancy
scene = scene_ground_with_boxes
query = RANDOM_pose22
countdown = 2.001
acceptance = 1-t/T
run = 1
range, goal_bias, max_states_failed, temp_change_factor, min_temperature, init_temperature, frountier_threshold, frountierNodeRatio, k_constant, quality:
succeeding_restarts = 0
step = [ 0.5 0.05 5 0.1 0.0999995 1 0.075 0.1 0.025 ]

planner = TRRTkConfigDefault
metric = relevancy
scene = scene_ground_with_boxes
query = RANDOM_pose22
countdown = 2.001
acceptance = 1-t/T
run = 2
range, goal_bias, max_states_failed, temp_change_factor, min_temperature, init_temperature, frountier_threshold, frountierNodeRatio, k_constant, quality:
succeeding_restarts = 0
step = [ 0.5 0.05 5 0.1 0.0999995 1 0.075 0.1 0.025 ]

planner = TRRTkConfigDefault
metric = relevancy
scene = scene_ground_with_boxes
query = RANDOM_pose23
countdown = 2.001
acceptance = 1-t/T
run = 1
range, goal_bias, max_states_failed, temp_change_factor, min_temperature, init_temperature, frountier_threshold, frountierNodeRatio, k_constant, quality:
0, 0.05, 10, 2, 10e-10, 10e-6, 0, 0.1, 0, 0.262968;
0, 0.05, 10, 2, 10e-10, 10e-6, 0, 0.1, 0.025, 0.210604;
0.5, 0, 10, 2, 10e-10, 10e-6, 0, 0.1, 0.025, 0.149343;
1, 0, 10, 0.9, 10e-10, 10e-6, 0, 0.1, 0.025, 0.304378;
0.5, 0.05, 15, 1, 10e-10, 10e-6, 0.575, 0, 0.05, 0.312476;
1, 0.1, 20, 1, 10e-10, 10e-6, 0.575, 0, 0.05, 0.322145;
1, 0.1, 15, 1, 10e-10, 10e-6, 0.575, 0, 0.025, 0.424115;
succeeding_restarts = 7
step = [ 0.5 0.05 5 0.1 0.0999995 1 0.075 0.1 0.025 ]

planner = TRRTkConfigDefault
metric = relevancy
scene = scene_ground_with_boxes
query = RANDOM_pose23
countdown = 2.001
acceptance = 1-t/T
run = 2
range, goal_bias, max_states_failed, temp_change_factor, min_temperature, init_temperature, frountier_threshold, frountierNodeRatio, k_constant, quality:
0, 0.05, 10, 2, 10e-10, 10e-6, 0, 0.1, 0, 0.344417;
0.5, 0, 15, 0.9, 10e-10, 10e-6, 0.575, 0, 0.025, 0.306068;
0.5, 0.05, 20, 0.8, 10e-10, 10e-6, 0.65, 0.10001, 0, 0.204371;
0, 0.05, 15, 0.8, 10e-10, 10e-6, 0.65, 0.10001, 0, 0.348068;
0.5, 0.1, 10, 0.8, 10e-10, 10e-6, 0.575, 0.20001, 0.025, 0.475702;
0, 0.1, 15, 0.7, 10e-10, 10e-6, 0.575, 0.20001, 0.05, 0.231229;
0.5, 0.1, 15, 0.7, 10e-10, 10e-6, 0.5, 0.20001, 0.05, 0.314666;
0, 0.15, 10, 0.8, 10e-10, 10e-6, 0.575, 0.30001, 0.075, 0.287833;
0.5, 0.15, 15, 0.7, 10e-10, 10e-6, 0.5, 0.40001, 0.05, 0.382007;
0.5, 0.1, 15, 0.7, 10e-10, 10e-6, 0.575, 0.50001, 0.075, 0.212326;
0.5, 0.15, 15, 0.6, 10e-10, 10e-6, 0.575, 0.50001, 0.075, 0.181408;
0.5, 0.15, 15, 0.6, 10e-10, 10e-6, 0.575, 0.50001, 0.075, 0.315635;
1, 0.1, 10, 0.6, 10e-10, 10e-6, 0.65, 0.40001, 0.05, 0.26839;
1, 0.15, 15, 0.5, 10e-10, 10e-6, 0.575, 0.30001, 0.025, 0.287685;
0.5, 0.1, 10, 0.4, 10e-10, 10e-6, 0.5, 0.40001, 6.93889e-18, 0.129796;
1, 0.1, 5, 0.4, 10e-10, 10e-6, 0.575, 0.30001, -0.025, 0.299798;
1.5, 0.1, 5, 0.3, 10e-10, 10e-6, 0.5, 0.30001, 0.025, 0.295697;
2, 0.05, 10, 0.4, 10e-10, 10e-6, 0.575, 0.40001, 0, 0.376437;
2, 1.38778e-17, 10, 0.4, 10e-10, 10e-6, 0.575, 0.40001, 0, 0.384934;
1.5, -0.05, 15, 0.4, 10e-10, 10e-6, 0.575, 0.50001, 0.025, 0.257844;
1.5, -0.05, 15, 0.4, 10e-10, 10e-6, 0.65, 0.50001, 0.025, 0.250642;
1.5, 0.05, 15, 0.4, 10e-10, 10e-6, 0.725, 0.60001, 0, 0.280218;
2, 0.1, 20, 0.3, 10e-10, 10e-6, 0.725, 0.70001, 0.025, 0.282818;
succeeding_restarts = 23
step = [ 0.5 0.05 5 0.1 0.0999995 1 0.075 0.1 0.025 ]

planner = TRRTkConfigDefault
metric = relevancy
scene = scene_ground_with_boxes
query = RANDOM_pose29
countdown = 2.001
acceptance = 1-t/T
run = 1
range, goal_bias, max_states_failed, temp_change_factor, min_temperature, init_temperature, frountier_threshold, frountierNodeRatio, k_constant, quality:
0, 0.05, 10, 2, 10e-10, 10e-6, 0, 0.1, 0, 0.203766;
0.5, 0, 5, 0.9, 10e-10, 10e-6, 0.575, 0.2, 0.025, 0.370007;
1, 0, 0, 1, 10e-10, 10e-6, 0.65, 0.2, 0.05, 0.314898;
1, 0.05, 0, 1, 10e-10, 10e-6, 0.65, 0.1, 0.025, 0.175476;
1, 0.05, 0, 0.9, 10e-10, 10e-6, 0.65, 0.2, 0.025, 0.247191;
1, 0.05, 5, 0.9, 10e-10, 10e-6, 0.65, 0.2, 0.05, 0.127256;
1.5, 0, 10, 1, 10e-10, 10e-6, 0.725, 0.3, 0.025, 0.274459;
1, 0.05, 10, 1, 10e-10, 10e-6, 0.725, 0.2, 0.05, 0.31263;
succeeding_restarts = 8
step = [ 0.5 0.05 5 0.1 0.0999995 1 0.075 0.1 0.025 ]

planner = TRRTkConfigDefault
metric = relevancy
scene = scene_ground_with_boxes
query = RANDOM_pose29
countdown = 2.001
acceptance = 1-t/T
run = 2
range, goal_bias, max_states_failed, temp_change_factor, min_temperature, init_temperature, frountier_threshold, frountierNodeRatio, k_constant, quality:
0, 0.05, 10, 2, 10e-10, 10e-6, 0, 0.1, 0, 0.193068;
0, 0.05, 10, 2, 10e-10, 10e-6, 0.575, 0.1, 0.025, 0.396628;
0.5, 0.1, 10, 2, 10e-10, 10e-6, 0.575, 0.1, 0.025, 0.263781;
1, 0.05, 15, 2, 10e-10, 10e-6, 0.575, 0.2, 0.025, 0.327364;
1, 0.05, 15, 0.9, 10e-10, 10e-6, 0.575, 0.2, 0.025, 0.196509;
1.5, 0.1, 20, 1, 10e-10, 10e-6, 0.5, 0.3, 0.05, 0.259693;
1, 0.1, 25, 1, 10e-10, 10e-6, 0.575, 0.3, 0.075, 0.477795;
0.5, 0.1, 30, 0.9, 10e-10, 10e-6, 0.575, 0.4, 0.05, 0.515682;
1, 0.05, 30, 0.9, 10e-10, 10e-6, 0.65, 0.4, 0.05, 0.494761;
1, 0.05, 30, 0.8, 10e-10, 10e-6, 0.725, 0.3, 0.05, 0.314148;
1.5, 0.1, 35, 0.7, 10e-10, 10e-6, 0.8, 0.2, 0.025, 0.506393;
succeeding_restarts = 11
step = [ 0.5 0.05 5 0.1 0.0999995 1 0.075 0.1 0.025 ]

planner = TRRTkConfigDefault
metric = relevancy
scene = scene_ground_with_boxes
query = RANDOM_pose30
countdown = 2.001
acceptance = 1-t/T
run = 1
range, goal_bias, max_states_failed, temp_change_factor, min_temperature, init_temperature, frountier_threshold, frountierNodeRatio, k_constant, quality:
succeeding_restarts = 0
step = [ 0.5 0.05 5 0.1 0.0999995 1 0.075 0.1 0.025 ]

planner = TRRTkConfigDefault
metric = relevancy
scene = scene_ground_with_boxes
query = RANDOM_pose30
countdown = 2.001
acceptance = 1-t/T
run = 2
range, goal_bias, max_states_failed, temp_change_factor, min_temperature, init_temperature, frountier_threshold, frountierNodeRatio, k_constant, quality:
succeeding_restarts = 0
step = [ 0.5 0.05 5 0.1 0.0999995 1 0.075 0.1 0.025 ]

..