planner = TRRTkConfigDefault
metric = relevancy
scene = scene_ground_with_boxes
query = RANDOM_pose31
countdown = 3
acceptance = 1-t/T
run = 1
range, goal_bias, max_states_failed, temp_change_factor, min_temperature, init_temperature, frountier_threshold, frountierNodeRatio, k_constant, quality:
succeeding_restarts = 0
step = [ 0.5 0.05 5 0.1 0.0999995 1 0.075 0.1 0.025 ]

planner = TRRTkConfigDefault
metric = relevancy
scene = scene_ground_with_boxes
query = RANDOM_pose35
countdown = 3
acceptance = 1-t/T
run = 1
range, goal_bias, max_states_failed, temp_change_factor, min_temperature, init_temperature, frountier_threshold, frountierNodeRatio, k_constant, quality:
succeeding_restarts = 0
step = [ 0.5 0.05 5 0.1 0.0999995 1 0.075 0.1 0.025 ]

planner = TRRTkConfigDefault
metric = relevancy
scene = scene_ground_with_boxes
query = RANDOM_pose36
countdown = 3
acceptance = 1-t/T
run = 1
range, goal_bias, max_states_failed, temp_change_factor, min_temperature, init_temperature, frountier_threshold, frountierNodeRatio, k_constant, quality:
succeeding_restarts = 0
step = [ 0.5 0.05 5 0.1 0.0999995 1 0.075 0.1 0.025 ]

planner = TRRTkConfigDefault
metric = relevancy
scene = scene_ground_with_boxes
query = RANDOM_pose37
countdown = 3
acceptance = 1-t/T
run = 1
range, goal_bias, max_states_failed, temp_change_factor, min_temperature, init_temperature, frountier_threshold, frountierNodeRatio, k_constant, quality:
0, 0, 0, 0.1, 1e-05, 1e-05, 0.5, 1e-05, 0, 0.0562357;
0.5, 0.05, 5, 0.1, 0.10001, 1e-05, 0.575, 1e-05, 0.025, 0.0577539;
succeeding_restarts = 2
step = [ 0.5 0.05 5 0.1 0.0999995 1 0.075 0.1 0.025 ]

planner = TRRTkConfigDefault
metric = relevancy
scene = scene_ground_with_boxes
query = RANDOM_pose38
countdown = 3
acceptance = 1-t/T
run = 1
range, goal_bias, max_states_failed, temp_change_factor, min_temperature, init_temperature, frountier_threshold, frountierNodeRatio, k_constant, quality:
0, 0.05, 0, 0.1, 5e-07, 1e-05, 0.65, 0.10001, 0, 0.0298644;
succeeding_restarts = 1
step = [ 0.5 0.05 5 0.1 0.0999995 1 0.075 0.1 0.025 ]

planner = TRRTkConfigDefault
metric = relevancy
scene = scene_ground_with_boxes
query = RANDOM_pose42
countdown = 3
acceptance = 1-t/T
run = 1
range, goal_bias, max_states_failed, temp_change_factor, min_temperature, init_temperature, frountier_threshold, frountierNodeRatio, k_constant, quality:
0.5, 0.1, 5, 0.2, 0.10001, 1.00001, 0.725, 0.20001, 0.025, 0.0494449;
succeeding_restarts = 1
step = [ 0.5 0.05 5 0.1 0.0999995 1 0.075 0.1 0.025 ]

planner = TRRTkConfigDefault
metric = relevancy
scene = scene_ground_with_boxes
query = RANDOM_pose8
countdown = 3
acceptance = 1-t/T
run = 1
range, goal_bias, max_states_failed, temp_change_factor, min_temperature, init_temperature, frountier_threshold, frountierNodeRatio, k_constant, quality:
succeeding_restarts = 0
step = [ 0.5 0.05 5 0.1 0.0999995 1 0.075 0.1 0.025 ]

planner = TRRTkConfigDefault
metric = relevancy
scene = scene_ground_with_boxes
query = RANDOM_pose10
countdown = 3
acceptance = 1-t/T
run = 1
range, goal_bias, max_states_failed, temp_change_factor, min_temperature, init_temperature, frountier_threshold, frountierNodeRatio, k_constant, quality:
succeeding_restarts = 0
step = [ 0.5 0.05 5 0.1 0.0999995 1 0.075 0.1 0.025 ]

planner = TRRTkConfigDefault
metric = relevancy
scene = scene_ground_with_boxes
query = RANDOM_pose15
countdown = 3
acceptance = 1-t/T
run = 1
range, goal_bias, max_states_failed, temp_change_factor, min_temperature, init_temperature, frountier_threshold, frountierNodeRatio, k_constant, quality:
0, 0, 0, 0.1, 1e-05, 1e-05, 0.5, 1e-05, 0, 0.076401;
0, 0, 5, 0.1, 0.10001, 1.00001, 0.575, 0.10001, 0, 0.143364;
succeeding_restarts = 2
step = [ 0.5 0.05 5 0.1 0.0999995 1 0.075 0.1 0.025 ]

planner = TRRTkConfigDefault
metric = relevancy
scene = scene_ground_with_boxes
query = RANDOM_pose16
countdown = 3
acceptance = 1-t/T
run = 1
range, goal_bias, max_states_failed, temp_change_factor, min_temperature, init_temperature, frountier_threshold, frountierNodeRatio, k_constant, quality:
succeeding_restarts = 0
step = [ 0.5 0.05 5 0.1 0.0999995 1 0.075 0.1 0.025 ]

planner = TRRTkConfigDefault
metric = relevancy
scene = scene_ground_with_boxes
query = RANDOM_pose17
countdown = 3
acceptance = 1-t/T
run = 1
range, goal_bias, max_states_failed, temp_change_factor, min_temperature, init_temperature, frountier_threshold, frountierNodeRatio, k_constant, quality:
0, 0, 0, 0.1, 1e-05, 1e-05, 0.5, 1e-05, 0, 0.147675;
0.5, 0, 0, 0.1, 1e-05, 1.00001, 0.575, 0.10001, 0, 0.112536;
0.5, 0.05, 5, 0.1, 1e-05, 1.00001, 0.575, 0.10001, 0.025, 0.132452;
1, 0.1, 5, 0.1, 1e-05, 1e-05, 0.65, 1e-05, 0.05, 0.169623;
1.5, 0.1, 0, 0.2, 0.10001, -0.99999, 0.65, 0.10001, 0.05, 0.0825321;
1.5, 0.15, 5, 0.3, 5e-07, 1.00001, 0.65, 0.10001, 0.025, 0.122778;
succeeding_restarts = 6
step = [ 0.5 0.05 5 0.1 0.0999995 1 0.075 0.1 0.025 ]

planner = TRRTkConfigDefault
metric = relevancy
scene = scene_ground_with_boxes
query = RANDOM_pose18
countdown = 3
acceptance = 1-t/T
run = 1
range, goal_bias, max_states_failed, temp_change_factor, min_temperature, init_temperature, frountier_threshold, frountierNodeRatio, k_constant, quality:
succeeding_restarts = 0
step = [ 0.5 0.05 5 0.1 0.0999995 1 0.075 0.1 0.025 ]

planner = TRRTkConfigDefault
metric = relevancy
scene = scene_ground_with_boxes
query = RANDOM_pose21
countdown = 3
acceptance = 1-t/T
run = 1
range, goal_bias, max_states_failed, temp_change_factor, min_temperature, init_temperature, frountier_threshold, frountierNodeRatio, k_constant, quality:
succeeding_restarts = 0
step = [ 0.5 0.05 5 0.1 0.0999995 1 0.075 0.1 0.025 ]

planner = TRRTkConfigDefault
metric = relevancy
scene = scene_ground_with_boxes
query = RANDOM_pose24
countdown = 3
acceptance = 1-t/T
run = 1
range, goal_bias, max_states_failed, temp_change_factor, min_temperature, init_temperature, frountier_threshold, frountierNodeRatio, k_constant, quality:
succeeding_restarts = 0
step = [ 0.5 0.05 5 0.1 0.0999995 1 0.075 0.1 0.025 ]

planner = TRRTkConfigDefault
metric = relevancy
scene = scene_ground_with_boxes
query = RANDOM_pose25
countdown = 3
acceptance = 1-t/T
run = 1
range, goal_bias, max_states_failed, temp_change_factor, min_temperature, init_temperature, frountier_threshold, frountierNodeRatio, k_constant, quality:
succeeding_restarts = 0
step = [ 0.5 0.05 5 0.1 0.0999995 1 0.075 0.1 0.025 ]

planner = TRRTkConfigDefault
metric = relevancy
scene = scene_ground_with_boxes
query = RANDOM_pose26
countdown = 3
acceptance = 1-t/T
run = 1
range, goal_bias, max_states_failed, temp_change_factor, min_temperature, init_temperature, frountier_threshold, frountierNodeRatio, k_constant, quality:
succeeding_restarts = 0
step = [ 0.5 0.05 5 0.1 0.0999995 1 0.075 0.1 0.025 ]

planner = TRRTkConfigDefault
metric = relevancy
scene = scene_ground_with_boxes
query = RANDOM_pose27
countdown = 3
acceptance = 1-t/T
run = 1
range, goal_bias, max_states_failed, temp_change_factor, min_temperature, init_temperature, frountier_threshold, frountierNodeRatio, k_constant, quality:
0, 0, 0, 0.1, 1e-05, 1e-05, 0.5, 1e-05, 0, 0.100788;
0.5, 0.05, 5, 0.2, 0.10001, 1.00001, 0.575, 0.10001, 0.025, 0.108689;
1, 0, 0, 0.2, 5e-07, 1.00001, 0.65, 0.10001, 0, 0.0768424;
1, 0, 0, 0.2, 0.10001, 2.00001, 0.725, 0.10001, 0.025, 0.0921582;
0.5, 0.05, 5, 0.1, 0.10001, 3.00001, 0.8, 1e-05, 0.05, 0.0685439;
0.5, 0.1, 5, 0.2, 5e-07, 4.00001, 0.725, 0.10001, 0.05, 0.134055;
0, 0.05, 5, 0.3, 5e-07, 3.00001, 0.725, 1e-05, 0.025, 0.0748485;
0.5, 0.05, 5, 0.3, 0.10001, 3.00001, 0.725, 0.10001, 0.025, 0.0960401;
0, 0, 10, 0.2, 5e-07, 2.00001, 0.8, 0.20001, 0, 0.103459;
0.5, 0.05, 15, 0.1, 0.10001, 1.00001, 0.725, 0.30001, 0.025, 0.0984515;
0.5, 0.05, 15, 0.1, 0.10001, 1.00001, 0.65, 0.30001, 0, 0.122324;
succeeding_restarts = 11
step = [ 0.5 0.05 5 0.1 0.0999995 1 0.075 0.1 0.025 ]

planner = TRRTkConfigDefault
metric = relevancy
scene = scene_ground_with_boxes
query = RANDOM_pose28
countdown = 3
acceptance = 1-t/T
run = 1
range, goal_bias, max_states_failed, temp_change_factor, min_temperature, init_temperature, frountier_threshold, frountierNodeRatio, k_constant, quality:
succeeding_restarts = 0
step = [ 0.5 0.05 5 0.1 0.0999995 1 0.075 0.1 0.025 ]

planner = TRRTkConfigDefault
metric = relevancy
scene = scene_ground_with_boxes
query = RANDOM_pose32
countdown = 3
acceptance = 1-t/T
run = 1
range, goal_bias, max_states_failed, temp_change_factor, min_temperature, init_temperature, frountier_threshold, frountierNodeRatio, k_constant, quality:
succeeding_restarts = 0
step = [ 0.5 0.05 5 0.1 0.0999995 1 0.075 0.1 0.025 ]

planner = TRRTkConfigDefault
metric = relevancy
scene = scene_ground_with_boxes
query = RANDOM_pose33
countdown = 3
acceptance = 1-t/T
run = 1
range, goal_bias, max_states_failed, temp_change_factor, min_temperature, init_temperature, frountier_threshold, frountierNodeRatio, k_constant, quality:
0, 0, 0, 0.1, 1e-05, 1e-05, 0.5, 1e-05, 0, 0.0652384;
0.5, 0, 0, 0.1, 0.10001, 1e-05, 0.5, 1e-05, 0.025, 0.050341;
0, 0.05, 5, 0.2, 5e-07, 1.00001, 0.575, 0.10001, 0, 0.0690085;
0.5, 0, 0, 0.1, 0.10001, 2.00001, 0.65, 1e-05, 0.025, 0.0719904;
succeeding_restarts = 4
step = [ 0.5 0.05 5 0.1 0.0999995 1 0.075 0.1 0.025 ]

planner = TRRTkConfigDefault
metric = relevancy
scene = scene_ground_with_boxes
query = RANDOM_pose34
countdown = 3
acceptance = 1-t/T
run = 1
range, goal_bias, max_states_failed, temp_change_factor, min_temperature, init_temperature, frountier_threshold, frountierNodeRatio, k_constant, quality:
succeeding_restarts = 0
step = [ 0.5 0.05 5 0.1 0.0999995 1 0.075 0.1 0.025 ]

planner = TRRTkConfigDefault
metric = relevancy
scene = scene_ground_with_boxes
query = RANDOM_pose39
countdown = 3
acceptance = 1-t/T
run = 1
range, goal_bias, max_states_failed, temp_change_factor, min_temperature, init_temperature, frountier_threshold, frountierNodeRatio, k_constant, quality:
succeeding_restarts = 0
step = [ 0.5 0.05 5 0.1 0.0999995 1 0.075 0.1 0.025 ]

planner = TRRTkConfigDefault
metric = relevancy
scene = scene_ground_with_boxes
query = RANDOM_pose40
countdown = 3
acceptance = 1-t/T
run = 1
range, goal_bias, max_states_failed, temp_change_factor, min_temperature, init_temperature, frountier_threshold, frountierNodeRatio, k_constant, quality:
succeeding_restarts = 0
step = [ 0.5 0.05 5 0.1 0.0999995 1 0.075 0.1 0.025 ]

planner = TRRTkConfigDefault
metric = relevancy
scene = scene_ground_with_boxes
query = RANDOM_pose41
countdown = 3
acceptance = 1-t/T
run = 1
range, goal_bias, max_states_failed, temp_change_factor, min_temperature, init_temperature, frountier_threshold, frountierNodeRatio, k_constant, quality:
0, 0, 0, 0.1, 1e-05, 1e-05, 0.5, 1e-05, 0, 0.118119;
0.5, 0, 5, 0.2, 0.10001, 1.00001, 0.575, 0.10001, 0, 0.0722214;
1, 0.05, 0, 0.3, 0.10001, 1.00001, 0.5, 1e-05, 0.025, 0.149289;
1, 0.05, 5, 0.3, 5e-07, 1.00001, 0.5, 0.10001, 0.05, 0.135537;
0.5, 0.05, 5, 0.3, 0.10001, 1.00001, 0.575, 0.20001, 0.075, 0.155931;
0.5, 0, 5, 0.4, 5e-07, 2.00001, 0.65, 0.20001, 0.075, 0.165802;
0.5, 0, 5, 0.4, 5e-07, 2.00001, 0.575, 0.30001, 0.1, 0.127716;
succeeding_restarts = 7
step = [ 0.5 0.05 5 0.1 0.0999995 1 0.075 0.1 0.025 ]

planner = TRRTkConfigDefault
metric = relevancy
scene = scene_ground_with_boxes
query = RANDOM_pose43
countdown = 3
acceptance = 1-t/T
run = 1
range, goal_bias, max_states_failed, temp_change_factor, min_temperature, init_temperature, frountier_threshold, frountierNodeRatio, k_constant, quality:
succeeding_restarts = 0
step = [ 0.5 0.05 5 0.1 0.0999995 1 0.075 0.1 0.025 ]

planner = TRRTkConfigDefault
metric = relevancy
scene = scene_ground_with_boxes
query = RANDOM_pose44
countdown = 3
acceptance = 1-t/T
run = 1
range, goal_bias, max_states_failed, temp_change_factor, min_temperature, init_temperature, frountier_threshold, frountierNodeRatio, k_constant, quality:
succeeding_restarts = 0
step = [ 0.5 0.05 5 0.1 0.0999995 1 0.075 0.1 0.025 ]

planner = TRRTkConfigDefault
metric = relevancy
scene = scene_ground_with_boxes
query = RANDOM_pose45
countdown = 3
acceptance = 1-t/T
run = 1
range, goal_bias, max_states_failed, temp_change_factor, min_temperature, init_temperature, frountier_threshold, frountierNodeRatio, k_constant, quality:
succeeding_restarts = 0
step = [ 0.5 0.05 5 0.1 0.0999995 1 0.075 0.1 0.025 ]

planner = TRRTkConfigDefault
metric = relevancy
scene = scene_ground_with_boxes
query = RANDOM_pose46
countdown = 3
acceptance = 1-t/T
run = 1
range, goal_bias, max_states_failed, temp_change_factor, min_temperature, init_temperature, frountier_threshold, frountierNodeRatio, k_constant, quality:
0, 0, 0, 0.1, 1e-05, 1e-05, 0.5, 1e-05, 0, 0.0502484;
succeeding_restarts = 1
step = [ 0.5 0.05 5 0.1 0.0999995 1 0.075 0.1 0.025 ]

planner = TRRTkConfigDefault
metric = relevancy
scene = scene_ground_with_boxes
query = RANDOM_pose47
countdown = 3
acceptance = 1-t/T
run = 1
range, goal_bias, max_states_failed, temp_change_factor, min_temperature, init_temperature, frountier_threshold, frountierNodeRatio, k_constant, quality:
0.5, 0.05, 5, 0.2, 0.10001, 1.00001, 0.575, 1e-05, 0.025, 0.0331304;
succeeding_restarts = 1
step = [ 0.5 0.05 5 0.1 0.0999995 1 0.075 0.1 0.025 ]

planner = TRRTkConfigDefault
metric = relevancy
scene = scene_ground_with_boxes
query = RANDOM_pose48
countdown = 3
acceptance = 1-t/T
run = 1
range, goal_bias, max_states_failed, temp_change_factor, min_temperature, init_temperature, frountier_threshold, frountierNodeRatio, k_constant, quality:
succeeding_restarts = 0
step = [ 0.5 0.05 5 0.1 0.0999995 1 0.075 0.1 0.025 ]

planner = TRRTkConfigDefault
metric = relevancy
scene = scene_ground_with_boxes
query = RANDOM_pose49
countdown = 3
acceptance = 1-t/T
run = 1
range, goal_bias, max_states_failed, temp_change_factor, min_temperature, init_temperature, frountier_threshold, frountierNodeRatio, k_constant, quality:
succeeding_restarts = 0
step = [ 0.5 0.05 5 0.1 0.0999995 1 0.075 0.1 0.025 ]

planner = TRRTkConfigDefault
metric = relevancy
scene = scene_ground_with_boxes
query = RANDOM_pose0
countdown = 3
acceptance = 1-t/T
run = 1
range, goal_bias, max_states_failed, temp_change_factor, min_temperature, init_temperature, frountier_threshold, frountierNodeRatio, k_constant, quality:
succeeding_restarts = 0
step = [ 0.5 0.05 5 0.1 0.0999995 1 0.075 0.1 0.025 ]

planner = TRRTkConfigDefault
metric = relevancy
scene = scene_ground_with_boxes
query = RANDOM_pose1
countdown = 3
acceptance = 1-t/T
run = 1
range, goal_bias, max_states_failed, temp_change_factor, min_temperature, init_temperature, frountier_threshold, frountierNodeRatio, k_constant, quality:
0, 0, 0, 0.1, 1e-05, 1e-05, 0.5, 1e-05, 0, 0.103761;
0.5, 0.05, 5, 0.2, 0.10001, 1.00001, 0.575, 0.10001, 0.025, 0.0792001;
0, 0, 10, 0.1, 5e-07, 1e-05, 0.65, 0.20001, 0.05, 0.0928346;
0, 0, 15, 0.1, 5e-07, 1e-05, 0.65, 0.20001, 0.05, 0.0712004;
0.5, 0.05, 10, 0.1, 0.10001, 1.00001, 0.575, 0.30001, 0.075, 0.140287;
0, 0.1, 5, 0.2, 5e-07, 1.00001, 0.5, 0.20001, 0.05, 0.087572;
0, 0.05, 5, 0.2, 5e-07, 1.00001, 0.5, 0.20001, 0.05, 0.122897;
succeeding_restarts = 7
step = [ 0.5 0.05 5 0.1 0.0999995 1 0.075 0.1 0.025 ]

planner = TRRTkConfigDefault
metric = relevancy
scene = scene_ground_with_boxes
query = RANDOM_pose2
countdown = 3
acceptance = 1-t/T
run = 1
range, goal_bias, max_states_failed, temp_change_factor, min_temperature, init_temperature, frountier_threshold, frountierNodeRatio, k_constant, quality:
succeeding_restarts = 0
step = [ 0.5 0.05 5 0.1 0.0999995 1 0.075 0.1 0.025 ]

planner = TRRTkConfigDefault
metric = relevancy
scene = scene_ground_with_boxes
query = RANDOM_pose3
countdown = 3
acceptance = 1-t/T
run = 1
range, goal_bias, max_states_failed, temp_change_factor, min_temperature, init_temperature, frountier_threshold, frountierNodeRatio, k_constant, quality:
succeeding_restarts = 0
step = [ 0.5 0.05 5 0.1 0.0999995 1 0.075 0.1 0.025 ]

planner = TRRTkConfigDefault
metric = relevancy
scene = scene_ground_with_boxes
query = RANDOM_pose4
countdown = 3
acceptance = 1-t/T
run = 1
range, goal_bias, max_states_failed, temp_change_factor, min_temperature, init_temperature, frountier_threshold, frountierNodeRatio, k_constant, quality:
succeeding_restarts = 0
step = [ 0.5 0.05 5 0.1 0.0999995 1 0.075 0.1 0.025 ]

planner = TRRTkConfigDefault
metric = relevancy
scene = scene_ground_with_boxes
query = RANDOM_pose5
countdown = 3
acceptance = 1-t/T
run = 1
range, goal_bias, max_states_failed, temp_change_factor, min_temperature, init_temperature, frountier_threshold, frountierNodeRatio, k_constant, quality:
succeeding_restarts = 0
step = [ 0.5 0.05 5 0.1 0.0999995 1 0.075 0.1 0.025 ]

planner = TRRTkConfigDefault
metric = relevancy
scene = scene_ground_with_boxes
query = RANDOM_pose6
countdown = 3
acceptance = 1-t/T
run = 1
range, goal_bias, max_states_failed, temp_change_factor, min_temperature, init_temperature, frountier_threshold, frountierNodeRatio, k_constant, quality:
succeeding_restarts = 0
step = [ 0.5 0.05 5 0.1 0.0999995 1 0.075 0.1 0.025 ]

planner = TRRTkConfigDefault
metric = relevancy
scene = scene_ground_with_boxes
query = RANDOM_pose7
countdown = 3
acceptance = 1-t/T
run = 1
range, goal_bias, max_states_failed, temp_change_factor, min_temperature, init_temperature, frountier_threshold, frountierNodeRatio, k_constant, quality:
succeeding_restarts = 0
step = [ 0.5 0.05 5 0.1 0.0999995 1 0.075 0.1 0.025 ]

planner = TRRTkConfigDefault
metric = relevancy
scene = scene_ground_with_boxes
query = RANDOM_pose9
countdown = 3
acceptance = 1-t/T
run = 1
range, goal_bias, max_states_failed, temp_change_factor, min_temperature, init_temperature, frountier_threshold, frountierNodeRatio, k_constant, quality:
succeeding_restarts = 0
step = [ 0.5 0.05 5 0.1 0.0999995 1 0.075 0.1 0.025 ]

planner = TRRTkConfigDefault
metric = relevancy
scene = scene_ground_with_boxes
query = RANDOM_pose11
countdown = 3
acceptance = 1-t/T
run = 1
range, goal_bias, max_states_failed, temp_change_factor, min_temperature, init_temperature, frountier_threshold, frountierNodeRatio, k_constant, quality:
succeeding_restarts = 0
step = [ 0.5 0.05 5 0.1 0.0999995 1 0.075 0.1 0.025 ]

planner = TRRTkConfigDefault
metric = relevancy
scene = scene_ground_with_boxes
query = RANDOM_pose12
countdown = 3
acceptance = 1-t/T
run = 1
range, goal_bias, max_states_failed, temp_change_factor, min_temperature, init_temperature, frountier_threshold, frountierNodeRatio, k_constant, quality:
succeeding_restarts = 0
step = [ 0.5 0.05 5 0.1 0.0999995 1 0.075 0.1 0.025 ]

planner = TRRTkConfigDefault
metric = relevancy
scene = scene_ground_with_boxes
query = RANDOM_pose13
countdown = 3
acceptance = 1-t/T
run = 1
range, goal_bias, max_states_failed, temp_change_factor, min_temperature, init_temperature, frountier_threshold, frountierNodeRatio, k_constant, quality:
succeeding_restarts = 0
step = [ 0.5 0.05 5 0.1 0.0999995 1 0.075 0.1 0.025 ]

planner = TRRTkConfigDefault
metric = relevancy
scene = scene_ground_with_boxes
query = RANDOM_pose14
countdown = 3
acceptance = 1-t/T
run = 1
range, goal_bias, max_states_failed, temp_change_factor, min_temperature, init_temperature, frountier_threshold, frountierNodeRatio, k_constant, quality:
succeeding_restarts = 0
step = [ 0.5 0.05 5 0.1 0.0999995 1 0.075 0.1 0.025 ]

planner = TRRTkConfigDefault
metric = relevancy
scene = scene_ground_with_boxes
query = RANDOM_pose19
countdown = 3
acceptance = 1-t/T
run = 1
range, goal_bias, max_states_failed, temp_change_factor, min_temperature, init_temperature, frountier_threshold, frountierNodeRatio, k_constant, quality:
succeeding_restarts = 0
step = [ 0.5 0.05 5 0.1 0.0999995 1 0.075 0.1 0.025 ]

planner = TRRTkConfigDefault
metric = relevancy
scene = scene_ground_with_boxes
query = RANDOM_pose20
countdown = 3
acceptance = 1-t/T
run = 1
range, goal_bias, max_states_failed, temp_change_factor, min_temperature, init_temperature, frountier_threshold, frountierNodeRatio, k_constant, quality:
succeeding_restarts = 0
step = [ 0.5 0.05 5 0.1 0.0999995 1 0.075 0.1 0.025 ]

planner = TRRTkConfigDefault
metric = relevancy
scene = scene_ground_with_boxes
query = RANDOM_pose22
countdown = 3
acceptance = 1-t/T
run = 1
range, goal_bias, max_states_failed, temp_change_factor, min_temperature, init_temperature, frountier_threshold, frountierNodeRatio, k_constant, quality:
succeeding_restarts = 0
step = [ 0.5 0.05 5 0.1 0.0999995 1 0.075 0.1 0.025 ]

planner = TRRTkConfigDefault
metric = relevancy
scene = scene_ground_with_boxes
query = RANDOM_pose23
countdown = 3
acceptance = 1-t/T
run = 1
range, goal_bias, max_states_failed, temp_change_factor, min_temperature, init_temperature, frountier_threshold, frountierNodeRatio, k_constant, quality:
0, 0, 0, 0.1, 1e-05, 1e-05, 0.5, 1e-05, 0, 0.221279;
0.5, 0, 0, 0.1, 1e-05, 1.00001, 0.5, 0.10001, 0, 0.271472;
0, 0.05, 5, 0.1, 0.10001, 2.00001, 0.5, 0.10001, 0, 0.303009;
0.5, 0.05, 10, 0.1, 5e-07, 1.00001, 0.575, 0.20001, 0.025, 0.156651;
0.5, 0.05, 5, 0.1, 5e-07, 1.00001, 0.575, 0.20001, 0.025, 0.250888;
0.5, 0, 10, 0.1, 5e-07, 1e-05, 0.575, 0.10001, 0.025, 0.432102;
1, 0.05, 5, 0.2, 0.10001, -0.99999, 0.5, 1e-05, 0, 0.132014;
1, 0.05, 5, 0.2, 0.10001, 1.00001, 0.5, 0.10001, 0.025, 0.298016;
1, 0.1, 5, 0.2, 0.10001, 1.00001, 0.5, 0.10001, 0.025, 0.273003;
1, 0.05, 5, 0.1, 5e-07, 1.00001, 0.575, 0.20001, 0.025, 0.387596;
1, 0.1, 0, 0.2, 0.10001, 2.00001, 0.5, 0.20001, 0.05, 0.472851;
1, 0.1, 0, 0.3, 5e-07, 2.00001, 0.575, 0.20001, 0.05, 0.273025;
1, 0.1, 0, 0.2, 5e-07, 2.00001, 0.575, 0.20001, 0.05, 0.274344;
1.5, 0.15, 5, 0.1, 0.10001, 1.00001, 0.65, 0.10001, 0.075, 0.240541;
2, 0.15, 0, 0.2, 5e-07, 2.00001, 0.725, 0.20001, 0.05, 0.247739;
2.5, 0.2, 5, 0.1, 0.10001, 1.00001, 0.65, 0.20001, 0.025, 0.354948;
succeeding_restarts = 16
step = [ 0.5 0.05 5 0.1 0.0999995 1 0.075 0.1 0.025 ]

planner = TRRTkConfigDefault
metric = relevancy
scene = scene_ground_with_boxes
query = RANDOM_pose29
countdown = 3
acceptance = 1-t/T
run = 1
range, goal_bias, max_states_failed, temp_change_factor, min_temperature, init_temperature, frountier_threshold, frountierNodeRatio, k_constant, quality:
2, 0.25, 0, 0.2, 5e-07, 1e-05, 0.575, 0.10001, 0.05, 0.184292;
1.5, 0.25, 5, 0.3, 0.10001, 1e-05, 0.5, 0.10001, 0.05, 0.324529;
1.5, 0.25, 5, 0.2, 0.10001, 1.00001, 0.5, 0.10001, 0.05, 0.141504;
2, 0.3, 10, 0.3, 5e-07, 1e-05, 0.575, 0.10001, 0.025, 0.267385;
2, 0.35, 15, 0.3, 5e-07, 1e-05, 0.65, 1e-05, 0.025, 0.345413;
2, 0.3, 15, 0.3, 5e-07, 1e-05, 0.725, 1e-05, 6.93889e-18, 0.383872;
2, 0.3, 10, 0.4, 0.10001, 1e-05, 0.725, 1e-05, 6.93889e-18, 0.196478;
2.5, 0.3, 15, 0.4, 5e-07, 1e-05, 0.65, 0.10001, -0.025, 0.215926;
3, 0.35, 20, 0.5, 5e-07, 1e-05, 0.65, 0.20001, -0.025, 0.362635;
2.5, 0.3, 25, 0.4, 0.10001, 1.00001, 0.725, 0.30001, 0.025, 0.245576;
3, 0.35, 25, 0.3, 5e-07, 1e-05, 0.8, 0.20001, 0.025, 0.26596;
3, 0.35, 25, 0.3, 5e-07, 1.00001, 0.8, 0.20001, 0.025, 0.174589;
3.5, 0.3, 30, 0.4, 0.10001, 1e-05, 0.8, 0.30001, 0.05, 0.362567;
3.5, 0.3, 25, 0.4, 5e-07, 1e-05, 0.875, 0.30001, 0.05, 0.306481;
3.5, 0.35, 25, 0.4, 0.10001, 1e-05, 0.95, 0.40001, 0.025, 0.434973;
succeeding_restarts = 15
step = [ 0.5 0.05 5 0.1 0.0999995 1 0.075 0.1 0.025 ]

planner = TRRTkConfigDefault
metric = relevancy
scene = scene_ground_with_boxes
query = RANDOM_pose30
countdown = 3
acceptance = 1-t/T
run = 1
range, goal_bias, max_states_failed, temp_change_factor, min_temperature, init_temperature, frountier_threshold, frountierNodeRatio, k_constant, quality:
succeeding_restarts = 0
step = [ 0.5 0.05 5 0.1 0.0999995 1 0.075 0.1 0.025 ]

.