planner = RRTConnectkConfigDefault
metric = relevancy
scene = scene_ground_with_boxes
query = RANDOM_pose31
countdown = 0.001
acceptance = 1-t/T
run = 1
range, quality:
succeeding_restarts = 0
step = [ 0.5 ]

planner = RRTConnectkConfigDefault
metric = relevancy
scene = scene_ground_with_boxes
query = RANDOM_pose31
countdown = 0.001
acceptance = 1-t/T
run = 2
range, quality:
succeeding_restarts = 0
step = [ 0.5 ]

planner = RRTConnectkConfigDefault
metric = relevancy
scene = scene_ground_with_boxes
query = RANDOM_pose35
countdown = 0.001
acceptance = 1-t/T
run = 1
range, quality:
succeeding_restarts = 0
step = [ 0.5 ]

planner = RRTConnectkConfigDefault
metric = relevancy
scene = scene_ground_with_boxes
query = RANDOM_pose35
countdown = 0.001
acceptance = 1-t/T
run = 2
range, quality:
succeeding_restarts = 0
step = [ 0.5 ]

planner = RRTConnectkConfigDefault
metric = relevancy
scene = scene_ground_with_boxes
query = RANDOM_pose36
countdown = 0.001
acceptance = 1-t/T
run = 1
range, quality:
succeeding_restarts = 0
step = [ 0.5 ]

planner = RRTConnectkConfigDefault
metric = relevancy
scene = scene_ground_with_boxes
query = RANDOM_pose36
countdown = 0.001
acceptance = 1-t/T
run = 2
range, quality:
succeeding_restarts = 0
step = [ 0.5 ]

planner = RRTConnectkConfigDefault
metric = relevancy
scene = scene_ground_with_boxes
query = RANDOM_pose37
countdown = 0.001
acceptance = 1-t/T
run = 1
range, quality:
succeeding_restarts = 0
step = [ 0.5 ]

planner = RRTConnectkConfigDefault
metric = relevancy
scene = scene_ground_with_boxes
query = RANDOM_pose37
countdown = 0.001
acceptance = 1-t/T
run = 2
range, quality:
succeeding_restarts = 0
step = [ 0.5 ]

planner = RRTConnectkConfigDefault
metric = relevancy
scene = scene_ground_with_boxes
query = RANDOM_pose38
countdown = 0.001
acceptance = 1-t/T
run = 1
range, quality:
succeeding_restarts = 0
step = [ 0.5 ]

planner = RRTConnectkConfigDefault
metric = relevancy
scene = scene_ground_with_boxes
query = RANDOM_pose38
countdown = 0.001
acceptance = 1-t/T
run = 2
range, quality:
succeeding_restarts = 0
step = [ 0.5 ]

planner = RRTConnectkConfigDefault
metric = relevancy
scene = scene_ground_with_boxes
query = RANDOM_pose42
countdown = 0.001
acceptance = 1-t/T
run = 1
range, quality:
succeeding_restarts = 0
step = [ 0.5 ]

planner = RRTConnectkConfigDefault
metric = relevancy
scene = scene_ground_with_boxes
query = RANDOM_pose42
countdown = 0.001
acceptance = 1-t/T
run = 2
range, quality:
succeeding_restarts = 0
step = [ 0.5 ]

planner = RRTConnectkConfigDefault
metric = relevancy
scene = scene_ground_with_boxes
query = RANDOM_pose8
countdown = 0.001
acceptance = 1-t/T
run = 1
range, quality:
succeeding_restarts = 0
step = [ 0.5 ]

planner = RRTConnectkConfigDefault
metric = relevancy
scene = scene_ground_with_boxes
query = RANDOM_pose8
countdown = 0.001
acceptance = 1-t/T
run = 2
range, quality:
succeeding_restarts = 0
step = [ 0.5 ]

planner = RRTConnectkConfigDefault
metric = relevancy
scene = scene_ground_with_boxes
query = RANDOM_pose10
countdown = 0.001
acceptance = 1-t/T
run = 1
range, quality:
succeeding_restarts = 0
step = [ 0.5 ]

planner = RRTConnectkConfigDefault
metric = relevancy
scene = scene_ground_with_boxes
query = RANDOM_pose10
countdown = 0.001
acceptance = 1-t/T
run = 2
range, quality:
succeeding_restarts = 0
step = [ 0.5 ]

planner = RRTConnectkConfigDefault
metric = relevancy
scene = scene_ground_with_boxes
query = RANDOM_pose15
countdown = 0.001
acceptance = 1-t/T
run = 1
range, quality:
succeeding_restarts = 0
step = [ 0.5 ]

planner = RRTConnectkConfigDefault
metric = relevancy
scene = scene_ground_with_boxes
query = RANDOM_pose15
countdown = 0.001
acceptance = 1-t/T
run = 2
range, quality:
succeeding_restarts = 0
step = [ 0.5 ]

planner = RRTConnectkConfigDefault
metric = relevancy
scene = scene_ground_with_boxes
query = RANDOM_pose16
countdown = 0.001
acceptance = 1-t/T
run = 1
range, quality:
succeeding_restarts = 0
step = [ 0.5 ]

planner = RRTConnectkConfigDefault
metric = relevancy
scene = scene_ground_with_boxes
query = RANDOM_pose16
countdown = 0.001
acceptance = 1-t/T
run = 2
range, quality:
succeeding_restarts = 0
step = [ 0.5 ]

planner = RRTConnectkConfigDefault
metric = relevancy
scene = scene_ground_with_boxes
query = RANDOM_pose17
countdown = 0.001
acceptance = 1-t/T
run = 1
range, quality:
succeeding_restarts = 0
step = [ 0.5 ]

planner = RRTConnectkConfigDefault
metric = relevancy
scene = scene_ground_with_boxes
query = RANDOM_pose17
countdown = 0.001
acceptance = 1-t/T
run = 2
range, quality:
succeeding_restarts = 0
step = [ 0.5 ]

planner = RRTConnectkConfigDefault
metric = relevancy
scene = scene_ground_with_boxes
query = RANDOM_pose18
countdown = 0.001
acceptance = 1-t/T
run = 1
range, quality:
succeeding_restarts = 0
step = [ 0.5 ]

planner = RRTConnectkConfigDefault
metric = relevancy
scene = scene_ground_with_boxes
query = RANDOM_pose18
countdown = 0.001
acceptance = 1-t/T
run = 2
range, quality:
succeeding_restarts = 0
step = [ 0.5 ]

planner = RRTConnectkConfigDefault
metric = relevancy
scene = scene_ground_with_boxes
query = RANDOM_pose21
countdown = 0.001
acceptance = 1-t/T
run = 1
range, quality:
succeeding_restarts = 0
step = [ 0.5 ]

planner = RRTConnectkConfigDefault
metric = relevancy
scene = scene_ground_with_boxes
query = RANDOM_pose21
countdown = 0.001
acceptance = 1-t/T
run = 2
range, quality:
succeeding_restarts = 0
step = [ 0.5 ]

planner = RRTConnectkConfigDefault
metric = relevancy
scene = scene_ground_with_boxes
query = RANDOM_pose24
countdown = 0.001
acceptance = 1-t/T
run = 1
range, quality:
succeeding_restarts = 0
step = [ 0.5 ]

planner = RRTConnectkConfigDefault
metric = relevancy
scene = scene_ground_with_boxes
query = RANDOM_pose24
countdown = 0.001
acceptance = 1-t/T
run = 2
range, quality:
succeeding_restarts = 0
step = [ 0.5 ]

planner = RRTConnectkConfigDefault
metric = relevancy
scene = scene_ground_with_boxes
query = RANDOM_pose25
countdown = 0.001
acceptance = 1-t/T
run = 1
range, quality:
succeeding_restarts = 0
step = [ 0.5 ]

planner = RRTConnectkConfigDefault
metric = relevancy
scene = scene_ground_with_boxes
query = RANDOM_pose25
countdown = 0.001
acceptance = 1-t/T
run = 2
range, quality:
succeeding_restarts = 0
step = [ 0.5 ]

planner = RRTConnectkConfigDefault
metric = relevancy
scene = scene_ground_with_boxes
query = RANDOM_pose26
countdown = 0.001
acceptance = 1-t/T
run = 1
range, quality:
succeeding_restarts = 0
step = [ 0.5 ]

planner = RRTConnectkConfigDefault
metric = relevancy
scene = scene_ground_with_boxes
query = RANDOM_pose26
countdown = 0.001
acceptance = 1-t/T
run = 2
range, quality:
succeeding_restarts = 0
step = [ 0.5 ]

planner = RRTConnectkConfigDefault
metric = relevancy
scene = scene_ground_with_boxes
query = RANDOM_pose27
countdown = 0.001
acceptance = 1-t/T
run = 1
range, quality:
succeeding_restarts = 0
step = [ 0.5 ]

planner = RRTConnectkConfigDefault
metric = relevancy
scene = scene_ground_with_boxes
query = RANDOM_pose27
countdown = 0.001
acceptance = 1-t/T
run = 2
range, quality:
succeeding_restarts = 0
step = [ 0.5 ]

planner = RRTConnectkConfigDefault
metric = relevancy
scene = scene_ground_with_boxes
query = RANDOM_pose28
countdown = 0.001
acceptance = 1-t/T
run = 1
range, quality:
succeeding_restarts = 0
step = [ 0.5 ]

planner = RRTConnectkConfigDefault
metric = relevancy
scene = scene_ground_with_boxes
query = RANDOM_pose28
countdown = 0.001
acceptance = 1-t/T
run = 2
range, quality:
succeeding_restarts = 0
step = [ 0.5 ]

planner = RRTConnectkConfigDefault
metric = relevancy
scene = scene_ground_with_boxes
query = RANDOM_pose32
countdown = 0.001
acceptance = 1-t/T
run = 1
range, quality:
succeeding_restarts = 0
step = [ 0.5 ]

planner = RRTConnectkConfigDefault
metric = relevancy
scene = scene_ground_with_boxes
query = RANDOM_pose32
countdown = 0.001
acceptance = 1-t/T
run = 2
range, quality:
succeeding_restarts = 0
step = [ 0.5 ]

planner = RRTConnectkConfigDefault
metric = relevancy
scene = scene_ground_with_boxes
query = RANDOM_pose33
countdown = 0.001
acceptance = 1-t/T
run = 1
range, quality:
succeeding_restarts = 0
step = [ 0.5 ]

planner = RRTConnectkConfigDefault
metric = relevancy
scene = scene_ground_with_boxes
query = RANDOM_pose33
countdown = 0.001
acceptance = 1-t/T
run = 2
range, quality:
succeeding_restarts = 0
step = [ 0.5 ]

planner = RRTConnectkConfigDefault
metric = relevancy
scene = scene_ground_with_boxes
query = RANDOM_pose34
countdown = 0.001
acceptance = 1-t/T
run = 1
range, quality:
succeeding_restarts = 0
step = [ 0.5 ]

planner = RRTConnectkConfigDefault
metric = relevancy
scene = scene_ground_with_boxes
query = RANDOM_pose34
countdown = 0.001
acceptance = 1-t/T
run = 2
range, quality:
succeeding_restarts = 0
step = [ 0.5 ]

planner = RRTConnectkConfigDefault
metric = relevancy
scene = scene_ground_with_boxes
query = RANDOM_pose39
countdown = 0.001
acceptance = 1-t/T
run = 1
range, quality:
succeeding_restarts = 0
step = [ 0.5 ]

planner = RRTConnectkConfigDefault
metric = relevancy
scene = scene_ground_with_boxes
query = RANDOM_pose39
countdown = 0.001
acceptance = 1-t/T
run = 2
range, quality:
succeeding_restarts = 0
step = [ 0.5 ]

planner = RRTConnectkConfigDefault
metric = relevancy
scene = scene_ground_with_boxes
query = RANDOM_pose40
countdown = 0.001
acceptance = 1-t/T
run = 1
range, quality:
succeeding_restarts = 0
step = [ 0.5 ]

planner = RRTConnectkConfigDefault
metric = relevancy
scene = scene_ground_with_boxes
query = RANDOM_pose40
countdown = 0.001
acceptance = 1-t/T
run = 2
range, quality:
succeeding_restarts = 0
step = [ 0.5 ]

planner = RRTConnectkConfigDefault
metric = relevancy
scene = scene_ground_with_boxes
query = RANDOM_pose41
countdown = 0.001
acceptance = 1-t/T
run = 1
range, quality:
succeeding_restarts = 0
step = [ 0.5 ]

planner = RRTConnectkConfigDefault
metric = relevancy
scene = scene_ground_with_boxes
query = RANDOM_pose41
countdown = 0.001
acceptance = 1-t/T
run = 2
range, quality:
succeeding_restarts = 0
step = [ 0.5 ]

planner = RRTConnectkConfigDefault
metric = relevancy
scene = scene_ground_with_boxes
query = RANDOM_pose43
countdown = 0.001
acceptance = 1-t/T
run = 1
range, quality:
succeeding_restarts = 0
step = [ 0.5 ]

planner = RRTConnectkConfigDefault
metric = relevancy
scene = scene_ground_with_boxes
query = RANDOM_pose43
countdown = 0.001
acceptance = 1-t/T
run = 2
range, quality:
succeeding_restarts = 0
step = [ 0.5 ]

planner = RRTConnectkConfigDefault
metric = relevancy
scene = scene_ground_with_boxes
query = RANDOM_pose44
countdown = 0.001
acceptance = 1-t/T
run = 1
range, quality:
succeeding_restarts = 0
step = [ 0.5 ]

planner = RRTConnectkConfigDefault
metric = relevancy
scene = scene_ground_with_boxes
query = RANDOM_pose44
countdown = 0.001
acceptance = 1-t/T
run = 2
range, quality:
succeeding_restarts = 0
step = [ 0.5 ]

planner = RRTConnectkConfigDefault
metric = relevancy
scene = scene_ground_with_boxes
query = RANDOM_pose45
countdown = 0.001
acceptance = 1-t/T
run = 1
range, quality:
succeeding_restarts = 0
step = [ 0.5 ]

planner = RRTConnectkConfigDefault
metric = relevancy
scene = scene_ground_with_boxes
query = RANDOM_pose45
countdown = 0.001
acceptance = 1-t/T
run = 2
range, quality:
succeeding_restarts = 0
step = [ 0.5 ]

planner = RRTConnectkConfigDefault
metric = relevancy
scene = scene_ground_with_boxes
query = RANDOM_pose46
countdown = 0.001
acceptance = 1-t/T
run = 1
range, quality:
succeeding_restarts = 0
step = [ 0.5 ]

planner = RRTConnectkConfigDefault
metric = relevancy
scene = scene_ground_with_boxes
query = RANDOM_pose46
countdown = 0.001
acceptance = 1-t/T
run = 2
range, quality:
succeeding_restarts = 0
step = [ 0.5 ]

planner = RRTConnectkConfigDefault
metric = relevancy
scene = scene_ground_with_boxes
query = RANDOM_pose47
countdown = 0.001
acceptance = 1-t/T
run = 1
range, quality:
succeeding_restarts = 0
step = [ 0.5 ]

planner = RRTConnectkConfigDefault
metric = relevancy
scene = scene_ground_with_boxes
query = RANDOM_pose47
countdown = 0.001
acceptance = 1-t/T
run = 2
range, quality:
succeeding_restarts = 0
step = [ 0.5 ]

planner = RRTConnectkConfigDefault
metric = relevancy
scene = scene_ground_with_boxes
query = RANDOM_pose48
countdown = 0.001
acceptance = 1-t/T
run = 1
range, quality:
succeeding_restarts = 0
step = [ 0.5 ]

planner = RRTConnectkConfigDefault
metric = relevancy
scene = scene_ground_with_boxes
query = RANDOM_pose48
countdown = 0.001
acceptance = 1-t/T
run = 2
range, quality:
succeeding_restarts = 0
step = [ 0.5 ]

planner = RRTConnectkConfigDefault
metric = relevancy
scene = scene_ground_with_boxes
query = RANDOM_pose49
countdown = 0.001
acceptance = 1-t/T
run = 1
range, quality:
succeeding_restarts = 0
step = [ 0.5 ]

planner = RRTConnectkConfigDefault
metric = relevancy
scene = scene_ground_with_boxes
query = RANDOM_pose49
countdown = 0.001
acceptance = 1-t/T
run = 2
range, quality:
succeeding_restarts = 0
step = [ 0.5 ]

planner = RRTConnectkConfigDefault
metric = relevancy
scene = scene_ground_with_boxes
query = RANDOM_pose0
countdown = 0.001
acceptance = 1-t/T
run = 1
range, quality:
succeeding_restarts = 0
step = [ 0.5 ]

planner = RRTConnectkConfigDefault
metric = relevancy
scene = scene_ground_with_boxes
query = RANDOM_pose0
countdown = 0.001
acceptance = 1-t/T
run = 2
range, quality:
succeeding_restarts = 0
step = [ 0.5 ]

planner = RRTConnectkConfigDefault
metric = relevancy
scene = scene_ground_with_boxes
query = RANDOM_pose1
countdown = 0.001
acceptance = 1-t/T
run = 1
range, quality:
succeeding_restarts = 0
step = [ 0.5 ]

planner = RRTConnectkConfigDefault
metric = relevancy
scene = scene_ground_with_boxes
query = RANDOM_pose1
countdown = 0.001
acceptance = 1-t/T
run = 2
range, quality:
succeeding_restarts = 0
step = [ 0.5 ]

planner = RRTConnectkConfigDefault
metric = relevancy
scene = scene_ground_with_boxes
query = RANDOM_pose2
countdown = 0.001
acceptance = 1-t/T
run = 1
range, quality:
succeeding_restarts = 0
step = [ 0.5 ]

planner = RRTConnectkConfigDefault
metric = relevancy
scene = scene_ground_with_boxes
query = RANDOM_pose2
countdown = 0.001
acceptance = 1-t/T
run = 2
range, quality:
succeeding_restarts = 0
step = [ 0.5 ]

planner = RRTConnectkConfigDefault
metric = relevancy
scene = scene_ground_with_boxes
query = RANDOM_pose3
countdown = 0.001
acceptance = 1-t/T
run = 1
range, quality:
succeeding_restarts = 0
step = [ 0.5 ]

planner = RRTConnectkConfigDefault
metric = relevancy
scene = scene_ground_with_boxes
query = RANDOM_pose3
countdown = 0.001
acceptance = 1-t/T
run = 2
range, quality:
succeeding_restarts = 0
step = [ 0.5 ]

planner = RRTConnectkConfigDefault
metric = relevancy
scene = scene_ground_with_boxes
query = RANDOM_pose4
countdown = 0.001
acceptance = 1-t/T
run = 1
range, quality:
succeeding_restarts = 0
step = [ 0.5 ]

planner = RRTConnectkConfigDefault
metric = relevancy
scene = scene_ground_with_boxes
query = RANDOM_pose4
countdown = 0.001
acceptance = 1-t/T
run = 2
range, quality:
succeeding_restarts = 0
step = [ 0.5 ]

planner = RRTConnectkConfigDefault
metric = relevancy
scene = scene_ground_with_boxes
query = RANDOM_pose5
countdown = 0.001
acceptance = 1-t/T
run = 1
range, quality:
succeeding_restarts = 0
step = [ 0.5 ]

planner = RRTConnectkConfigDefault
metric = relevancy
scene = scene_ground_with_boxes
query = RANDOM_pose5
countdown = 0.001
acceptance = 1-t/T
run = 2
range, quality:
succeeding_restarts = 0
step = [ 0.5 ]

planner = RRTConnectkConfigDefault
metric = relevancy
scene = scene_ground_with_boxes
query = RANDOM_pose6
countdown = 0.001
acceptance = 1-t/T
run = 1
range, quality:
succeeding_restarts = 0
step = [ 0.5 ]

planner = RRTConnectkConfigDefault
metric = relevancy
scene = scene_ground_with_boxes
query = RANDOM_pose6
countdown = 0.001
acceptance = 1-t/T
run = 2
range, quality:
succeeding_restarts = 0
step = [ 0.5 ]

planner = RRTConnectkConfigDefault
metric = relevancy
scene = scene_ground_with_boxes
query = RANDOM_pose7
countdown = 0.001
acceptance = 1-t/T
run = 1
range, quality:
succeeding_restarts = 0
step = [ 0.5 ]

planner = RRTConnectkConfigDefault
metric = relevancy
scene = scene_ground_with_boxes
query = RANDOM_pose7
countdown = 0.001
acceptance = 1-t/T
run = 2
range, quality:
succeeding_restarts = 0
step = [ 0.5 ]

planner = RRTConnectkConfigDefault
metric = relevancy
scene = scene_ground_with_boxes
query = RANDOM_pose9
countdown = 0.001
acceptance = 1-t/T
run = 1
range, quality:
succeeding_restarts = 0
step = [ 0.5 ]

planner = RRTConnectkConfigDefault
metric = relevancy
scene = scene_ground_with_boxes
query = RANDOM_pose9
countdown = 0.001
acceptance = 1-t/T
run = 2
range, quality:
succeeding_restarts = 0
step = [ 0.5 ]

planner = RRTConnectkConfigDefault
metric = relevancy
scene = scene_ground_with_boxes
query = RANDOM_pose11
countdown = 0.001
acceptance = 1-t/T
run = 1
range, quality:
succeeding_restarts = 0
step = [ 0.5 ]

planner = RRTConnectkConfigDefault
metric = relevancy
scene = scene_ground_with_boxes
query = RANDOM_pose11
countdown = 0.001
acceptance = 1-t/T
run = 2
range, quality:
succeeding_restarts = 0
step = [ 0.5 ]

planner = RRTConnectkConfigDefault
metric = relevancy
scene = scene_ground_with_boxes
query = RANDOM_pose12
countdown = 0.001
acceptance = 1-t/T
run = 1
range, quality:
succeeding_restarts = 0
step = [ 0.5 ]

planner = RRTConnectkConfigDefault
metric = relevancy
scene = scene_ground_with_boxes
query = RANDOM_pose12
countdown = 0.001
acceptance = 1-t/T
run = 2
range, quality:
succeeding_restarts = 0
step = [ 0.5 ]

planner = RRTConnectkConfigDefault
metric = relevancy
scene = scene_ground_with_boxes
query = RANDOM_pose13
countdown = 0.001
acceptance = 1-t/T
run = 1
range, quality:
succeeding_restarts = 0
step = [ 0.5 ]

planner = RRTConnectkConfigDefault
metric = relevancy
scene = scene_ground_with_boxes
query = RANDOM_pose13
countdown = 0.001
acceptance = 1-t/T
run = 2
range, quality:
succeeding_restarts = 0
step = [ 0.5 ]

planner = RRTConnectkConfigDefault
metric = relevancy
scene = scene_ground_with_boxes
query = RANDOM_pose14
countdown = 0.001
acceptance = 1-t/T
run = 1
range, quality:
succeeding_restarts = 0
step = [ 0.5 ]

planner = RRTConnectkConfigDefault
metric = relevancy
scene = scene_ground_with_boxes
query = RANDOM_pose14
countdown = 0.001
acceptance = 1-t/T
run = 2
range, quality:
succeeding_restarts = 0
step = [ 0.5 ]

planner = RRTConnectkConfigDefault
metric = relevancy
scene = scene_ground_with_boxes
query = RANDOM_pose19
countdown = 0.001
acceptance = 1-t/T
run = 1
range, quality:
succeeding_restarts = 0
step = [ 0.5 ]

planner = RRTConnectkConfigDefault
metric = relevancy
scene = scene_ground_with_boxes
query = RANDOM_pose19
countdown = 0.001
acceptance = 1-t/T
run = 2
range, quality:
succeeding_restarts = 0
step = [ 0.5 ]

planner = RRTConnectkConfigDefault
metric = relevancy
scene = scene_ground_with_boxes
query = RANDOM_pose20
countdown = 0.001
acceptance = 1-t/T
run = 1
range, quality:
succeeding_restarts = 0
step = [ 0.5 ]

planner = RRTConnectkConfigDefault
metric = relevancy
scene = scene_ground_with_boxes
query = RANDOM_pose20
countdown = 0.001
acceptance = 1-t/T
run = 2
range, quality:
succeeding_restarts = 0
step = [ 0.5 ]

planner = RRTConnectkConfigDefault
metric = relevancy
scene = scene_ground_with_boxes
query = RANDOM_pose22
countdown = 0.001
acceptance = 1-t/T
run = 1
range, quality:
succeeding_restarts = 0
step = [ 0.5 ]

planner = RRTConnectkConfigDefault
metric = relevancy
scene = scene_ground_with_boxes
query = RANDOM_pose22
countdown = 0.001
acceptance = 1-t/T
run = 2
range, quality:
succeeding_restarts = 0
step = [ 0.5 ]

planner = RRTConnectkConfigDefault
metric = relevancy
scene = scene_ground_with_boxes
query = RANDOM_pose23
countdown = 0.001
acceptance = 1-t/T
run = 1
range, quality:
succeeding_restarts = 0
step = [ 0.5 ]

planner = RRTConnectkConfigDefault
metric = relevancy
scene = scene_ground_with_boxes
query = RANDOM_pose23
countdown = 0.001
acceptance = 1-t/T
run = 2
range, quality:
succeeding_restarts = 0
step = [ 0.5 ]

planner = RRTConnectkConfigDefault
metric = relevancy
scene = scene_ground_with_boxes
query = RANDOM_pose29
countdown = 0.001
acceptance = 1-t/T
run = 1
range, quality:
succeeding_restarts = 0
step = [ 0.5 ]

planner = RRTConnectkConfigDefault
metric = relevancy
scene = scene_ground_with_boxes
query = RANDOM_pose29
countdown = 0.001
acceptance = 1-t/T
run = 2
range, quality:
succeeding_restarts = 0
step = [ 0.5 ]

planner = RRTConnectkConfigDefault
metric = relevancy
scene = scene_ground_with_boxes
query = RANDOM_pose30
countdown = 0.001
acceptance = 1-t/T
run = 1
range, quality:
succeeding_restarts = 0
step = [ 0.5 ]

planner = RRTConnectkConfigDefault
metric = relevancy
scene = scene_ground_with_boxes
query = RANDOM_pose30
countdown = 0.001
acceptance = 1-t/T
run = 2
range, quality:
succeeding_restarts = 0
step = [ 0.5 ]

planner = RRTConnectkConfigDefault
metric = relevancy
scene = scene_ground_with_boxes
query = RANDOM_pose31
countdown = 2.001
acceptance = 1-t/T
run = 1
range, quality:
succeeding_restarts = 0
step = [ 0.5 ]

planner = RRTConnectkConfigDefault
metric = relevancy
scene = scene_ground_with_boxes
query = RANDOM_pose31
countdown = 2.001
acceptance = 1-t/T
run = 2
range, quality:
succeeding_restarts = 0
step = [ 0.5 ]

planner = RRTConnectkConfigDefault
metric = relevancy
scene = scene_ground_with_boxes
query = RANDOM_pose35
countdown = 2.001
acceptance = 1-t/T
run = 1
range, quality:
0, 0.575031;
0.5, 0.156169;
0, 0.480872;
0.5, 0.603376;
succeeding_restarts = 4
step = [ 0.5 ]

planner = RRTConnectkConfigDefault
metric = relevancy
scene = scene_ground_with_boxes
query = RANDOM_pose35
countdown = 2.001
acceptance = 1-t/T
run = 2
range, quality:
0, 0.23622;
0.5, 0.28652;
succeeding_restarts = 2
step = [ 0.5 ]

planner = RRTConnectkConfigDefault
metric = relevancy
scene = scene_ground_with_boxes
query = RANDOM_pose36
countdown = 2.001
acceptance = 1-t/T
run = 1
range, quality:
succeeding_restarts = 0
step = [ 0.5 ]

planner = RRTConnectkConfigDefault
metric = relevancy
scene = scene_ground_with_boxes
query = RANDOM_pose36
countdown = 2.001
acceptance = 1-t/T
run = 2
range, quality:
succeeding_restarts = 0
step = [ 0.5 ]

planner = RRTConnectkConfigDefault
metric = relevancy
scene = scene_ground_with_boxes
query = RANDOM_pose37
countdown = 2.001
acceptance = 1-t/T
run = 1
range, quality:
0, 0.139745;
0.5, 0.120585;
succeeding_restarts = 2
step = [ 0.5 ]

planner = RRTConnectkConfigDefault
metric = relevancy
scene = scene_ground_with_boxes
query = RANDOM_pose37
countdown = 2.001
acceptance = 1-t/T
run = 2
range, quality:
0, 0.216474;
0.5, 0.138221;
0, 0.174495;
succeeding_restarts = 3
step = [ 0.5 ]

planner = RRTConnectkConfigDefault
metric = relevancy
scene = scene_ground_with_boxes
query = RANDOM_pose38
countdown = 2.001
acceptance = 1-t/T
run = 1
range, quality:
0, 0.0831139;
0.5, 0.0996356;
succeeding_restarts = 2
step = [ 0.5 ]

planner = RRTConnectkConfigDefault
metric = relevancy
scene = scene_ground_with_boxes
query = RANDOM_pose38
countdown = 2.001
acceptance = 1-t/T
run = 2
range, quality:
0, 0.0430671;
0.5, 0.117101;
0, 0.102272;
succeeding_restarts = 3
step = [ 0.5 ]

planner = RRTConnectkConfigDefault
metric = relevancy
scene = scene_ground_with_boxes
query = RANDOM_pose42
countdown = 2.001
acceptance = 1-t/T
run = 1
range, quality:
0, 0.103855;
0.5, 0.177516;
1, 0.197139;
succeeding_restarts = 3
step = [ 0.5 ]

planner = RRTConnectkConfigDefault
metric = relevancy
scene = scene_ground_with_boxes
query = RANDOM_pose42
countdown = 2.001
acceptance = 1-t/T
run = 2
range, quality:
0, 0.110375;
0.5, 0.190205;
0, 0.0855296;
succeeding_restarts = 3
step = [ 0.5 ]

planner = RRTConnectkConfigDefault
metric = relevancy
scene = scene_ground_with_boxes
query = RANDOM_pose8
countdown = 2.001
acceptance = 1-t/T
run = 1
range, quality:
succeeding_restarts = 0
step = [ 0.5 ]

planner = RRTConnectkConfigDefault
metric = relevancy
scene = scene_ground_with_boxes
query = RANDOM_pose8
countdown = 2.001
acceptance = 1-t/T
run = 2
range, quality:
succeeding_restarts = 0
step = [ 0.5 ]

planner = RRTConnectkConfigDefault
metric = relevancy
scene = scene_ground_with_boxes
query = RANDOM_pose10
countdown = 2.001
acceptance = 1-t/T
run = 1
range, quality:
succeeding_restarts = 0
step = [ 0.5 ]

planner = RRTConnectkConfigDefault
metric = relevancy
scene = scene_ground_with_boxes
query = RANDOM_pose10
countdown = 2.001
acceptance = 1-t/T
run = 2
range, quality:
succeeding_restarts = 0
step = [ 0.5 ]

planner = RRTConnectkConfigDefault
metric = relevancy
scene = scene_ground_with_boxes
query = RANDOM_pose15
countdown = 2.001
acceptance = 1-t/T
run = 1
range, quality:
0, 0.104818;
0.5, 0.214552;
1, 0.149833;
1.5, 0.441554;
succeeding_restarts = 4
step = [ 0.5 ]

planner = RRTConnectkConfigDefault
metric = relevancy
scene = scene_ground_with_boxes
query = RANDOM_pose15
countdown = 2.001
acceptance = 1-t/T
run = 2
range, quality:
0, 0.318576;
0.5, 0.0972127;
1, 0.159892;
1.5, 0.385059;
1, 0.42261;
1.5, 0.609467;
succeeding_restarts = 6
step = [ 0.5 ]

planner = RRTConnectkConfigDefault
metric = relevancy
scene = scene_ground_with_boxes
query = RANDOM_pose16
countdown = 2.001
acceptance = 1-t/T
run = 1
range, quality:
0, 0.407922;
0.5, 0.398404;
0, 0.387135;
0.5, 0.536014;
1, 0.627083;
1.5, 0.486975;
2, 0.24122;
1.5, 0.431055;
1, 0.192661;
1.5, 0.69813;
1, 0.259421;
0.5, 0.661413;
succeeding_restarts = 12
step = [ 0.5 ]

planner = RRTConnectkConfigDefault
metric = relevancy
scene = scene_ground_with_boxes
query = RANDOM_pose16
countdown = 2.001
acceptance = 1-t/T
run = 2
range, quality:
0, 0.392162;
0.5, 0.478001;
1, 0.120768;
0.5, 0.238844;
0, 0.331036;
0.5, 0.517177;
1, 0.573482;
0.5, 0.304816;
1, 0.541341;
succeeding_restarts = 9
step = [ 0.5 ]

planner = RRTConnectkConfigDefault
metric = relevancy
scene = scene_ground_with_boxes
query = RANDOM_pose17
countdown = 2.001
acceptance = 1-t/T
run = 1
range, quality:
0, 0.161817;
0.5, 0.226238;
succeeding_restarts = 2
step = [ 0.5 ]

planner = RRTConnectkConfigDefault
metric = relevancy
scene = scene_ground_with_boxes
query = RANDOM_pose17
countdown = 2.001
acceptance = 1-t/T
run = 2
range, quality:
0, 0.18859;
0.5, 0.181356;
0, 0.180556;
0.5, 0.359288;
succeeding_restarts = 4
step = [ 0.5 ]

planner = RRTConnectkConfigDefault
metric = relevancy
scene = scene_ground_with_boxes
query = RANDOM_pose18
countdown = 2.001
acceptance = 1-t/T
run = 1
range, quality:
succeeding_restarts = 0
step = [ 0.5 ]

planner = RRTConnectkConfigDefault
metric = relevancy
scene = scene_ground_with_boxes
query = RANDOM_pose18
countdown = 2.001
acceptance = 1-t/T
run = 2
range, quality:
succeeding_restarts = 0
step = [ 0.5 ]

planner = RRTConnectkConfigDefault
metric = relevancy
scene = scene_ground_with_boxes
query = RANDOM_pose21
countdown = 2.001
acceptance = 1-t/T
run = 1
range, quality:
succeeding_restarts = 0
step = [ 0.5 ]

planner = RRTConnectkConfigDefault
metric = relevancy
scene = scene_ground_with_boxes
query = RANDOM_pose21
countdown = 2.001
acceptance = 1-t/T
run = 2
range, quality:
succeeding_restarts = 0
step = [ 0.5 ]

planner = RRTConnectkConfigDefault
metric = relevancy
scene = scene_ground_with_boxes
query = RANDOM_pose24
countdown = 2.001
acceptance = 1-t/T
run = 1
range, quality:
0, 0.250759;
0.5, 0.390919;
1, 0.103235;
0.5, 0.443887;
1, 0.482643;
succeeding_restarts = 5
step = [ 0.5 ]

planner = RRTConnectkConfigDefault
metric = relevancy
scene = scene_ground_with_boxes
query = RANDOM_pose24
countdown = 2.001
acceptance = 1-t/T
run = 2
range, quality:
0, 0.822702;
0.5, 0.390426;
0, 0.388055;
0.5, 0.174659;
1, 0.297916;
1.5, 0.497269;
succeeding_restarts = 6
step = [ 0.5 ]

planner = RRTConnectkConfigDefault
metric = relevancy
scene = scene_ground_with_boxes
query = RANDOM_pose25
countdown = 2.001
acceptance = 1-t/T
run = 1
range, quality:
succeeding_restarts = 0
step = [ 0.5 ]

planner = RRTConnectkConfigDefault
metric = relevancy
scene = scene_ground_with_boxes
query = RANDOM_pose25
countdown = 2.001
acceptance = 1-t/T
run = 2
range, quality:
succeeding_restarts = 0
step = [ 0.5 ]

planner = RRTConnectkConfigDefault
metric = relevancy
scene = scene_ground_with_boxes
query = RANDOM_pose26
countdown = 2.001
acceptance = 1-t/T
run = 1
range, quality:
succeeding_restarts = 0
step = [ 0.5 ]

planner = RRTConnectkConfigDefault
metric = relevancy
scene = scene_ground_with_boxes
query = RANDOM_pose26
countdown = 2.001
acceptance = 1-t/T
run = 2
range, quality:
succeeding_restarts = 0
step = [ 0.5 ]

planner = RRTConnectkConfigDefault
metric = relevancy
scene = scene_ground_with_boxes
query = RANDOM_pose27
countdown = 2.001
acceptance = 1-t/T
run = 1
range, quality:
0, 0.287941;
0.5, 0.474875;
1, 0.500891;
0.5, 0.29642;
0, 0.354211;
0.5, 0.446178;
0, 0.190364;
0.5, 0.682453;
1, 0.383403;
0.5, 0.501502;
1, 0.56224;
1.5, 0.269321;
1, 0.545499;
1.5, 0.549068;
2, 0.573877;
2.5, 0.624014;
2, 0.776361;
succeeding_restarts = 17
step = [ 0.5 ]

planner = RRTConnectkConfigDefault
metric = relevancy
scene = scene_ground_with_boxes
query = RANDOM_pose27
countdown = 2.001
acceptance = 1-t/T
run = 2
range, quality:
0, 0.291891;
0.5, 0.396809;
0, 0.17254;
0.5, 0.565377;
1, 0.539569;
1.5, 0.41091;
1, 0.344586;
1.5, 0.502757;
2, 0.302462;
2.5, 0.384435;
2, 0.670846;
2.5, 0.252826;
2, 0.327616;
1.5, 0.439567;
1, 0.358003;
1.5, 0.409575;
2, 0.344251;
1.5, 0.437918;
1, 0.514733;
1.5, 0.535029;
2, 0.639541;
succeeding_restarts = 21
step = [ 0.5 ]

planner = RRTConnectkConfigDefault
metric = relevancy
scene = scene_ground_with_boxes
query = RANDOM_pose28
countdown = 2.001
acceptance = 1-t/T
run = 1
range, quality:
succeeding_restarts = 0
step = [ 0.5 ]

planner = RRTConnectkConfigDefault
metric = relevancy
scene = scene_ground_with_boxes
query = RANDOM_pose28
countdown = 2.001
acceptance = 1-t/T
run = 2
range, quality:
succeeding_restarts = 0
step = [ 0.5 ]

planner = RRTConnectkConfigDefault
metric = relevancy
scene = scene_ground_with_boxes
query = RANDOM_pose32
countdown = 2.001
acceptance = 1-t/T
run = 1
range, quality:
succeeding_restarts = 0
step = [ 0.5 ]

planner = RRTConnectkConfigDefault
metric = relevancy
scene = scene_ground_with_boxes
query = RANDOM_pose32
countdown = 2.001
acceptance = 1-t/T
run = 2
range, quality:
succeeding_restarts = 0
step = [ 0.5 ]

planner = RRTConnectkConfigDefault
metric = relevancy
scene = scene_ground_with_boxes
query = RANDOM_pose33
countdown = 2.001
acceptance = 1-t/T
run = 1
range, quality:
0, 0.114665;
0.5, 0.160098;
0, 0.180245;
0.5, 0.351219;
succeeding_restarts = 4
step = [ 0.5 ]

planner = RRTConnectkConfigDefault
metric = relevancy
scene = scene_ground_with_boxes
query = RANDOM_pose33
countdown = 2.001
acceptance = 1-t/T
run = 2
range, quality:
0, 0.203983;
0.5, 0.0649086;
1, 0.139765;
1.5, 0.155108;
succeeding_restarts = 4
step = [ 0.5 ]

planner = RRTConnectkConfigDefault
metric = relevancy
scene = scene_ground_with_boxes
query = RANDOM_pose34
countdown = 2.001
acceptance = 1-t/T
run = 1
range, quality:
succeeding_restarts = 0
step = [ 0.5 ]

planner = RRTConnectkConfigDefault
metric = relevancy
scene = scene_ground_with_boxes
query = RANDOM_pose34
countdown = 2.001
acceptance = 1-t/T
run = 2
range, quality:
succeeding_restarts = 0
step = [ 0.5 ]

planner = RRTConnectkConfigDefault
metric = relevancy
scene = scene_ground_with_boxes
query = RANDOM_pose39
countdown = 2.001
acceptance = 1-t/T
run = 1
range, quality:
succeeding_restarts = 0
step = [ 0.5 ]

planner = RRTConnectkConfigDefault
metric = relevancy
scene = scene_ground_with_boxes
query = RANDOM_pose39
countdown = 2.001
acceptance = 1-t/T
run = 2
range, quality:
succeeding_restarts = 0
step = [ 0.5 ]

planner = RRTConnectkConfigDefault
metric = relevancy
scene = scene_ground_with_boxes
query = RANDOM_pose40
countdown = 2.001
acceptance = 1-t/T
run = 1
range, quality:
succeeding_restarts = 0
step = [ 0.5 ]

planner = RRTConnectkConfigDefault
metric = relevancy
scene = scene_ground_with_boxes
query = RANDOM_pose40
countdown = 2.001
acceptance = 1-t/T
run = 2
range, quality:
succeeding_restarts = 0
step = [ 0.5 ]

planner = RRTConnectkConfigDefault
metric = relevancy
scene = scene_ground_with_boxes
query = RANDOM_pose41
countdown = 2.001
acceptance = 1-t/T
run = 1
range, quality:
0, 0.187065;
0.5, 0.270741;
0, 0.177567;
0.5, 0.353143;
succeeding_restarts = 4
step = [ 0.5 ]

planner = RRTConnectkConfigDefault
metric = relevancy
scene = scene_ground_with_boxes
query = RANDOM_pose41
countdown = 2.001
acceptance = 1-t/T
run = 2
range, quality:
0, 0.430838;
0.5, 0.571282;
1, 0.290642;
1.5, 0.320471;
2, 0.293458;
2.5, 0.317505;
succeeding_restarts = 6
step = [ 0.5 ]

planner = RRTConnectkConfigDefault
metric = relevancy
scene = scene_ground_with_boxes
query = RANDOM_pose43
countdown = 2.001
acceptance = 1-t/T
run = 1
range, quality:
succeeding_restarts = 0
step = [ 0.5 ]

planner = RRTConnectkConfigDefault
metric = relevancy
scene = scene_ground_with_boxes
query = RANDOM_pose43
countdown = 2.001
acceptance = 1-t/T
run = 2
range, quality:
succeeding_restarts = 0
step = [ 0.5 ]

planner = RRTConnectkConfigDefault
metric = relevancy
scene = scene_ground_with_boxes
query = RANDOM_pose44
countdown = 2.001
acceptance = 1-t/T
run = 1
range, quality:
succeeding_restarts = 0
step = [ 0.5 ]

planner = RRTConnectkConfigDefault
metric = relevancy
scene = scene_ground_with_boxes
query = RANDOM_pose44
countdown = 2.001
acceptance = 1-t/T
run = 2
range, quality:
succeeding_restarts = 0
step = [ 0.5 ]

planner = RRTConnectkConfigDefault
metric = relevancy
scene = scene_ground_with_boxes
query = RANDOM_pose45
countdown = 2.001
acceptance = 1-t/T
run = 1
range, quality:
succeeding_restarts = 0
step = [ 0.5 ]

planner = RRTConnectkConfigDefault
metric = relevancy
scene = scene_ground_with_boxes
query = RANDOM_pose45
countdown = 2.001
acceptance = 1-t/T
run = 2
range, quality:
succeeding_restarts = 0
step = [ 0.5 ]

planner = RRTConnectkConfigDefault
metric = relevancy
scene = scene_ground_with_boxes
query = RANDOM_pose46
countdown = 2.001
acceptance = 1-t/T
run = 1
range, quality:
0, 0.199191;
0.5, 0.336624;
1, 0.153775;
1.5, 0.186124;
2, 0.167728;
2.5, 0.323616;
3, 0.549362;
succeeding_restarts = 7
step = [ 0.5 ]

planner = RRTConnectkConfigDefault
metric = relevancy
scene = scene_ground_with_boxes
query = RANDOM_pose46
countdown = 2.001
acceptance = 1-t/T
run = 2
range, quality:
0, 0.251387;
0.5, 0.215094;
0, 0.20667;
0.5, 0.254052;
1, 0.293716;
1.5, 0.0738499;
2, 0.276886;
succeeding_restarts = 7
step = [ 0.5 ]

planner = RRTConnectkConfigDefault
metric = relevancy
scene = scene_ground_with_boxes
query = RANDOM_pose47
countdown = 2.001
acceptance = 1-t/T
run = 1
range, quality:
0, 0.0787219;
succeeding_restarts = 1
step = [ 0.5 ]

planner = RRTConnectkConfigDefault
metric = relevancy
scene = scene_ground_with_boxes
query = RANDOM_pose47
countdown = 2.001
acceptance = 1-t/T
run = 2
range, quality:
0, 0.137754;
succeeding_restarts = 1
step = [ 0.5 ]

planner = RRTConnectkConfigDefault
metric = relevancy
scene = scene_ground_with_boxes
query = RANDOM_pose48
countdown = 2.001
acceptance = 1-t/T
run = 1
range, quality:
succeeding_restarts = 0
step = [ 0.5 ]

planner = RRTConnectkConfigDefault
metric = relevancy
scene = scene_ground_with_boxes
query = RANDOM_pose48
countdown = 2.001
acceptance = 1-t/T
run = 2
range, quality:
succeeding_restarts = 0
step = [ 0.5 ]

planner = RRTConnectkConfigDefault
metric = relevancy
scene = scene_ground_with_boxes
query = RANDOM_pose49
countdown = 2.001
acceptance = 1-t/T
run = 1
range, quality:
succeeding_restarts = 0
step = [ 0.5 ]

planner = RRTConnectkConfigDefault
metric = relevancy
scene = scene_ground_with_boxes
query = RANDOM_pose49
countdown = 2.001
acceptance = 1-t/T
run = 2
range, quality:
succeeding_restarts = 0
step = [ 0.5 ]

planner = RRTConnectkConfigDefault
metric = relevancy
scene = scene_ground_with_boxes
query = RANDOM_pose0
countdown = 2.001
acceptance = 1-t/T
run = 1
range, quality:
succeeding_restarts = 0
step = [ 0.5 ]

planner = RRTConnectkConfigDefault
metric = relevancy
scene = scene_ground_with_boxes
query = RANDOM_pose0
countdown = 2.001
acceptance = 1-t/T
run = 2
range, quality:
succeeding_restarts = 0
step = [ 0.5 ]

planner = RRTConnectkConfigDefault
metric = relevancy
scene = scene_ground_with_boxes
query = RANDOM_pose1
countdown = 2.001
acceptance = 1-t/T
run = 1
range, quality:
0, 0.262573;
0.5, 0.356533;
0, 0.120733;
0.5, 0.129092;
1, 0.188755;
succeeding_restarts = 5
step = [ 0.5 ]

planner = RRTConnectkConfigDefault
metric = relevancy
scene = scene_ground_with_boxes
query = RANDOM_pose1
countdown = 2.001
acceptance = 1-t/T
run = 2
range, quality:
0, 0.279489;
0.5, 0.454296;
1, 0.256257;
succeeding_restarts = 3
step = [ 0.5 ]

planner = RRTConnectkConfigDefault
metric = relevancy
scene = scene_ground_with_boxes
query = RANDOM_pose2
countdown = 2.001
acceptance = 1-t/T
run = 1
range, quality:
succeeding_restarts = 0
step = [ 0.5 ]

planner = RRTConnectkConfigDefault
metric = relevancy
scene = scene_ground_with_boxes
query = RANDOM_pose2
countdown = 2.001
acceptance = 1-t/T
run = 2
range, quality:
succeeding_restarts = 0
step = [ 0.5 ]

planner = RRTConnectkConfigDefault
metric = relevancy
scene = scene_ground_with_boxes
query = RANDOM_pose3
countdown = 2.001
acceptance = 1-t/T
run = 1
range, quality:
succeeding_restarts = 0
step = [ 0.5 ]

planner = RRTConnectkConfigDefault
metric = relevancy
scene = scene_ground_with_boxes
query = RANDOM_pose3
countdown = 2.001
acceptance = 1-t/T
run = 2
range, quality:
succeeding_restarts = 0
step = [ 0.5 ]

planner = RRTConnectkConfigDefault
metric = relevancy
scene = scene_ground_with_boxes
query = RANDOM_pose4
countdown = 2.001
acceptance = 1-t/T
run = 1
range, quality:
succeeding_restarts = 0
step = [ 0.5 ]

planner = RRTConnectkConfigDefault
metric = relevancy
scene = scene_ground_with_boxes
query = RANDOM_pose4
countdown = 2.001
acceptance = 1-t/T
run = 2
range, quality:
succeeding_restarts = 0
step = [ 0.5 ]

planner = RRTConnectkConfigDefault
metric = relevancy
scene = scene_ground_with_boxes
query = RANDOM_pose5
countdown = 2.001
acceptance = 1-t/T
run = 1
range, quality:
succeeding_restarts = 0
step = [ 0.5 ]

planner = RRTConnectkConfigDefault
metric = relevancy
scene = scene_ground_with_boxes
query = RANDOM_pose5
countdown = 2.001
acceptance = 1-t/T
run = 2
range, quality:
succeeding_restarts = 0
step = [ 0.5 ]

planner = RRTConnectkConfigDefault
metric = relevancy
scene = scene_ground_with_boxes
query = RANDOM_pose6
countdown = 2.001
acceptance = 1-t/T
run = 1
range, quality:
succeeding_restarts = 0
step = [ 0.5 ]

planner = RRTConnectkConfigDefault
metric = relevancy
scene = scene_ground_with_boxes
query = RANDOM_pose6
countdown = 2.001
acceptance = 1-t/T
run = 2
range, quality:
succeeding_restarts = 0
step = [ 0.5 ]

planner = RRTConnectkConfigDefault
metric = relevancy
scene = scene_ground_with_boxes
query = RANDOM_pose7
countdown = 2.001
acceptance = 1-t/T
run = 1
range, quality:
succeeding_restarts = 0
step = [ 0.5 ]

planner = RRTConnectkConfigDefault
metric = relevancy
scene = scene_ground_with_boxes
query = RANDOM_pose7
countdown = 2.001
acceptance = 1-t/T
run = 2
range, quality:
succeeding_restarts = 0
step = [ 0.5 ]

planner = RRTConnectkConfigDefault
metric = relevancy
scene = scene_ground_with_boxes
query = RANDOM_pose9
countdown = 2.001
acceptance = 1-t/T
run = 1
range, quality:
succeeding_restarts = 0
step = [ 0.5 ]

planner = RRTConnectkConfigDefault
metric = relevancy
scene = scene_ground_with_boxes
query = RANDOM_pose9
countdown = 2.001
acceptance = 1-t/T
run = 2
range, quality:
succeeding_restarts = 0
step = [ 0.5 ]

planner = RRTConnectkConfigDefault
metric = relevancy
scene = scene_ground_with_boxes
query = RANDOM_pose11
countdown = 2.001
acceptance = 1-t/T
run = 1
range, quality:
succeeding_restarts = 0
step = [ 0.5 ]

planner = RRTConnectkConfigDefault
metric = relevancy
scene = scene_ground_with_boxes
query = RANDOM_pose11
countdown = 2.001
acceptance = 1-t/T
run = 2
range, quality:
succeeding_restarts = 0
step = [ 0.5 ]

planner = RRTConnectkConfigDefault
metric = relevancy
scene = scene_ground_with_boxes
query = RANDOM_pose12
countdown = 2.001
acceptance = 1-t/T
run = 1
range, quality:
succeeding_restarts = 0
step = [ 0.5 ]

planner = RRTConnectkConfigDefault
metric = relevancy
scene = scene_ground_with_boxes
query = RANDOM_pose12
countdown = 2.001
acceptance = 1-t/T
run = 2
range, quality:
succeeding_restarts = 0
step = [ 0.5 ]

planner = RRTConnectkConfigDefault
metric = relevancy
scene = scene_ground_with_boxes
query = RANDOM_pose13
countdown = 2.001
acceptance = 1-t/T
run = 1
range, quality:
succeeding_restarts = 0
step = [ 0.5 ]

planner = RRTConnectkConfigDefault
metric = relevancy
scene = scene_ground_with_boxes
query = RANDOM_pose13
countdown = 2.001
acceptance = 1-t/T
run = 2
range, quality:
succeeding_restarts = 0
step = [ 0.5 ]

planner = RRTConnectkConfigDefault
metric = relevancy
scene = scene_ground_with_boxes
query = RANDOM_pose14
countdown = 2.001
acceptance = 1-t/T
run = 1
range, quality:
succeeding_restarts = 0
step = [ 0.5 ]

planner = RRTConnectkConfigDefault
metric = relevancy
scene = scene_ground_with_boxes
query = RANDOM_pose14
countdown = 2.001
acceptance = 1-t/T
run = 2
range, quality:
succeeding_restarts = 0
step = [ 0.5 ]

planner = RRTConnectkConfigDefault
metric = relevancy
scene = scene_ground_with_boxes
query = RANDOM_pose19
countdown = 2.001
acceptance = 1-t/T
run = 1
range, quality:
succeeding_restarts = 0
step = [ 0.5 ]

planner = RRTConnectkConfigDefault
metric = relevancy
scene = scene_ground_with_boxes
query = RANDOM_pose19
countdown = 2.001
acceptance = 1-t/T
run = 2
range, quality:
succeeding_restarts = 0
step = [ 0.5 ]

planner = RRTConnectkConfigDefault
metric = relevancy
scene = scene_ground_with_boxes
query = RANDOM_pose20
countdown = 2.001
acceptance = 1-t/T
run = 1
range, quality:
0, 0.0520392;
0.5, 0.0740743;
succeeding_restarts = 2
step = [ 0.5 ]

planner = RRTConnectkConfigDefault
metric = relevancy
scene = scene_ground_with_boxes
query = RANDOM_pose20
countdown = 2.001
acceptance = 1-t/T
run = 2
range, quality:
0, 0.0383081;
0.5, 0.046809;
0, 0.0539328;
0.5, 0.0755778;
succeeding_restarts = 4
step = [ 0.5 ]

planner = RRTConnectkConfigDefault
metric = relevancy
scene = scene_ground_with_boxes
query = RANDOM_pose22
countdown = 2.001
acceptance = 1-t/T
run = 1
range, quality:
succeeding_restarts = 0
step = [ 0.5 ]

planner = RRTConnectkConfigDefault
metric = relevancy
scene = scene_ground_with_boxes
query = RANDOM_pose22
countdown = 2.001
acceptance = 1-t/T
run = 2
range, quality:
succeeding_restarts = 0
step = [ 0.5 ]

planner = RRTConnectkConfigDefault
metric = relevancy
scene = scene_ground_with_boxes
query = RANDOM_pose23
countdown = 2.001
acceptance = 1-t/T
run = 1
range, quality:
0, 0.392731;
0.5, 0.396198;
0, 0.43507;
0.5, 0.422202;
1, 0.502839;
1.5, 0.393183;
1, 0.539262;
1.5, 0.380967;
1, 0.43178;
1.5, 0.286579;
1, 0.186526;
1.5, 0.361472;
2, 0.361733;
2.5, 0.495518;
2, 0.338582;
1.5, 0.411321;
2, 0.415783;
2.5, 0.389861;
2, 0.557595;
succeeding_restarts = 19
step = [ 0.5 ]

planner = RRTConnectkConfigDefault
metric = relevancy
scene = scene_ground_with_boxes
query = RANDOM_pose23
countdown = 2.001
acceptance = 1-t/T
run = 2
range, quality:
0, 0.47816;
0.5, 0.338745;
0, 0.433613;
0.5, 0.25364;
0, 0.376712;
0.5, 0.360383;
0, 0.355226;
0.5, 0.411153;
0, 0.313361;
0.5, 0.438456;
0, 0.363415;
0.5, 0.178746;
1, 0.213058;
0.5, 0.346598;
1, 0.251485;
1.5, 0.441306;
1, 0.486085;
0.5, 0.56678;
1, 0.377954;
1.5, 0.236307;
2, 0.270891;
2.5, 0.497484;
3, 0.645699;
succeeding_restarts = 23
step = [ 0.5 ]

planner = RRTConnectkConfigDefault
metric = relevancy
scene = scene_ground_with_boxes
query = RANDOM_pose29
countdown = 2.001
acceptance = 1-t/T
run = 1
range, quality:
0, 0.605032;
0.5, 0.861534;
1, 0.820557;
1.5, 0.708029;
2, 0.73716;
1.5, 0.669518;
1, 0.830718;
1.5, 0.636585;
1, 0.436707;
1.5, 0.792081;
2, 0.921878;
2.5, 0.316584;
3, 0.412887;
2.5, 0.513161;
3, 0.656643;
3.5, 0.917728;
4, 0.937428;
4.5, 0.562409;
4, 0.819611;
succeeding_restarts = 19
step = [ 0.5 ]

planner = RRTConnectkConfigDefault
metric = relevancy
scene = scene_ground_with_boxes
query = RANDOM_pose29
countdown = 2.001
acceptance = 1-t/T
run = 2
range, quality:
0, 0.578935;
0.5, 0.61881;
0, 0.642627;
0.5, 0.68844;
1, 0.700312;
0.5, 0.707568;
0, 0.648489;
0.5, 0.395094;
0, 0.795122;
0.5, 0.445157;
1, 0.522486;
0.5, 0.573258;
0, 0.498884;
0.5, 0.706371;
0, 0.604258;
0.5, 0.606744;
0, 0.79658;
0.5, 0.659829;
0, 0.784604;
0.5, 0.855015;
1, 0.696844;
1.5, 0.787615;
succeeding_restarts = 22
step = [ 0.5 ]

planner = RRTConnectkConfigDefault
metric = relevancy
scene = scene_ground_with_boxes
query = RANDOM_pose30
countdown = 2.001
acceptance = 1-t/T
run = 1
range, quality:
succeeding_restarts = 0
step = [ 0.5 ]

planner = RRTConnectkConfigDefault
metric = relevancy
scene = scene_ground_with_boxes
query = RANDOM_pose30
countdown = 2.001
acceptance = 1-t/T
run = 2
range, quality:
succeeding_restarts = 0
step = [ 0.5 ]

..