planner = RRTkConfigDefault
metric = relevancy
scene = scene_ground_with_boxes
query = RANDOM_pose31
countdown = 3
acceptance = 1-t/T
run = 1
range, goal_bias, quality:
succeeding_restarts = 0
step = [ 0.5 0.05 ]

planner = RRTkConfigDefault
metric = relevancy
scene = scene_ground_with_boxes
query = RANDOM_pose35
countdown = 3
acceptance = 1-t/T
run = 1
range, goal_bias, quality:
succeeding_restarts = 0
step = [ 0.5 0.05 ]

planner = RRTkConfigDefault
metric = relevancy
scene = scene_ground_with_boxes
query = RANDOM_pose36
countdown = 3
acceptance = 1-t/T
run = 1
range, goal_bias, quality:
succeeding_restarts = 0
step = [ 0.5 0.05 ]

planner = RRTkConfigDefault
metric = relevancy
scene = scene_ground_with_boxes
query = RANDOM_pose37
countdown = 3
acceptance = 1-t/T
run = 1
range, goal_bias, quality:
1e-05, 0.01, 0.0783744;
succeeding_restarts = 1
step = [ 0.5 0.05 ]

planner = RRTkConfigDefault
metric = relevancy
scene = scene_ground_with_boxes
query = RANDOM_pose38
countdown = 3
acceptance = 1-t/T
run = 1
range, goal_bias, quality:
0.50001, 0.01, 0.103324;
succeeding_restarts = 1
step = [ 0.5 0.05 ]

planner = RRTkConfigDefault
metric = relevancy
scene = scene_ground_with_boxes
query = RANDOM_pose42
countdown = 3
acceptance = 1-t/T
run = 1
range, goal_bias, quality:
1.00001, 0.06, 0.0832005;
1.00001, 0.01, 0.083338;
succeeding_restarts = 2
step = [ 0.5 0.05 ]

planner = RRTkConfigDefault
metric = relevancy
scene = scene_ground_with_boxes
query = RANDOM_pose8
countdown = 3
acceptance = 1-t/T
run = 1
range, goal_bias, quality:
succeeding_restarts = 0
step = [ 0.5 0.05 ]

planner = RRTkConfigDefault
metric = relevancy
scene = scene_ground_with_boxes
query = RANDOM_pose10
countdown = 3
acceptance = 1-t/T
run = 1
range, goal_bias, quality:
succeeding_restarts = 0
step = [ 0.5 0.05 ]

planner = RRTkConfigDefault
metric = relevancy
scene = scene_ground_with_boxes
query = RANDOM_pose15
countdown = 3
acceptance = 1-t/T
run = 1
range, goal_bias, quality:
1e-05, 0.01, 0.0605662;
0.50001, 0.06, 0.172934;
succeeding_restarts = 2
step = [ 0.5 0.05 ]

planner = RRTkConfigDefault
metric = relevancy
scene = scene_ground_with_boxes
query = RANDOM_pose16
countdown = 3
acceptance = 1-t/T
run = 1
range, goal_bias, quality:
succeeding_restarts = 0
step = [ 0.5 0.05 ]

planner = RRTkConfigDefault
metric = relevancy
scene = scene_ground_with_boxes
query = RANDOM_pose17
countdown = 3
acceptance = 1-t/T
run = 1
range, goal_bias, quality:
1e-05, 0.01, 0.143825;
1e-05, 0.06, 0.169098;
0.50001, 0.01, 0.312845;
1e-05, 0.01, 0.252481;
0.50001, 0.06, 0.30732;
succeeding_restarts = 5
step = [ 0.5 0.05 ]

planner = RRTkConfigDefault
metric = relevancy
scene = scene_ground_with_boxes
query = RANDOM_pose18
countdown = 3
acceptance = 1-t/T
run = 1
range, goal_bias, quality:
succeeding_restarts = 0
step = [ 0.5 0.05 ]

planner = RRTkConfigDefault
metric = relevancy
scene = scene_ground_with_boxes
query = RANDOM_pose21
countdown = 3
acceptance = 1-t/T
run = 1
range, goal_bias, quality:
succeeding_restarts = 0
step = [ 0.5 0.05 ]

planner = RRTkConfigDefault
metric = relevancy
scene = scene_ground_with_boxes
query = RANDOM_pose24
countdown = 3
acceptance = 1-t/T
run = 1
range, goal_bias, quality:
1e-05, 0.01, 0.359871;
0.50001, 0.06, 0.374595;
succeeding_restarts = 2
step = [ 0.5 0.05 ]

planner = RRTkConfigDefault
metric = relevancy
scene = scene_ground_with_boxes
query = RANDOM_pose25
countdown = 3
acceptance = 1-t/T
run = 1
range, goal_bias, quality:
succeeding_restarts = 0
step = [ 0.5 0.05 ]

planner = RRTkConfigDefault
metric = relevancy
scene = scene_ground_with_boxes
query = RANDOM_pose26
countdown = 3
acceptance = 1-t/T
run = 1
range, goal_bias, quality:
succeeding_restarts = 0
step = [ 0.5 0.05 ]

planner = RRTkConfigDefault
metric = relevancy
scene = scene_ground_with_boxes
query = RANDOM_pose27
countdown = 3
acceptance = 1-t/T
run = 1
range, goal_bias, quality:
1e-05, 0.01, 0.370977;
0.50001, 0.06, 0.447544;
0.50001, 0.01, 0.35401;
0.50001, -0.04, 0.420461;
0.50001, 0.06, 0.339439;
0.50001, 0.01, 0.357887;
0.50001, 0.06, 0.613372;
0.50001, 0.01, 0.18974;
0.50001, -0.04, 0.274304;
0.50001, 0.06, 0.278047;
1.00001, 0.06, 0.404267;
1.00001, 0.11, 0.754972;
1.00001, 0.06, 0.254314;
1.50001, 0.01, 0.695879;
2.00001, -0.04, 0.207894;
1.50001, 0.06, 0.585209;
2.00001, 0.06, 0.208707;
1.50001, 0.06, 0.362984;
2.00001, 0.11, 0.501902;
1.50001, 0.06, 0.603371;
2.00001, 0.01, 0.837698;
1.50001, 0.06, 0.228162;
1.50001, 0.11, 0.322282;
1.50001, 0.06, 0.637952;
2.00001, 0.11, 0.585209;
succeeding_restarts = 25
step = [ 0.5 0.05 ]

planner = RRTkConfigDefault
metric = relevancy
scene = scene_ground_with_boxes
query = RANDOM_pose28
countdown = 3
acceptance = 1-t/T
run = 1
range, goal_bias, quality:
succeeding_restarts = 0
step = [ 0.5 0.05 ]

planner = RRTkConfigDefault
metric = relevancy
scene = scene_ground_with_boxes
query = RANDOM_pose32
countdown = 3
acceptance = 1-t/T
run = 1
range, goal_bias, quality:
succeeding_restarts = 0
step = [ 0.5 0.05 ]

planner = RRTkConfigDefault
metric = relevancy
scene = scene_ground_with_boxes
query = RANDOM_pose33
countdown = 3
acceptance = 1-t/T
run = 1
range, goal_bias, quality:
1e-05, 0.01, 0.25717;
succeeding_restarts = 1
step = [ 0.5 0.05 ]

planner = RRTkConfigDefault
metric = relevancy
scene = scene_ground_with_boxes
query = RANDOM_pose34
countdown = 3
acceptance = 1-t/T
run = 1
range, goal_bias, quality:
succeeding_restarts = 0
step = [ 0.5 0.05 ]

planner = RRTkConfigDefault
metric = relevancy
scene = scene_ground_with_boxes
query = RANDOM_pose39
countdown = 3
acceptance = 1-t/T
run = 1
range, goal_bias, quality:
succeeding_restarts = 0
step = [ 0.5 0.05 ]

planner = RRTkConfigDefault
metric = relevancy
scene = scene_ground_with_boxes
query = RANDOM_pose40
countdown = 3
acceptance = 1-t/T
run = 1
range, goal_bias, quality:
succeeding_restarts = 0
step = [ 0.5 0.05 ]

planner = RRTkConfigDefault
metric = relevancy
scene = scene_ground_with_boxes
query = RANDOM_pose41
countdown = 3
acceptance = 1-t/T
run = 1
range, goal_bias, quality:
1e-05, 0.01, 0.431045;
0.50001, 0.01, 0.466858;
1e-05, 0.06, 0.477104;
1e-05, 0.11, 0.590456;
succeeding_restarts = 4
step = [ 0.5 0.05 ]

planner = RRTkConfigDefault
metric = relevancy
scene = scene_ground_with_boxes
query = RANDOM_pose43
countdown = 3
acceptance = 1-t/T
run = 1
range, goal_bias, quality:
succeeding_restarts = 0
step = [ 0.5 0.05 ]

planner = RRTkConfigDefault
metric = relevancy
scene = scene_ground_with_boxes
query = RANDOM_pose44
countdown = 3
acceptance = 1-t/T
run = 1
range, goal_bias, quality:
succeeding_restarts = 0
step = [ 0.5 0.05 ]

planner = RRTkConfigDefault
metric = relevancy
scene = scene_ground_with_boxes
query = RANDOM_pose45
countdown = 3
acceptance = 1-t/T
run = 1
range, goal_bias, quality:
succeeding_restarts = 0
step = [ 0.5 0.05 ]

planner = RRTkConfigDefault
metric = relevancy
scene = scene_ground_with_boxes
query = RANDOM_pose46
countdown = 3
acceptance = 1-t/T
run = 1
range, goal_bias, quality:
1e-05, 0.01, 0.101896;
succeeding_restarts = 1
step = [ 0.5 0.05 ]

planner = RRTkConfigDefault
metric = relevancy
scene = scene_ground_with_boxes
query = RANDOM_pose47
countdown = 3
acceptance = 1-t/T
run = 1
range, goal_bias, quality:
0.50001, 0.06, 0.036518;
1e-05, 0.01, 0.0465209;
succeeding_restarts = 2
step = [ 0.5 0.05 ]

planner = RRTkConfigDefault
metric = relevancy
scene = scene_ground_with_boxes
query = RANDOM_pose48
countdown = 3
acceptance = 1-t/T
run = 1
range, goal_bias, quality:
succeeding_restarts = 0
step = [ 0.5 0.05 ]

planner = RRTkConfigDefault
metric = relevancy
scene = scene_ground_with_boxes
query = RANDOM_pose49
countdown = 3
acceptance = 1-t/T
run = 1
range, goal_bias, quality:
succeeding_restarts = 0
step = [ 0.5 0.05 ]

planner = RRTkConfigDefault
metric = relevancy
scene = scene_ground_with_boxes
query = RANDOM_pose0
countdown = 3
acceptance = 1-t/T
run = 1
range, goal_bias, quality:
succeeding_restarts = 0
step = [ 0.5 0.05 ]

planner = RRTkConfigDefault
metric = relevancy
scene = scene_ground_with_boxes
query = RANDOM_pose1
countdown = 3
acceptance = 1-t/T
run = 1
range, goal_bias, quality:
1e-05, 0.01, 0.118267;
0.50001, 0.06, 0.147908;
1e-05, 0.11, 0.180177;
0.50001, 0.11, 0.121448;
1e-05, 0.11, 0.279871;
succeeding_restarts = 5
step = [ 0.5 0.05 ]

planner = RRTkConfigDefault
metric = relevancy
scene = scene_ground_with_boxes
query = RANDOM_pose2
countdown = 3
acceptance = 1-t/T
run = 1
range, goal_bias, quality:
succeeding_restarts = 0
step = [ 0.5 0.05 ]

planner = RRTkConfigDefault
metric = relevancy
scene = scene_ground_with_boxes
query = RANDOM_pose3
countdown = 3
acceptance = 1-t/T
run = 1
range, goal_bias, quality:
succeeding_restarts = 0
step = [ 0.5 0.05 ]

planner = RRTkConfigDefault
metric = relevancy
scene = scene_ground_with_boxes
query = RANDOM_pose4
countdown = 3
acceptance = 1-t/T
run = 1
range, goal_bias, quality:
succeeding_restarts = 0
step = [ 0.5 0.05 ]

planner = RRTkConfigDefault
metric = relevancy
scene = scene_ground_with_boxes
query = RANDOM_pose5
countdown = 3
acceptance = 1-t/T
run = 1
range, goal_bias, quality:
succeeding_restarts = 0
step = [ 0.5 0.05 ]

planner = RRTkConfigDefault
metric = relevancy
scene = scene_ground_with_boxes
query = RANDOM_pose6
countdown = 3
acceptance = 1-t/T
run = 1
range, goal_bias, quality:
succeeding_restarts = 0
step = [ 0.5 0.05 ]

planner = RRTkConfigDefault
metric = relevancy
scene = scene_ground_with_boxes
query = RANDOM_pose7
countdown = 3
acceptance = 1-t/T
run = 1
range, goal_bias, quality:
succeeding_restarts = 0
step = [ 0.5 0.05 ]

planner = RRTkConfigDefault
metric = relevancy
scene = scene_ground_with_boxes
query = RANDOM_pose9
countdown = 3
acceptance = 1-t/T
run = 1
range, goal_bias, quality:
succeeding_restarts = 0
step = [ 0.5 0.05 ]

planner = RRTkConfigDefault
metric = relevancy
scene = scene_ground_with_boxes
query = RANDOM_pose11
countdown = 3
acceptance = 1-t/T
run = 1
range, goal_bias, quality:
succeeding_restarts = 0
step = [ 0.5 0.05 ]

planner = RRTkConfigDefault
metric = relevancy
scene = scene_ground_with_boxes
query = RANDOM_pose12
countdown = 3
acceptance = 1-t/T
run = 1
range, goal_bias, quality:
succeeding_restarts = 0
step = [ 0.5 0.05 ]

planner = RRTkConfigDefault
metric = relevancy
scene = scene_ground_with_boxes
query = RANDOM_pose13
countdown = 3
acceptance = 1-t/T
run = 1
range, goal_bias, quality:
succeeding_restarts = 0
step = [ 0.5 0.05 ]

planner = RRTkConfigDefault
metric = relevancy
scene = scene_ground_with_boxes
query = RANDOM_pose14
countdown = 3
acceptance = 1-t/T
run = 1
range, goal_bias, quality:
succeeding_restarts = 0
step = [ 0.5 0.05 ]

planner = RRTkConfigDefault
metric = relevancy
scene = scene_ground_with_boxes
query = RANDOM_pose19
countdown = 3
acceptance = 1-t/T
run = 1
range, goal_bias, quality:
succeeding_restarts = 0
step = [ 0.5 0.05 ]

planner = RRTkConfigDefault
metric = relevancy
scene = scene_ground_with_boxes
query = RANDOM_pose20
countdown = 3
acceptance = 1-t/T
run = 1
range, goal_bias, quality:
1e-05, 0.01, 0.030504;
succeeding_restarts = 1
step = [ 0.5 0.05 ]

planner = RRTkConfigDefault
metric = relevancy
scene = scene_ground_with_boxes
query = RANDOM_pose22
countdown = 3
acceptance = 1-t/T
run = 1
range, goal_bias, quality:
succeeding_restarts = 0
step = [ 0.5 0.05 ]

planner = RRTkConfigDefault
metric = relevancy
scene = scene_ground_with_boxes
query = RANDOM_pose23
countdown = 3
acceptance = 1-t/T
run = 1
range, goal_bias, quality:
1e-05, 0.01, 0.470179;
1e-05, 0.06, 0.341895;
0.50001, 0.11, 0.768889;
1e-05, 0.11, 0.824971;
0.50001, 0.11, 0.64817;
0.50001, 0.06, 0.794134;
1e-05, 0.01, 0.549426;
0.50001, 0.06, 0.768889;
1.00001, 0.06, 0.824971;
1.00001, 0.01, 0.365905;
1.00001, 0.06, 0.824971;
1.50001, 0.11, 0.768889;
1.00001, 0.11, 0.313996;
0.50001, 0.16, 0.510628;
0.50001, 0.21, 0.824971;
1e-05, 0.16, 0.768889;
1e-05, 0.11, 0.824971;
0.50001, 0.06, 0.824971;
1e-05, 0.06, 0.824971;
0.50001, 0.01, 0.569782;
1.00001, 0.06, 0.824971;
1.50001, 0.11, 0.824971;
2.00001, 0.06, 0.824971;
2.50001, 0.06, 0.824971;
succeeding_restarts = 24
step = [ 0.5 0.05 ]

planner = RRTkConfigDefault
metric = relevancy
scene = scene_ground_with_boxes
query = RANDOM_pose29
countdown = 3
acceptance = 1-t/T
run = 1
range, goal_bias, quality:
2.00001, 0.11, 1;
2.50001, 0.16, 1;
3.00001, 0.16, 1;
2.50001, 0.21, 1;
3.00001, 0.26, 0.323157;
3.00001, 0.21, 1;
3.50001, 0.26, 1;
3.00001, 0.31, 1;
2.50001, 0.26, 1;
2.50001, 0.21, 0.95693;
2.50001, 0.26, 1;
3.00001, 0.31, 1;
3.50001, 0.36, 0.477037;
3.00001, 0.36, 0.53879;
2.50001, 0.36, 1;
3.00001, 0.31, 0.661769;
2.50001, 0.31, 1;
3.00001, 0.36, 1;
3.50001, 0.36, 1;
4.00001, 0.31, 0.423496;
4.50001, 0.26, 1;
4.00001, 0.26, 1;
4.50001, 0.31, 1;
4.50001, 0.26, 1;
5.00001, 0.21, 1;
5.00001, 0.26, 0.822203;
5.50001, 0.21, 1;
5.00001, 0.16, 1;
5.50001, 0.21, 1;
6.00001, 0.26, 1;
6.00001, 0.21, 1;
6.00001, 0.26, 0.811742;
6.00001, 0.21, 1;
6.50001, 0.26, 1;
7.00001, 0.21, 1;
7.50001, 0.16, 1;
7.00001, 0.11, 0.841166;
7.50001, 0.16, 0.356132;
7.00001, 0.16, 1;
7.00001, 0.21, 1;
6.50001, 0.26, 0.711493;
7.00001, 0.31, 1;
7.00001, 0.26, 0.444536;
7.50001, 0.21, 0.775649;
7.50001, 0.26, 1;
7.50001, 0.21, 1;
7.50001, 0.16, 0.726336;
7.50001, 0.21, 1;
succeeding_restarts = 48
step = [ 0.5 0.05 ]

planner = RRTkConfigDefault
metric = relevancy
scene = scene_ground_with_boxes
query = RANDOM_pose30
countdown = 3
acceptance = 1-t/T
run = 1
range, goal_bias, quality:
succeeding_restarts = 0
step = [ 0.5 0.05 ]

.